megahit: Output directory /home/lovilitt/Genome_Analysis/analyses/03_assembly/SiteD1/ already exists, please change the parameter -o to another value to avoid overwriting.
125.0Gb memory in total.
Using: 112.828Gb.
MEGAHIT v1.1.2
--- [Wed Apr 15 23:48:53 2020] Start assembly. Number of CPU threads 2 ---
--- [Wed Apr 15 23:48:53 2020] Available memory: 134609518592, used: 121148566732
--- [Wed Apr 15 23:48:53 2020] Converting reads to binaries ---
    [read_lib_functions-inl.h  : 209]     Lib 0 (/home/lovilitt/Genome_Analysis/raw_data/DNA_trimmed/SRR4342133_1.paired.trimmed.fastq.gz,/home/lovilitt/Genome_Analysis/raw_data/DNA_trimmed/SRR4342133_2.paired.trimmed.fastq.gz): pe, 59954188 reads, 101 max length
    [utils.h                   : 126]     Real: 175.0103	user: 58.6621	sys: 7.4176	maxrss: 152816
--- [Wed Apr 15 23:51:51 2020] k list: 65,75,85,95,105 ---
--- [Wed Apr 15 23:51:51 2020] Extracting solid (k+1)-mers and building sdbg for k = 65 ---
--- [Thu Apr 16 00:43:37 2020] Assembling contigs from SdBG for k = 65 ---
--- [Thu Apr 16 01:08:46 2020] Local assembling k = 65 ---
--- [Thu Apr 16 01:40:34 2020] Extracting iterative edges from k = 65 to 75 ---
--- [Thu Apr 16 01:53:10 2020] Building graph for k = 75 ---
--- [Thu Apr 16 01:57:03 2020] Assembling contigs from SdBG for k = 75 ---
--- [Thu Apr 16 02:08:20 2020] Local assembling k = 75 ---
--- [Thu Apr 16 02:28:40 2020] Extracting iterative edges from k = 75 to 85 ---
--- [Thu Apr 16 02:38:23 2020] Building graph for k = 85 ---
--- [Thu Apr 16 02:41:19 2020] Assembling contigs from SdBG for k = 85 ---
--- [Thu Apr 16 02:51:21 2020] Local assembling k = 85 ---
--- [Thu Apr 16 03:06:11 2020] Extracting iterative edges from k = 85 to 95 ---
--- [Thu Apr 16 03:09:35 2020] Building graph for k = 95 ---
--- [Thu Apr 16 03:11:24 2020] Assembling contigs from SdBG for k = 95 ---
--- [Thu Apr 16 03:19:04 2020] Local assembling k = 95 ---
--- [Thu Apr 16 03:31:18 2020] Extracting iterative edges from k = 95 to 105 ---
--- [Thu Apr 16 03:31:22 2020] Building graph for k = 105 ---
--- [Thu Apr 16 03:32:45 2020] Assembling contigs from SdBG for k = 105 ---
--- [Thu Apr 16 03:40:10 2020] Merging to output final contigs ---
--- [STAT] 160004 contigs, total 143198302 bp, min 200 bp, max 173476 bp, avg 895 bp, N50 1143 bp
--- [Thu Apr 16 03:40:12 2020] ALL DONE. Time elapsed: 13878.712038 seconds ---
