	trimmomatic 0.36 loaded, see 'module help trimmomatic/0.36' for more information.
TrimmomaticPE: Started with arguments:
 -threads 2 -phred33 /home/lovilitt/Genome_Analysis/raw_data/RNA_untrimmed/SRR4342137.1.fastq.gz /home/lovilitt/Genome_Analysis/raw_data/RNA_untrimmed/SRR4342137.2.fastq.gz /home/lovilitt/Genome_Analysis/analyses/02_RNATrimmed/SRR4342137.1.trim_paired.fastq.qz /home/lovilitt/Genome_Analysis/analyses/02_RNATrimmed/SRR4342137.1.trim_unpaired.fastq.qz /home/lovilitt/Genome_Analysis/analyses/02_RNATrimmed/SRR4342137.2.trim_paired.fastq.qz /home/lovilitt/Genome_Analysis/analyses/02_RNATrimmed/SRR4342137.2.trim_unpaired.fastq.qz ILLUMINACLIP:/sw/apps/bioinfo/trimmomatic/0.36/rackham/adapters/TruSeq3-PE.fa:2:30:10 LEADING:3 TRAILING:3 MINLEN:50
Using PrefixPair: 'TACACTCTTTCCCTACACGACGCTCTTCCGATCT' and 'GTGACTGGAGTTCAGACGTGTGCTCTTCCGATCT'
ILLUMINACLIP: Using 1 prefix pairs, 0 forward/reverse sequences, 0 forward only sequences, 0 reverse only sequences
Exception in thread "main" java.io.FileNotFoundException: /home/lovilitt/Genome_Analysis/analyses/02_RNATrimmed/SRR4342137.1.trim_paired.fastq.qz (No such file or directory)
	at java.io.FileOutputStream.open0(Native Method)
	at java.io.FileOutputStream.open(FileOutputStream.java:270)
	at java.io.FileOutputStream.<init>(FileOutputStream.java:213)
	at java.io.FileOutputStream.<init>(FileOutputStream.java:162)
	at org.usadellab.trimmomatic.fastq.FastqSerializer.open(FastqSerializer.java:28)
	at org.usadellab.trimmomatic.TrimmomaticPE.process(TrimmomaticPE.java:288)
	at org.usadellab.trimmomatic.TrimmomaticPE.run(TrimmomaticPE.java:539)
	at org.usadellab.trimmomatic.Trimmomatic.main(Trimmomatic.java:80)
TrimmomaticPE: Started with arguments:
 -threads 2 -phred33 /home/lovilitt/Genome_Analysis/raw_data/RNA_untrimmed/SRR4342139.1.fastq.gz /home/lovilitt/Genome_Analysis/raw_data/RNA_untrimmed/SRR4342139.2.fastq.gz /home/lovilitt/Genome_Analysis/analyses/02_RNATrimmed/SRR4342139.1.trim_paired.fastq.qz /home/lovilitt/Genome_Analysis/analyses/02_RNATrimmed/SRR4342139.1.trim_unpaired.fastq.qz /home/lovilitt/Genome_Analysis/analyses/02_RNATrimmed/SRR4342139.2.trim_paired.fastq.qz /home/lovilitt/Genome_Analysis/analyses/02_RNATrimmed/SRR4342139.2.trim_unpaired.fastq.qz ILLUMINACLIP:/sw/apps/bioinfo/trimmomatic/0.36/rackham/adapters/TruSeq3-PE.fa:2:30:10 LEADING:3 TRAILING:3 MINLEN:50
Using PrefixPair: 'TACACTCTTTCCCTACACGACGCTCTTCCGATCT' and 'GTGACTGGAGTTCAGACGTGTGCTCTTCCGATCT'
ILLUMINACLIP: Using 1 prefix pairs, 0 forward/reverse sequences, 0 forward only sequences, 0 reverse only sequences
Exception in thread "main" java.io.FileNotFoundException: /home/lovilitt/Genome_Analysis/analyses/02_RNATrimmed/SRR4342139.1.trim_paired.fastq.qz (No such file or directory)
	at java.io.FileOutputStream.open0(Native Method)
	at java.io.FileOutputStream.open(FileOutputStream.java:270)
	at java.io.FileOutputStream.<init>(FileOutputStream.java:213)
	at java.io.FileOutputStream.<init>(FileOutputStream.java:162)
	at org.usadellab.trimmomatic.fastq.FastqSerializer.open(FastqSerializer.java:28)
	at org.usadellab.trimmomatic.TrimmomaticPE.process(TrimmomaticPE.java:288)
	at org.usadellab.trimmomatic.TrimmomaticPE.run(TrimmomaticPE.java:539)
	at org.usadellab.trimmomatic.Trimmomatic.main(Trimmomatic.java:80)
