125.0Gb memory in total.
Using: 112.828Gb.
MEGAHIT v1.1.2
--- [Wed Apr 15 15:42:13 2020] Start assembly. Number of CPU threads 2 ---
--- [Wed Apr 15 15:42:13 2020] Available memory: 134609518592, used: 121148566732
--- [Wed Apr 15 15:42:13 2020] Converting reads to binaries ---
    [read_lib_functions-inl.h  : 209]     Lib 0 (/home/lovilitt/Genome_Analysis/raw_data/DNA_trimmed/SRR4342129_1.paired.trimmed.fastq.gz,/home/lovilitt/Genome_Analysis/raw_data/DNA_trimmed/SRR4342129_2.paired.trimmed.fastq.gz): pe, 48110692 reads, 101 max length
    [utils.h                   : 126]     Real: 107.0621	user: 38.7269	sys: 5.3220	maxrss: 152784
--- [Wed Apr 15 15:44:03 2020] k list: 65,75,85,95,105 ---
--- [Wed Apr 15 15:44:03 2020] Extracting solid (k+1)-mers and building sdbg for k = 65 ---
--- [Wed Apr 15 16:19:32 2020] Assembling contigs from SdBG for k = 65 ---
--- [Wed Apr 15 16:41:46 2020] Local assembling k = 65 ---
--- [Wed Apr 15 17:04:24 2020] Extracting iterative edges from k = 65 to 75 ---
--- [Wed Apr 15 17:10:27 2020] Building graph for k = 75 ---
--- [Wed Apr 15 17:12:13 2020] Assembling contigs from SdBG for k = 75 ---
--- [Wed Apr 15 17:20:15 2020] Local assembling k = 75 ---
--- [Wed Apr 15 17:37:01 2020] Extracting iterative edges from k = 75 to 85 ---
--- [Wed Apr 15 17:41:10 2020] Building graph for k = 85 ---
--- [Wed Apr 15 17:42:47 2020] Assembling contigs from SdBG for k = 85 ---
--- [Wed Apr 15 17:50:25 2020] Local assembling k = 85 ---
--- [Wed Apr 15 18:07:20 2020] Extracting iterative edges from k = 85 to 95 ---
--- [Wed Apr 15 18:10:38 2020] Building graph for k = 95 ---
--- [Wed Apr 15 18:12:21 2020] Assembling contigs from SdBG for k = 95 ---
--- [Wed Apr 15 18:20:47 2020] Local assembling k = 95 ---
--- [Wed Apr 15 18:36:35 2020] Extracting iterative edges from k = 95 to 105 ---
--- [Wed Apr 15 18:36:39 2020] Building graph for k = 105 ---
--- [Wed Apr 15 18:37:37 2020] Assembling contigs from SdBG for k = 105 ---
--- [Wed Apr 15 18:44:44 2020] Merging to output final contigs ---
--- [STAT] 159944 contigs, total 118996402 bp, min 200 bp, max 128464 bp, avg 744 bp, N50 800 bp
--- [Wed Apr 15 18:44:46 2020] ALL DONE. Time elapsed: 10953.623934 seconds ---
megahit: Output directory /home/lovilitt/Genome_Analysis/analyses/03_assembly/ already exists, please change the parameter -o to another value to avoid overwriting.
