IBEININK_00001	0
IBEININK_00002	0
IBEININK_00003	0
IBEININK_00004	0
IBEININK_00005	0
IBEININK_00006	0
IBEININK_00007	0
IBEININK_00008	0
IBEININK_00009	0
IBEININK_00010	0
IBEININK_00011	0
IBEININK_00012	0
IBEININK_00013	0
IBEININK_00014	0
IBEININK_00015	0
IBEININK_00016	0
IBEININK_00017	0
IBEININK_00018	0
IBEININK_00019	0
IBEININK_00020	0
IBEININK_00021	0
IBEININK_00022	0
IBEININK_00023	0
IBEININK_00024	0
IBEININK_00025	0
IBEININK_00026	0
IBEININK_00027	0
IBEININK_00028	2
IBEININK_00029	0
IBEININK_00030	0
IBEININK_00031	0
IBEININK_00032	0
IBEININK_00033	0
IBEININK_00034	0
IBEININK_00035	0
IBEININK_00036	0
IBEININK_00037	0
IBEININK_00038	1
IBEININK_00039	0
IBEININK_00040	0
IBEININK_00041	0
IBEININK_00042	0
IBEININK_00043	0
IBEININK_00044	0
IBEININK_00045	0
IBEININK_00046	0
IBEININK_00047	0
IBEININK_00048	0
IBEININK_00049	0
IBEININK_00050	0
IBEININK_00051	0
IBEININK_00052	0
IBEININK_00053	0
IBEININK_00054	0
IBEININK_00055	0
IBEININK_00056	0
IBEININK_00057	0
IBEININK_00058	0
IBEININK_00059	0
IBEININK_00060	0
IBEININK_00061	0
IBEININK_00062	0
IBEININK_00063	0
IBEININK_00064	0
IBEININK_00065	0
IBEININK_00066	0
IBEININK_00067	0
IBEININK_00068	0
IBEININK_00069	0
IBEININK_00070	2
IBEININK_00071	0
IBEININK_00072	0
IBEININK_00073	0
IBEININK_00074	0
IBEININK_00075	3
IBEININK_00076	0
IBEININK_00077	0
IBEININK_00078	0
IBEININK_00079	0
IBEININK_00080	0
IBEININK_00081	3
IBEININK_00082	0
IBEININK_00083	0
IBEININK_00084	0
IBEININK_00085	0
IBEININK_00086	0
IBEININK_00087	0
IBEININK_00088	0
IBEININK_00089	0
IBEININK_00090	0
IBEININK_00091	0
IBEININK_00092	0
IBEININK_00093	0
IBEININK_00094	0
IBEININK_00095	0
IBEININK_00096	0
IBEININK_00097	0
IBEININK_00098	0
IBEININK_00099	0
IBEININK_00100	1
IBEININK_00101	0
IBEININK_00102	0
IBEININK_00103	0
IBEININK_00104	0
IBEININK_00106	0
IBEININK_00107	0
IBEININK_00108	0
IBEININK_00109	0
IBEININK_00110	0
IBEININK_00111	0
IBEININK_00112	0
IBEININK_00113	0
IBEININK_00114	0
IBEININK_00116	0
IBEININK_00117	1
IBEININK_00118	0
IBEININK_00119	0
IBEININK_00120	0
IBEININK_00121	0
IBEININK_00122	0
IBEININK_00123	0
IBEININK_00124	0
IBEININK_00125	0
IBEININK_00126	0
IBEININK_00127	0
IBEININK_00128	0
IBEININK_00129	0
IBEININK_00130	0
IBEININK_00131	0
IBEININK_00132	0
IBEININK_00133	0
IBEININK_00134	0
IBEININK_00135	1
IBEININK_00136	0
IBEININK_00137	0
IBEININK_00138	1
IBEININK_00139	0
IBEININK_00140	0
IBEININK_00141	0
IBEININK_00142	0
IBEININK_00143	0
IBEININK_00144	0
IBEININK_00145	0
IBEININK_00146	0
IBEININK_00147	0
IBEININK_00148	2
IBEININK_00149	0
IBEININK_00150	0
IBEININK_00151	0
IBEININK_00152	0
IBEININK_00153	0
IBEININK_00154	0
IBEININK_00155	1
IBEININK_00156	0
IBEININK_00157	1
IBEININK_00158	0
IBEININK_00159	0
IBEININK_00160	0
IBEININK_00161	0
IBEININK_00162	0
IBEININK_00163	0
IBEININK_00164	0
IBEININK_00165	0
IBEININK_00167	0
IBEININK_00168	1
IBEININK_00169	0
IBEININK_00170	0
IBEININK_00171	0
IBEININK_00172	0
IBEININK_00173	0
IBEININK_00174	0
IBEININK_00175	2
IBEININK_00176	0
IBEININK_00177	0
IBEININK_00178	0
IBEININK_00179	0
IBEININK_00180	0
IBEININK_00181	0
IBEININK_00182	0
IBEININK_00183	0
IBEININK_00184	0
IBEININK_00185	0
IBEININK_00186	0
IBEININK_00187	0
IBEININK_00188	0
IBEININK_00189	0
IBEININK_00190	2
IBEININK_00191	0
IBEININK_00192	0
IBEININK_00193	0
IBEININK_00194	0
IBEININK_00195	0
IBEININK_00196	3
IBEININK_00197	0
IBEININK_00198	0
IBEININK_00199	0
IBEININK_00200	0
IBEININK_00201	0
IBEININK_00202	0
IBEININK_00203	0
IBEININK_00204	0
IBEININK_00205	0
IBEININK_00206	0
IBEININK_00207	0
IBEININK_00208	0
IBEININK_00209	0
IBEININK_00210	0
IBEININK_00211	0
IBEININK_00212	0
IBEININK_00213	0
IBEININK_00214	0
IBEININK_00215	0
IBEININK_00216	0
IBEININK_00217	0
IBEININK_00218	0
IBEININK_00219	0
IBEININK_00220	0
IBEININK_00221	2
IBEININK_00222	0
IBEININK_00223	0
IBEININK_00224	0
IBEININK_00225	0
IBEININK_00226	0
IBEININK_00227	0
IBEININK_00231	0
IBEININK_00232	0
IBEININK_00233	0
IBEININK_00234	0
IBEININK_00235	0
IBEININK_00236	0
IBEININK_00237	0
IBEININK_00238	0
IBEININK_00239	0
IBEININK_00240	0
IBEININK_00241	0
IBEININK_00242	0
IBEININK_00243	0
IBEININK_00244	0
IBEININK_00245	0
IBEININK_00246	0
IBEININK_00247	0
IBEININK_00248	0
IBEININK_00249	0
IBEININK_00251	0
IBEININK_00252	0
IBEININK_00253	0
IBEININK_00254	0
IBEININK_00255	1
IBEININK_00256	0
IBEININK_00257	1
IBEININK_00258	0
IBEININK_00259	0
IBEININK_00260	0
IBEININK_00261	0
IBEININK_00262	0
IBEININK_00263	2
IBEININK_00264	2
IBEININK_00265	0
IBEININK_00266	0
IBEININK_00267	0
IBEININK_00268	0
IBEININK_00269	0
IBEININK_00270	0
IBEININK_00271	0
IBEININK_00272	0
IBEININK_00273	3
IBEININK_00274	0
IBEININK_00275	0
IBEININK_00276	0
IBEININK_00277	0
IBEININK_00278	0
IBEININK_00279	0
IBEININK_00280	1
IBEININK_00281	0
IBEININK_00282	0
IBEININK_00283	0
IBEININK_00284	0
IBEININK_00285	0
IBEININK_00286	0
IBEININK_00287	0
IBEININK_00288	0
IBEININK_00289	0
IBEININK_00290	0
IBEININK_00291	0
IBEININK_00292	0
IBEININK_00293	0
IBEININK_00294	0
IBEININK_00295	0
IBEININK_00296	0
IBEININK_00297	0
IBEININK_00298	0
IBEININK_00299	0
IBEININK_00300	0
IBEININK_00301	0
IBEININK_00302	0
IBEININK_00303	0
IBEININK_00304	0
IBEININK_00305	0
IBEININK_00306	0
IBEININK_00307	0
IBEININK_00308	1
IBEININK_00309	0
IBEININK_00310	2
IBEININK_00311	0
IBEININK_00312	3
IBEININK_00313	0
IBEININK_00314	0
IBEININK_00315	0
IBEININK_00316	0
IBEININK_00317	1
IBEININK_00318	0
IBEININK_00319	0
IBEININK_00320	0
IBEININK_00321	0
IBEININK_00322	3
IBEININK_00323	0
IBEININK_00324	0
IBEININK_00325	0
IBEININK_00326	0
IBEININK_00327	0
IBEININK_00328	0
IBEININK_00329	0
IBEININK_00330	0
IBEININK_00331	0
IBEININK_00332	0
IBEININK_00333	0
IBEININK_00334	0
IBEININK_00335	0
IBEININK_00336	0
IBEININK_00337	0
IBEININK_00338	0
IBEININK_00339	0
IBEININK_00340	0
IBEININK_00341	1
IBEININK_00342	2
IBEININK_00343	1
IBEININK_00344	0
IBEININK_00345	0
IBEININK_00346	0
IBEININK_00347	0
IBEININK_00348	0
IBEININK_00349	0
IBEININK_00350	0
IBEININK_00351	0
IBEININK_00352	0
IBEININK_00353	0
IBEININK_00354	0
IBEININK_00355	1
IBEININK_00356	0
IBEININK_00357	0
IBEININK_00358	0
IBEININK_00359	0
IBEININK_00360	0
IBEININK_00361	0
IBEININK_00362	0
IBEININK_00363	0
IBEININK_00364	0
IBEININK_00366	0
IBEININK_00368	0
IBEININK_00369	0
IBEININK_00370	2
IBEININK_00371	0
IBEININK_00372	0
IBEININK_00373	0
IBEININK_00374	0
IBEININK_00375	0
IBEININK_00376	0
IBEININK_00377	0
IBEININK_00378	0
IBEININK_00379	0
IBEININK_00380	0
IBEININK_00381	0
IBEININK_00382	0
IBEININK_00383	0
IBEININK_00384	0
IBEININK_00385	1
IBEININK_00386	0
IBEININK_00387	0
IBEININK_00388	0
IBEININK_00389	0
IBEININK_00390	0
IBEININK_00391	0
IBEININK_00392	0
IBEININK_00393	0
IBEININK_00394	0
IBEININK_00395	0
IBEININK_00396	0
IBEININK_00397	2
IBEININK_00398	0
IBEININK_00399	0
IBEININK_00400	0
IBEININK_00401	0
IBEININK_00402	0
IBEININK_00403	0
IBEININK_00404	0
IBEININK_00405	0
IBEININK_00406	0
IBEININK_00407	0
IBEININK_00408	0
IBEININK_00409	0
IBEININK_00410	0
IBEININK_00411	0
IBEININK_00412	0
IBEININK_00413	0
IBEININK_00414	0
IBEININK_00415	0
IBEININK_00416	0
IBEININK_00417	0
IBEININK_00418	0
IBEININK_00419	0
IBEININK_00420	1
IBEININK_00421	0
IBEININK_00422	2
IBEININK_00423	0
IBEININK_00424	1
IBEININK_00425	0
IBEININK_00426	0
IBEININK_00427	0
IBEININK_00428	0
IBEININK_00429	0
IBEININK_00430	0
IBEININK_00431	0
IBEININK_00432	0
IBEININK_00433	0
IBEININK_00434	0
IBEININK_00435	0
IBEININK_00436	0
IBEININK_00437	0
IBEININK_00438	0
IBEININK_00439	0
IBEININK_00440	0
IBEININK_00441	0
IBEININK_00442	0
IBEININK_00443	0
IBEININK_00444	2
IBEININK_00445	0
IBEININK_00446	0
IBEININK_00447	0
IBEININK_00448	0
IBEININK_00449	0
IBEININK_00450	0
IBEININK_00451	0
IBEININK_00452	0
IBEININK_00453	0
IBEININK_00454	0
IBEININK_00455	0
IBEININK_00456	0
IBEININK_00457	0
IBEININK_00458	0
IBEININK_00459	0
IBEININK_00460	4
IBEININK_00461	1
IBEININK_00462	0
IBEININK_00463	0
IBEININK_00464	0
IBEININK_00465	0
IBEININK_00466	0
IBEININK_00467	0
IBEININK_00468	0
IBEININK_00469	0
IBEININK_00470	7
IBEININK_00471	0
IBEININK_00472	0
IBEININK_00473	0
IBEININK_00474	0
IBEININK_00475	0
IBEININK_00476	0
IBEININK_00477	0
IBEININK_00478	0
IBEININK_00479	0
IBEININK_00480	0
IBEININK_00481	0
IBEININK_00482	0
IBEININK_00483	0
IBEININK_00484	0
IBEININK_00485	0
IBEININK_00486	0
IBEININK_00487	0
IBEININK_00488	0
IBEININK_00489	0
IBEININK_00490	0
IBEININK_00491	0
IBEININK_00492	7
IBEININK_00493	1
IBEININK_00494	0
IBEININK_00495	0
IBEININK_00496	0
IBEININK_00497	0
IBEININK_00498	0
IBEININK_00499	0
IBEININK_00500	0
IBEININK_00501	1
IBEININK_00502	0
IBEININK_00503	0
IBEININK_00504	0
IBEININK_00505	2
IBEININK_00506	0
IBEININK_00507	0
IBEININK_00508	0
IBEININK_00509	0
IBEININK_00510	0
IBEININK_00511	0
IBEININK_00512	0
IBEININK_00513	0
IBEININK_00514	0
IBEININK_00515	0
IBEININK_00516	0
IBEININK_00517	0
IBEININK_00518	0
IBEININK_00519	1
IBEININK_00520	0
IBEININK_00521	0
IBEININK_00522	0
IBEININK_00523	0
IBEININK_00524	1
IBEININK_00525	0
IBEININK_00526	0
IBEININK_00527	0
IBEININK_00528	0
IBEININK_00529	0
IBEININK_00530	1
IBEININK_00531	0
IBEININK_00532	0
IBEININK_00533	3
IBEININK_00534	2
IBEININK_00535	12
IBEININK_00536	6
IBEININK_00537	1
IBEININK_00538	0
IBEININK_00539	0
IBEININK_00540	0
IBEININK_00541	6
IBEININK_00542	0
IBEININK_00543	0
IBEININK_00544	0
IBEININK_00545	0
IBEININK_00546	0
IBEININK_00547	0
IBEININK_00548	0
IBEININK_00549	0
IBEININK_00550	0
IBEININK_00551	0
IBEININK_00552	2
IBEININK_00553	0
IBEININK_00554	2
IBEININK_00555	0
IBEININK_00556	0
IBEININK_00557	0
IBEININK_00558	0
IBEININK_00559	0
IBEININK_00560	0
IBEININK_00561	0
IBEININK_00562	0
IBEININK_00563	0
IBEININK_00564	1
IBEININK_00565	0
IBEININK_00566	0
IBEININK_00567	0
IBEININK_00568	3
IBEININK_00569	0
IBEININK_00570	0
IBEININK_00571	0
IBEININK_00572	2
IBEININK_00573	0
IBEININK_00574	0
IBEININK_00575	0
IBEININK_00576	0
IBEININK_00577	0
IBEININK_00578	0
IBEININK_00579	0
IBEININK_00580	0
IBEININK_00582	3
IBEININK_00584	0
IBEININK_00585	0
IBEININK_00586	3
IBEININK_00587	1
IBEININK_00588	1
IBEININK_00589	0
IBEININK_00590	0
IBEININK_00591	0
IBEININK_00592	0
IBEININK_00593	0
IBEININK_00594	0
IBEININK_00595	0
IBEININK_00596	1
IBEININK_00597	0
IBEININK_00598	0
IBEININK_00599	0
IBEININK_00600	0
IBEININK_00601	0
IBEININK_00602	0
IBEININK_00603	0
IBEININK_00604	0
IBEININK_00605	0
IBEININK_00606	0
IBEININK_00607	0
IBEININK_00608	0
IBEININK_00609	0
IBEININK_00610	0
IBEININK_00611	0
IBEININK_00612	0
IBEININK_00613	0
IBEININK_00614	0
IBEININK_00615	0
IBEININK_00616	0
IBEININK_00617	0
IBEININK_00618	0
IBEININK_00619	1
IBEININK_00620	0
IBEININK_00621	0
IBEININK_00622	1
IBEININK_00623	0
IBEININK_00624	0
IBEININK_00625	0
IBEININK_00626	1
IBEININK_00627	1
IBEININK_00628	0
IBEININK_00629	0
IBEININK_00630	0
IBEININK_00631	0
IBEININK_00632	0
IBEININK_00633	0
IBEININK_00634	0
IBEININK_00635	0
IBEININK_00637	0
IBEININK_00638	0
IBEININK_00639	0
IBEININK_00640	0
IBEININK_00641	0
IBEININK_00642	0
IBEININK_00643	0
IBEININK_00644	0
IBEININK_00645	0
IBEININK_00646	1
IBEININK_00647	0
IBEININK_00648	0
IBEININK_00649	0
IBEININK_00650	0
IBEININK_00651	0
IBEININK_00652	0
IBEININK_00653	0
IBEININK_00654	0
IBEININK_00655	0
IBEININK_00656	0
IBEININK_00657	1
IBEININK_00658	1
IBEININK_00659	0
IBEININK_00661	0
IBEININK_00662	0
IBEININK_00663	0
IBEININK_00664	0
IBEININK_00665	2
IBEININK_00666	0
IBEININK_00667	0
IBEININK_00668	0
IBEININK_00669	1
IBEININK_00670	0
IBEININK_00671	0
IBEININK_00672	2
IBEININK_00673	0
IBEININK_00674	0
IBEININK_00675	0
IBEININK_00676	0
IBEININK_00677	0
IBEININK_00678	2
IBEININK_00679	0
IBEININK_00680	0
IBEININK_00681	0
IBEININK_00682	0
IBEININK_00683	0
IBEININK_00684	0
IBEININK_00685	0
IBEININK_00686	0
IBEININK_00687	0
IBEININK_00688	0
IBEININK_00689	0
IBEININK_00690	2
IBEININK_00691	0
IBEININK_00692	0
IBEININK_00693	0
IBEININK_00694	0
IBEININK_00695	0
IBEININK_00696	0
IBEININK_00697	0
IBEININK_00698	0
IBEININK_00699	0
IBEININK_00700	0
IBEININK_00701	0
IBEININK_00702	0
IBEININK_00703	0
IBEININK_00704	0
IBEININK_00705	1
IBEININK_00707	0
IBEININK_00708	0
IBEININK_00709	0
IBEININK_00710	0
IBEININK_00711	0
IBEININK_00712	3
IBEININK_00713	0
IBEININK_00714	0
IBEININK_00715	0
IBEININK_00716	0
IBEININK_00717	2
IBEININK_00718	0
IBEININK_00719	0
IBEININK_00720	0
IBEININK_00721	0
IBEININK_00722	0
IBEININK_00723	0
IBEININK_00724	1
IBEININK_00725	0
IBEININK_00726	0
IBEININK_00727	0
IBEININK_00728	0
IBEININK_00729	0
IBEININK_00730	0
IBEININK_00731	3
IBEININK_00732	0
IBEININK_00733	0
IBEININK_00734	0
IBEININK_00735	0
IBEININK_00736	0
IBEININK_00737	0
IBEININK_00738	0
IBEININK_00739	0
IBEININK_00740	0
IBEININK_00741	0
IBEININK_00742	0
IBEININK_00743	0
IBEININK_00744	0
IBEININK_00745	0
IBEININK_00746	0
IBEININK_00747	1
IBEININK_00748	0
IBEININK_00749	0
IBEININK_00750	0
IBEININK_00751	0
IBEININK_00752	0
IBEININK_00753	1
IBEININK_00754	1
IBEININK_00755	0
IBEININK_00756	0
IBEININK_00757	0
IBEININK_00758	0
IBEININK_00759	1
IBEININK_00760	0
IBEININK_00761	0
IBEININK_00762	0
IBEININK_00763	0
IBEININK_00764	0
IBEININK_00765	0
IBEININK_00766	0
IBEININK_00767	0
IBEININK_00768	0
IBEININK_00769	0
IBEININK_00770	0
IBEININK_00771	0
IBEININK_00772	0
IBEININK_00773	1
IBEININK_00774	2
IBEININK_00775	0
IBEININK_00776	0
IBEININK_00777	0
IBEININK_00778	0
IBEININK_00779	0
IBEININK_00780	0
IBEININK_00781	0
IBEININK_00782	0
IBEININK_00783	0
IBEININK_00784	0
IBEININK_00785	1
IBEININK_00786	0
IBEININK_00787	0
IBEININK_00788	0
IBEININK_00789	0
IBEININK_00790	0
IBEININK_00791	0
IBEININK_00792	0
IBEININK_00793	0
IBEININK_00794	1
IBEININK_00795	2
IBEININK_00796	0
IBEININK_00797	0
IBEININK_00798	0
IBEININK_00799	0
IBEININK_00800	0
IBEININK_00801	0
IBEININK_00802	0
IBEININK_00803	0
IBEININK_00804	0
IBEININK_00805	0
IBEININK_00806	0
IBEININK_00807	1
IBEININK_00808	2
IBEININK_00809	0
IBEININK_00810	0
IBEININK_00811	0
IBEININK_00812	0
IBEININK_00813	0
IBEININK_00814	0
IBEININK_00815	0
IBEININK_00816	9
IBEININK_00817	9
IBEININK_00818	0
IBEININK_00819	0
IBEININK_00820	0
IBEININK_00821	0
IBEININK_00822	0
IBEININK_00823	0
IBEININK_00824	0
IBEININK_00825	0
IBEININK_00826	0
IBEININK_00827	0
IBEININK_00828	0
IBEININK_00829	0
IBEININK_00830	0
IBEININK_00831	0
IBEININK_00832	0
IBEININK_00833	0
IBEININK_00835	1
IBEININK_00836	0
IBEININK_00837	0
IBEININK_00838	0
IBEININK_00839	0
IBEININK_00840	0
IBEININK_00841	0
IBEININK_00842	0
IBEININK_00843	2
IBEININK_00844	0
IBEININK_00845	0
IBEININK_00846	0
IBEININK_00847	0
IBEININK_00848	0
IBEININK_00849	0
IBEININK_00850	0
IBEININK_00851	0
IBEININK_00852	0
IBEININK_00853	0
IBEININK_00854	0
IBEININK_00855	0
IBEININK_00856	0
IBEININK_00857	0
IBEININK_00858	1
IBEININK_00859	0
IBEININK_00860	1
IBEININK_00861	0
IBEININK_00862	0
IBEININK_00863	0
IBEININK_00864	0
IBEININK_00865	0
IBEININK_00866	1
IBEININK_00867	0
IBEININK_00868	0
IBEININK_00869	0
IBEININK_00870	0
IBEININK_00871	0
IBEININK_00872	0
IBEININK_00873	0
IBEININK_00874	0
IBEININK_00875	0
IBEININK_00876	0
IBEININK_00877	0
IBEININK_00878	0
IBEININK_00879	0
IBEININK_00880	0
IBEININK_00881	0
IBEININK_00882	0
IBEININK_00883	0
IBEININK_00884	0
IBEININK_00885	0
IBEININK_00886	0
IBEININK_00887	0
IBEININK_00888	0
IBEININK_00889	0
IBEININK_00890	1
IBEININK_00891	0
IBEININK_00892	0
IBEININK_00893	0
IBEININK_00894	1
IBEININK_00895	0
IBEININK_00896	0
IBEININK_00897	0
IBEININK_00898	4
IBEININK_00899	0
IBEININK_00901	0
IBEININK_00902	0
IBEININK_00903	0
IBEININK_00904	1
IBEININK_00905	0
IBEININK_00906	0
IBEININK_00907	0
IBEININK_00908	0
IBEININK_00909	0
IBEININK_00910	0
IBEININK_00911	0
IBEININK_00912	0
IBEININK_00913	4
IBEININK_00914	0
IBEININK_00915	0
IBEININK_00916	0
IBEININK_00917	0
IBEININK_00918	0
IBEININK_00919	0
IBEININK_00920	0
IBEININK_00921	0
IBEININK_00922	1
IBEININK_00923	0
IBEININK_00924	1
IBEININK_00925	0
IBEININK_00926	0
IBEININK_00927	0
IBEININK_00928	0
IBEININK_00929	0
IBEININK_00930	0
IBEININK_00931	0
IBEININK_00932	0
IBEININK_00933	0
IBEININK_00934	1
IBEININK_00935	0
IBEININK_00936	0
IBEININK_00937	0
IBEININK_00938	0
IBEININK_00939	0
IBEININK_00940	0
IBEININK_00941	0
IBEININK_00942	0
IBEININK_00943	0
IBEININK_00944	0
IBEININK_00945	0
IBEININK_00946	0
IBEININK_00947	0
IBEININK_00948	0
IBEININK_00949	5
IBEININK_00950	0
IBEININK_00951	0
IBEININK_00952	1
IBEININK_00953	2
IBEININK_00954	0
IBEININK_00955	0
IBEININK_00956	0
IBEININK_00957	0
IBEININK_00958	1
IBEININK_00959	2
IBEININK_00960	1
IBEININK_00961	0
IBEININK_00962	1
IBEININK_00963	0
IBEININK_00964	0
IBEININK_00965	0
IBEININK_00966	0
IBEININK_00967	0
IBEININK_00968	1
IBEININK_00969	0
IBEININK_00970	0
IBEININK_00971	6
IBEININK_00972	0
IBEININK_00973	0
IBEININK_00974	0
IBEININK_00975	0
IBEININK_00976	0
IBEININK_00977	0
IBEININK_00978	0
IBEININK_00979	0
IBEININK_00980	0
IBEININK_00981	0
IBEININK_00982	5
IBEININK_00983	0
IBEININK_00984	2
IBEININK_00985	1
IBEININK_00986	0
IBEININK_00987	0
IBEININK_00988	0
IBEININK_00989	0
IBEININK_00990	0
IBEININK_00991	0
IBEININK_00992	0
IBEININK_00993	0
IBEININK_00994	0
IBEININK_00995	0
IBEININK_00996	0
IBEININK_00997	0
IBEININK_00998	0
IBEININK_00999	0
IBEININK_01000	1
IBEININK_01001	0
IBEININK_01002	0
IBEININK_01003	0
IBEININK_01004	0
IBEININK_01005	0
IBEININK_01006	0
IBEININK_01007	0
IBEININK_01008	0
IBEININK_01009	0
IBEININK_01010	0
IBEININK_01011	0
IBEININK_01012	0
IBEININK_01013	0
IBEININK_01014	0
IBEININK_01015	0
IBEININK_01016	0
IBEININK_01017	0
IBEININK_01018	0
IBEININK_01019	0
IBEININK_01020	0
IBEININK_01021	0
IBEININK_01022	1
IBEININK_01023	0
IBEININK_01024	0
IBEININK_01025	0
IBEININK_01026	0
IBEININK_01027	2
IBEININK_01028	1
IBEININK_01029	1
IBEININK_01030	0
IBEININK_01031	0
IBEININK_01032	1
IBEININK_01033	0
IBEININK_01034	0
IBEININK_01035	0
IBEININK_01036	0
IBEININK_01037	0
IBEININK_01038	0
IBEININK_01039	2
IBEININK_01040	0
IBEININK_01041	0
IBEININK_01042	0
IBEININK_01043	0
IBEININK_01044	0
IBEININK_01045	0
IBEININK_01046	0
IBEININK_01047	0
IBEININK_01048	0
IBEININK_01049	0
IBEININK_01050	0
IBEININK_01051	0
IBEININK_01052	0
IBEININK_01053	0
IBEININK_01054	0
IBEININK_01056	0
IBEININK_01057	0
IBEININK_01058	0
IBEININK_01059	0
IBEININK_01060	0
IBEININK_01061	0
IBEININK_01062	0
IBEININK_01063	0
IBEININK_01064	0
IBEININK_01065	0
IBEININK_01066	0
IBEININK_01067	2
IBEININK_01068	0
IBEININK_01069	0
IBEININK_01070	0
IBEININK_01071	0
IBEININK_01072	0
IBEININK_01073	1
IBEININK_01074	0
IBEININK_01075	0
IBEININK_01076	0
IBEININK_01077	0
IBEININK_01078	0
IBEININK_01079	0
IBEININK_01080	0
IBEININK_01081	0
IBEININK_01082	0
IBEININK_01083	0
IBEININK_01084	0
IBEININK_01085	1
IBEININK_01086	0
IBEININK_01087	0
IBEININK_01088	0
IBEININK_01089	0
IBEININK_01090	0
IBEININK_01091	0
IBEININK_01092	0
IBEININK_01093	0
IBEININK_01094	0
IBEININK_01095	0
IBEININK_01096	0
IBEININK_01097	0
IBEININK_01098	3
IBEININK_01099	0
IBEININK_01100	3
IBEININK_01101	0
IBEININK_01102	0
IBEININK_01103	1
IBEININK_01104	0
IBEININK_01105	0
IBEININK_01106	0
IBEININK_01107	0
IBEININK_01108	7
IBEININK_01109	0
IBEININK_01110	0
IBEININK_01111	0
IBEININK_01112	0
IBEININK_01113	0
IBEININK_01114	6
IBEININK_01115	2
IBEININK_01116	0
IBEININK_01117	0
IBEININK_01118	2
IBEININK_01119	0
IBEININK_01120	0
IBEININK_01121	0
IBEININK_01122	0
IBEININK_01123	0
IBEININK_01124	0
IBEININK_01125	0
IBEININK_01126	0
IBEININK_01127	2
IBEININK_01128	0
IBEININK_01129	0
IBEININK_01130	0
IBEININK_01131	0
IBEININK_01132	1
IBEININK_01133	0
IBEININK_01134	0
IBEININK_01135	0
IBEININK_01136	1
IBEININK_01137	1
IBEININK_01138	0
IBEININK_01139	0
IBEININK_01140	0
IBEININK_01141	0
IBEININK_01142	0
IBEININK_01143	0
IBEININK_01144	0
IBEININK_01145	0
IBEININK_01146	0
IBEININK_01147	0
IBEININK_01148	2
IBEININK_01149	0
IBEININK_01150	0
IBEININK_01151	6
IBEININK_01152	0
IBEININK_01153	0
IBEININK_01154	0
IBEININK_01155	0
IBEININK_01156	0
IBEININK_01157	0
IBEININK_01158	0
IBEININK_01159	0
IBEININK_01160	0
IBEININK_01161	0
IBEININK_01162	0
IBEININK_01163	0
IBEININK_01164	0
IBEININK_01165	0
IBEININK_01166	0
IBEININK_01167	1
IBEININK_01168	0
IBEININK_01169	0
IBEININK_01170	0
IBEININK_01171	2
IBEININK_01172	0
IBEININK_01173	0
IBEININK_01174	0
IBEININK_01175	0
IBEININK_01176	0
IBEININK_01177	0
IBEININK_01178	0
IBEININK_01179	0
IBEININK_01180	0
IBEININK_01181	0
IBEININK_01182	0
IBEININK_01183	0
IBEININK_01184	0
IBEININK_01185	4
IBEININK_01186	0
IBEININK_01187	0
IBEININK_01188	0
IBEININK_01190	0
IBEININK_01191	0
IBEININK_01192	0
IBEININK_01193	0
IBEININK_01194	0
IBEININK_01195	1
IBEININK_01199	0
IBEININK_01200	0
IBEININK_01201	0
IBEININK_01202	0
IBEININK_01203	0
IBEININK_01204	0
IBEININK_01205	0
IBEININK_01206	0
IBEININK_01207	0
IBEININK_01208	0
IBEININK_01209	0
IBEININK_01210	0
IBEININK_01211	0
IBEININK_01212	0
IBEININK_01213	0
IBEININK_01214	0
IBEININK_01215	0
IBEININK_01216	2
IBEININK_01218	0
IBEININK_01219	0
IBEININK_01220	0
IBEININK_01222	0
IBEININK_01223	0
IBEININK_01224	0
IBEININK_01225	0
IBEININK_01226	0
IBEININK_01227	0
IBEININK_01228	0
IBEININK_01229	0
IBEININK_01230	0
IBEININK_01231	0
IBEININK_01232	0
IBEININK_01233	0
IBEININK_01234	0
IBEININK_01235	6
IBEININK_01236	0
IBEININK_01237	0
IBEININK_01238	0
IBEININK_01239	0
IBEININK_01240	0
IBEININK_01241	0
IBEININK_01242	0
IBEININK_01243	0
IBEININK_01244	0
IBEININK_01245	0
IBEININK_01246	0
IBEININK_01247	0
IBEININK_01248	0
IBEININK_01249	0
IBEININK_01250	0
IBEININK_01251	0
IBEININK_01252	0
IBEININK_01253	0
IBEININK_01254	0
IBEININK_01255	0
IBEININK_01256	1
IBEININK_01257	1
IBEININK_01258	0
IBEININK_01259	0
IBEININK_01260	0
IBEININK_01261	0
IBEININK_01262	0
IBEININK_01263	0
IBEININK_01264	0
IBEININK_01265	0
IBEININK_01266	0
IBEININK_01267	0
IBEININK_01268	0
IBEININK_01269	0
IBEININK_01270	0
IBEININK_01271	0
IBEININK_01272	0
IBEININK_01273	0
IBEININK_01274	0
IBEININK_01275	0
IBEININK_01276	0
IBEININK_01277	0
IBEININK_01278	0
IBEININK_01279	0
IBEININK_01280	0
IBEININK_01281	0
IBEININK_01282	0
IBEININK_01283	0
IBEININK_01285	0
IBEININK_01286	0
IBEININK_01287	0
IBEININK_01288	0
IBEININK_01289	0
IBEININK_01290	0
IBEININK_01291	1
IBEININK_01292	0
IBEININK_01293	0
IBEININK_01294	0
IBEININK_01295	0
IBEININK_01296	0
IBEININK_01297	0
IBEININK_01298	3
IBEININK_01299	0
IBEININK_01300	0
IBEININK_01301	0
IBEININK_01302	0
IBEININK_01303	2
IBEININK_01304	1
IBEININK_01305	0
IBEININK_01306	0
IBEININK_01307	11
IBEININK_01308	0
IBEININK_01309	0
IBEININK_01310	0
IBEININK_01311	0
IBEININK_01312	0
IBEININK_01313	0
IBEININK_01314	0
IBEININK_01315	0
IBEININK_01316	0
IBEININK_01317	0
IBEININK_01318	0
IBEININK_01319	0
IBEININK_01320	0
IBEININK_01321	0
IBEININK_01322	0
IBEININK_01323	0
IBEININK_01324	0
IBEININK_01325	0
IBEININK_01326	0
IBEININK_01327	0
IBEININK_01328	0
IBEININK_01329	0
IBEININK_01330	0
IBEININK_01331	0
IBEININK_01332	0
IBEININK_01333	0
IBEININK_01334	2
IBEININK_01335	0
IBEININK_01336	0
IBEININK_01337	0
IBEININK_01338	0
IBEININK_01339	0
IBEININK_01340	0
IBEININK_01341	0
IBEININK_01342	0
IBEININK_01343	0
IBEININK_01344	0
IBEININK_01345	0
IBEININK_01346	0
IBEININK_01347	0
IBEININK_01348	0
IBEININK_01349	0
IBEININK_01350	1
IBEININK_01351	0
IBEININK_01352	0
IBEININK_01353	0
IBEININK_01354	0
IBEININK_01355	1
IBEININK_01356	0
IBEININK_01357	1
IBEININK_01358	0
IBEININK_01359	1
IBEININK_01360	0
IBEININK_01361	0
IBEININK_01362	0
IBEININK_01363	0
IBEININK_01364	0
IBEININK_01365	0
IBEININK_01366	0
IBEININK_01367	0
IBEININK_01368	0
IBEININK_01369	0
IBEININK_01370	0
IBEININK_01371	0
IBEININK_01372	2
IBEININK_01373	0
IBEININK_01374	0
IBEININK_01375	0
IBEININK_01376	0
IBEININK_01377	0
IBEININK_01378	0
IBEININK_01379	0
IBEININK_01380	0
IBEININK_01381	0
IBEININK_01382	2
IBEININK_01383	0
IBEININK_01384	0
IBEININK_01385	0
IBEININK_01386	0
IBEININK_01387	0
IBEININK_01388	0
IBEININK_01389	0
IBEININK_01390	0
IBEININK_01391	0
IBEININK_01392	0
IBEININK_01393	0
IBEININK_01394	1
IBEININK_01396	0
IBEININK_01397	0
IBEININK_01398	0
IBEININK_01399	0
IBEININK_01400	0
IBEININK_01401	0
IBEININK_01402	0
IBEININK_01403	5
IBEININK_01404	0
IBEININK_01405	0
IBEININK_01406	0
IBEININK_01407	0
IBEININK_01408	0
IBEININK_01409	3
IBEININK_01410	0
IBEININK_01411	0
IBEININK_01412	0
IBEININK_01413	0
IBEININK_01414	0
IBEININK_01415	1
IBEININK_01416	0
IBEININK_01417	0
IBEININK_01418	0
IBEININK_01419	0
IBEININK_01420	0
IBEININK_01421	0
IBEININK_01422	0
IBEININK_01423	1
IBEININK_01424	0
IBEININK_01425	0
IBEININK_01426	1
IBEININK_01427	0
IBEININK_01428	0
IBEININK_01429	0
IBEININK_01430	0
IBEININK_01431	0
IBEININK_01432	0
IBEININK_01433	0
IBEININK_01434	0
IBEININK_01435	0
IBEININK_01436	5
IBEININK_01437	0
IBEININK_01438	0
IBEININK_01439	0
IBEININK_01440	0
IBEININK_01441	0
IBEININK_01442	0
IBEININK_01443	0
IBEININK_01444	0
IBEININK_01445	0
IBEININK_01446	0
IBEININK_01447	0
IBEININK_01448	0
IBEININK_01449	0
IBEININK_01450	0
IBEININK_01451	0
IBEININK_01452	5
IBEININK_01453	1
IBEININK_01454	0
IBEININK_01455	0
IBEININK_01456	0
IBEININK_01457	0
IBEININK_01458	0
IBEININK_01459	0
IBEININK_01460	0
IBEININK_01461	0
IBEININK_01462	0
IBEININK_01463	0
IBEININK_01464	0
IBEININK_01465	0
IBEININK_01466	0
IBEININK_01467	2
IBEININK_01468	0
IBEININK_01469	0
IBEININK_01470	0
IBEININK_01471	0
IBEININK_01472	0
IBEININK_01473	0
IBEININK_01474	0
IBEININK_01475	0
IBEININK_01476	0
IBEININK_01477	0
IBEININK_01478	0
IBEININK_01479	0
IBEININK_01480	0
IBEININK_01481	0
IBEININK_01482	0
IBEININK_01483	0
IBEININK_01484	0
IBEININK_01485	2
IBEININK_01486	0
IBEININK_01487	0
IBEININK_01489	0
IBEININK_01490	0
IBEININK_01491	0
IBEININK_01492	0
IBEININK_01493	0
IBEININK_01494	0
IBEININK_01495	0
IBEININK_01496	0
IBEININK_01497	0
IBEININK_01498	2
IBEININK_01499	0
IBEININK_01500	0
IBEININK_01501	1
IBEININK_01502	2
IBEININK_01503	0
IBEININK_01504	4
IBEININK_01505	0
IBEININK_01506	0
IBEININK_01507	0
IBEININK_01508	0
IBEININK_01509	0
IBEININK_01510	0
IBEININK_01511	0
IBEININK_01512	0
IBEININK_01513	0
IBEININK_01514	0
IBEININK_01515	0
IBEININK_01516	0
IBEININK_01517	2
IBEININK_01518	0
IBEININK_01519	0
IBEININK_01520	0
IBEININK_01521	0
IBEININK_01522	0
IBEININK_01523	2
IBEININK_01524	0
IBEININK_01525	0
IBEININK_01526	0
IBEININK_01527	0
IBEININK_01528	0
IBEININK_01529	0
IBEININK_01530	2
IBEININK_01531	0
IBEININK_01532	0
IBEININK_01533	0
IBEININK_01534	0
IBEININK_01535	0
IBEININK_01536	0
IBEININK_01537	0
IBEININK_01538	0
IBEININK_01539	0
IBEININK_01540	0
IBEININK_01541	0
IBEININK_01542	0
IBEININK_01543	0
IBEININK_01544	0
IBEININK_01546	0
IBEININK_01547	0
IBEININK_01548	0
IBEININK_01550	0
IBEININK_01551	0
IBEININK_01552	0
IBEININK_01553	0
IBEININK_01554	1
IBEININK_01555	0
IBEININK_01556	0
IBEININK_01557	0
IBEININK_01558	0
IBEININK_01559	0
IBEININK_01560	0
IBEININK_01561	0
IBEININK_01562	0
IBEININK_01563	0
IBEININK_01564	0
IBEININK_01565	0
IBEININK_01566	0
IBEININK_01567	0
IBEININK_01568	0
IBEININK_01569	0
IBEININK_01570	0
IBEININK_01571	0
IBEININK_01572	0
IBEININK_01573	0
IBEININK_01574	0
IBEININK_01575	0
IBEININK_01576	1
IBEININK_01577	2
IBEININK_01578	0
IBEININK_01579	0
IBEININK_01580	0
IBEININK_01581	0
IBEININK_01582	0
IBEININK_01583	0
IBEININK_01584	0
IBEININK_01586	0
IBEININK_01587	0
IBEININK_01588	0
IBEININK_01590	2
IBEININK_01591	0
IBEININK_01592	0
IBEININK_01593	0
IBEININK_01594	0
IBEININK_01595	0
IBEININK_01596	0
IBEININK_01597	0
IBEININK_01598	0
IBEININK_01599	0
IBEININK_01600	0
IBEININK_01601	0
IBEININK_01602	1
IBEININK_01603	0
IBEININK_01604	0
IBEININK_01605	0
IBEININK_01606	0
IBEININK_01607	0
IBEININK_01608	0
IBEININK_01609	0
IBEININK_01610	0
IBEININK_01611	0
IBEININK_01613	0
IBEININK_01614	0
IBEININK_01615	0
IBEININK_01616	0
IBEININK_01617	1
IBEININK_01618	0
IBEININK_01619	0
IBEININK_01620	1
IBEININK_01621	0
IBEININK_01622	0
IBEININK_01623	0
IBEININK_01624	0
IBEININK_01625	0
IBEININK_01626	0
IBEININK_01627	0
IBEININK_01628	0
IBEININK_01629	0
IBEININK_01630	0
IBEININK_01631	0
IBEININK_01632	0
IBEININK_01633	0
IBEININK_01634	0
IBEININK_01635	1
IBEININK_01636	1
IBEININK_01637	0
IBEININK_01638	0
IBEININK_01639	0
IBEININK_01640	0
IBEININK_01641	0
IBEININK_01642	0
IBEININK_01643	0
IBEININK_01644	0
IBEININK_01645	0
IBEININK_01646	0
IBEININK_01647	0
IBEININK_01648	0
IBEININK_01649	0
IBEININK_01650	0
IBEININK_01652	0
IBEININK_01653	0
IBEININK_01654	0
IBEININK_01655	0
IBEININK_01656	0
IBEININK_01657	0
IBEININK_01658	0
IBEININK_01659	0
IBEININK_01660	0
IBEININK_01661	0
IBEININK_01662	0
IBEININK_01663	0
IBEININK_01664	0
IBEININK_01665	0
IBEININK_01666	0
IBEININK_01667	0
IBEININK_01668	0
IBEININK_01669	0
IBEININK_01670	0
IBEININK_01671	0
IBEININK_01672	0
IBEININK_01673	0
IBEININK_01674	0
IBEININK_01675	0
IBEININK_01676	0
IBEININK_01677	0
IBEININK_01678	0
IBEININK_01679	0
IBEININK_01680	0
IBEININK_01681	0
IBEININK_01682	0
IBEININK_01683	0
IBEININK_01684	0
IBEININK_01685	0
IBEININK_01686	0
IBEININK_01687	0
IBEININK_01688	0
IBEININK_01689	0
IBEININK_01690	0
IBEININK_01691	0
IBEININK_01692	0
IBEININK_01693	0
IBEININK_01694	0
IBEININK_01695	0
IBEININK_01696	0
IBEININK_01697	0
IBEININK_01698	0
IBEININK_01699	0
IBEININK_01700	0
IBEININK_01701	0
IBEININK_01702	0
IBEININK_01703	1
IBEININK_01704	0
IBEININK_01705	0
IBEININK_01706	0
IBEININK_01707	0
IBEININK_01708	0
IBEININK_01709	0
IBEININK_01710	0
IBEININK_01711	0
IBEININK_01712	1
IBEININK_01713	0
IBEININK_01714	0
IBEININK_01715	0
IBEININK_01716	1
IBEININK_01717	0
IBEININK_01718	0
IBEININK_01719	0
IBEININK_01720	0
IBEININK_01721	0
IBEININK_01722	0
IBEININK_01723	0
IBEININK_01724	0
IBEININK_01725	0
IBEININK_01726	0
IBEININK_01727	4
IBEININK_01728	3
IBEININK_01729	2
IBEININK_01730	0
IBEININK_01731	0
IBEININK_01732	0
IBEININK_01733	0
IBEININK_01734	0
IBEININK_01735	0
IBEININK_01736	0
IBEININK_01737	0
IBEININK_01738	0
IBEININK_01739	0
IBEININK_01740	0
IBEININK_01741	0
IBEININK_01742	0
IBEININK_01743	0
IBEININK_01744	0
IBEININK_01745	0
IBEININK_01746	0
IBEININK_01747	0
IBEININK_01748	0
IBEININK_01749	0
IBEININK_01750	3
IBEININK_01752	0
IBEININK_01753	0
IBEININK_01754	0
IBEININK_01755	0
IBEININK_01756	0
IBEININK_01757	0
IBEININK_01758	0
IBEININK_01759	0
IBEININK_01760	1
IBEININK_01761	0
IBEININK_01762	0
IBEININK_01763	0
IBEININK_01764	0
IBEININK_01765	0
IBEININK_01766	0
IBEININK_01767	0
IBEININK_01768	0
IBEININK_01769	1
IBEININK_01770	0
IBEININK_01771	0
IBEININK_01772	0
IBEININK_01773	1
IBEININK_01774	0
IBEININK_01775	3
IBEININK_01776	1
IBEININK_01777	0
IBEININK_01778	0
IBEININK_01779	0
IBEININK_01780	0
IBEININK_01781	0
IBEININK_01782	0
IBEININK_01783	0
IBEININK_01784	0
IBEININK_01785	0
IBEININK_01786	1
IBEININK_01787	0
IBEININK_01788	0
IBEININK_01789	0
IBEININK_01790	0
IBEININK_01791	0
IBEININK_01792	0
IBEININK_01793	0
IBEININK_01794	0
IBEININK_01795	0
IBEININK_01796	0
IBEININK_01797	1
IBEININK_01798	1
IBEININK_01799	0
IBEININK_01800	1
IBEININK_01801	0
IBEININK_01802	0
IBEININK_01803	0
IBEININK_01804	0
IBEININK_01805	0
IBEININK_01806	0
IBEININK_01807	0
IBEININK_01808	2
IBEININK_01809	0
IBEININK_01810	0
IBEININK_01811	0
IBEININK_01812	0
IBEININK_01813	0
IBEININK_01814	0
IBEININK_01815	0
IBEININK_01816	0
IBEININK_01817	0
IBEININK_01818	0
IBEININK_01819	0
IBEININK_01820	0
IBEININK_01821	0
IBEININK_01822	0
IBEININK_01823	1
IBEININK_01824	0
IBEININK_01825	0
IBEININK_01826	0
IBEININK_01827	0
IBEININK_01828	5
IBEININK_01829	0
IBEININK_01830	0
IBEININK_01831	0
IBEININK_01832	5
IBEININK_01833	0
IBEININK_01834	0
IBEININK_01835	0
IBEININK_01836	0
IBEININK_01837	0
IBEININK_01838	0
IBEININK_01839	0
IBEININK_01840	0
IBEININK_01841	0
IBEININK_01842	0
IBEININK_01843	0
IBEININK_01844	0
IBEININK_01845	0
IBEININK_01846	0
IBEININK_01847	0
IBEININK_01848	0
IBEININK_01849	0
IBEININK_01850	0
IBEININK_01851	0
IBEININK_01852	0
IBEININK_01853	1
IBEININK_01854	0
IBEININK_01855	0
IBEININK_01856	0
IBEININK_01857	0
IBEININK_01858	0
IBEININK_01859	0
IBEININK_01860	4
IBEININK_01861	0
IBEININK_01862	0
IBEININK_01863	0
IBEININK_01864	0
IBEININK_01865	0
IBEININK_01866	0
IBEININK_01867	0
IBEININK_01868	0
IBEININK_01869	0
IBEININK_01870	0
IBEININK_01871	0
IBEININK_01872	0
IBEININK_01873	0
IBEININK_01874	0
IBEININK_01875	0
IBEININK_01876	0
IBEININK_01877	0
IBEININK_01878	0
IBEININK_01879	0
IBEININK_01880	0
IBEININK_01881	0
IBEININK_01882	0
IBEININK_01883	0
IBEININK_01884	0
IBEININK_01885	0
IBEININK_01886	0
IBEININK_01887	0
IBEININK_01888	0
IBEININK_01889	0
IBEININK_01890	0
IBEININK_01891	0
IBEININK_01892	0
IBEININK_01893	0
IBEININK_01894	0
IBEININK_01895	0
IBEININK_01896	0
IBEININK_01897	0
IBEININK_01898	0
IBEININK_01899	1
IBEININK_01900	0
IBEININK_01901	0
IBEININK_01902	0
IBEININK_01903	1
IBEININK_01904	0
IBEININK_01905	0
IBEININK_01906	0
IBEININK_01907	0
IBEININK_01908	0
IBEININK_01909	0
IBEININK_01910	0
IBEININK_01911	0
IBEININK_01913	0
IBEININK_01914	0
IBEININK_01916	0
IBEININK_01917	0
IBEININK_01918	0
IBEININK_01919	1
IBEININK_01920	1
IBEININK_01921	0
IBEININK_01922	0
IBEININK_01923	0
IBEININK_01924	3
IBEININK_01925	0
IBEININK_01926	0
IBEININK_01927	0
IBEININK_01928	0
IBEININK_01929	0
IBEININK_01930	0
IBEININK_01931	0
IBEININK_01932	0
IBEININK_01934	0
IBEININK_01935	0
IBEININK_01936	0
IBEININK_01937	0
IBEININK_01938	2
IBEININK_01939	0
IBEININK_01940	0
IBEININK_01941	0
IBEININK_01943	0
IBEININK_01944	0
IBEININK_01945	0
IBEININK_01946	1
IBEININK_01947	0
IBEININK_01948	0
IBEININK_01949	0
IBEININK_01950	0
IBEININK_01951	0
IBEININK_01952	0
IBEININK_01953	0
IBEININK_01954	0
IBEININK_01955	0
IBEININK_01956	0
IBEININK_01957	0
IBEININK_01958	0
IBEININK_01959	0
IBEININK_01960	0
IBEININK_01961	0
IBEININK_01962	0
IBEININK_01963	0
IBEININK_01964	1
IBEININK_01965	0
IBEININK_01966	0
IBEININK_01967	0
IBEININK_01968	0
IBEININK_01969	0
IBEININK_01970	0
IBEININK_01971	0
IBEININK_01972	0
IBEININK_01973	3
IBEININK_01974	0
IBEININK_01975	0
IBEININK_01976	0
IBEININK_01977	0
IBEININK_01978	0
IBEININK_01979	0
IBEININK_01980	0
IBEININK_01981	0
IBEININK_01982	0
IBEININK_01983	0
IBEININK_01984	0
IBEININK_01985	0
IBEININK_01986	0
IBEININK_01987	0
IBEININK_01988	0
IBEININK_01989	0
IBEININK_01990	0
IBEININK_01991	0
IBEININK_01992	0
IBEININK_01993	0
IBEININK_01994	0
IBEININK_01995	0
IBEININK_01996	0
IBEININK_01997	0
IBEININK_01998	0
IBEININK_01999	0
IBEININK_02000	0
IBEININK_02001	0
IBEININK_02002	0
IBEININK_02003	0
IBEININK_02004	0
IBEININK_02005	0
IBEININK_02006	3
IBEININK_02008	5
IBEININK_02009	0
IBEININK_02010	1
IBEININK_02011	0
IBEININK_02012	0
IBEININK_02014	0
IBEININK_02015	0
IBEININK_02016	0
IBEININK_02017	0
IBEININK_02018	0
IBEININK_02019	0
IBEININK_02020	0
IBEININK_02021	0
IBEININK_02022	0
IBEININK_02023	0
IBEININK_02024	0
IBEININK_02025	0
IBEININK_02026	0
IBEININK_02027	0
IBEININK_02028	5
IBEININK_02029	0
IBEININK_02030	0
IBEININK_02031	0
IBEININK_02032	0
IBEININK_02033	0
IBEININK_02034	2
IBEININK_02035	0
IBEININK_02036	0
IBEININK_02037	0
IBEININK_02038	0
IBEININK_02039	0
IBEININK_02040	0
IBEININK_02041	0
IBEININK_02042	6
IBEININK_02043	0
IBEININK_02044	0
IBEININK_02045	0
IBEININK_02046	0
IBEININK_02047	0
IBEININK_02048	0
IBEININK_02049	0
IBEININK_02050	1
IBEININK_02051	0
IBEININK_02052	0
IBEININK_02053	0
IBEININK_02054	0
IBEININK_02055	0
IBEININK_02056	0
IBEININK_02057	0
__no_feature	4313
__ambiguous	25
__too_low_aQual	5421
__not_aligned	863567
__alignment_not_unique	0
