AJLHJOPO_00001	0
AJLHJOPO_00002	1
AJLHJOPO_00003	0
AJLHJOPO_00004	0
AJLHJOPO_00005	0
AJLHJOPO_00006	0
AJLHJOPO_00007	0
AJLHJOPO_00008	0
AJLHJOPO_00009	0
AJLHJOPO_00010	0
AJLHJOPO_00011	4
AJLHJOPO_00012	0
AJLHJOPO_00013	0
AJLHJOPO_00015	0
AJLHJOPO_00016	0
AJLHJOPO_00017	0
AJLHJOPO_00018	0
AJLHJOPO_00019	0
AJLHJOPO_00020	0
AJLHJOPO_00021	0
AJLHJOPO_00022	0
AJLHJOPO_00023	0
AJLHJOPO_00024	0
AJLHJOPO_00025	0
AJLHJOPO_00026	0
AJLHJOPO_00027	0
AJLHJOPO_00028	0
AJLHJOPO_00029	0
AJLHJOPO_00030	0
AJLHJOPO_00031	0
AJLHJOPO_00032	0
AJLHJOPO_00033	0
AJLHJOPO_00034	0
AJLHJOPO_00035	0
AJLHJOPO_00036	0
AJLHJOPO_00037	0
AJLHJOPO_00038	0
AJLHJOPO_00039	0
AJLHJOPO_00040	0
AJLHJOPO_00041	0
AJLHJOPO_00042	3
AJLHJOPO_00043	0
AJLHJOPO_00044	0
AJLHJOPO_00045	0
AJLHJOPO_00046	0
AJLHJOPO_00047	0
AJLHJOPO_00048	0
AJLHJOPO_00049	0
AJLHJOPO_00050	0
AJLHJOPO_00051	793
AJLHJOPO_00052	115
AJLHJOPO_00053	6
AJLHJOPO_00056	0
AJLHJOPO_00060	0
AJLHJOPO_00061	0
AJLHJOPO_00062	0
AJLHJOPO_00063	0
AJLHJOPO_00064	0
AJLHJOPO_00065	0
AJLHJOPO_00066	5
AJLHJOPO_00067	0
AJLHJOPO_00068	0
AJLHJOPO_00069	0
AJLHJOPO_00070	0
AJLHJOPO_00071	2
AJLHJOPO_00072	0
AJLHJOPO_00073	0
AJLHJOPO_00074	0
AJLHJOPO_00075	0
AJLHJOPO_00076	0
AJLHJOPO_00077	0
AJLHJOPO_00078	0
AJLHJOPO_00079	0
AJLHJOPO_00080	0
AJLHJOPO_00081	0
AJLHJOPO_00082	0
AJLHJOPO_00084	0
AJLHJOPO_00085	0
AJLHJOPO_00086	0
AJLHJOPO_00087	0
AJLHJOPO_00088	0
AJLHJOPO_00089	0
AJLHJOPO_00090	0
AJLHJOPO_00091	0
AJLHJOPO_00092	0
AJLHJOPO_00093	0
AJLHJOPO_00094	0
AJLHJOPO_00095	0
AJLHJOPO_00096	0
AJLHJOPO_00097	0
AJLHJOPO_00098	0
AJLHJOPO_00099	0
AJLHJOPO_00100	0
AJLHJOPO_00101	0
AJLHJOPO_00102	2
AJLHJOPO_00103	0
AJLHJOPO_00104	0
AJLHJOPO_00105	0
AJLHJOPO_00107	1
AJLHJOPO_00108	0
AJLHJOPO_00109	0
AJLHJOPO_00110	0
AJLHJOPO_00111	0
AJLHJOPO_00112	0
AJLHJOPO_00113	1
AJLHJOPO_00114	0
AJLHJOPO_00115	0
AJLHJOPO_00116	0
AJLHJOPO_00117	3
AJLHJOPO_00118	0
AJLHJOPO_00119	0
AJLHJOPO_00120	0
AJLHJOPO_00121	0
AJLHJOPO_00122	0
AJLHJOPO_00123	0
AJLHJOPO_00124	0
AJLHJOPO_00125	0
AJLHJOPO_00126	0
AJLHJOPO_00128	0
AJLHJOPO_00129	0
AJLHJOPO_00130	0
AJLHJOPO_00131	0
AJLHJOPO_00132	0
AJLHJOPO_00133	0
AJLHJOPO_00134	0
AJLHJOPO_00135	0
AJLHJOPO_00136	0
AJLHJOPO_00137	0
AJLHJOPO_00138	0
AJLHJOPO_00139	0
AJLHJOPO_00140	0
AJLHJOPO_00141	0
AJLHJOPO_00142	0
AJLHJOPO_00143	0
AJLHJOPO_00144	0
AJLHJOPO_00145	0
AJLHJOPO_00146	0
AJLHJOPO_00147	0
AJLHJOPO_00148	0
AJLHJOPO_00149	0
AJLHJOPO_00150	0
AJLHJOPO_00151	0
AJLHJOPO_00152	0
AJLHJOPO_00153	0
AJLHJOPO_00154	0
AJLHJOPO_00155	0
AJLHJOPO_00156	0
AJLHJOPO_00157	3
AJLHJOPO_00158	0
AJLHJOPO_00159	0
AJLHJOPO_00160	0
AJLHJOPO_00161	0
AJLHJOPO_00162	0
AJLHJOPO_00163	0
AJLHJOPO_00164	0
AJLHJOPO_00165	0
AJLHJOPO_00166	0
AJLHJOPO_00167	0
AJLHJOPO_00168	0
AJLHJOPO_00169	0
AJLHJOPO_00170	0
AJLHJOPO_00171	0
AJLHJOPO_00172	0
AJLHJOPO_00173	0
AJLHJOPO_00174	4
AJLHJOPO_00175	1
AJLHJOPO_00176	0
AJLHJOPO_00177	0
AJLHJOPO_00178	0
AJLHJOPO_00179	0
AJLHJOPO_00180	0
AJLHJOPO_00181	0
AJLHJOPO_00182	0
AJLHJOPO_00183	0
AJLHJOPO_00184	0
AJLHJOPO_00185	1
AJLHJOPO_00186	0
AJLHJOPO_00187	0
AJLHJOPO_00188	0
AJLHJOPO_00189	0
AJLHJOPO_00190	0
AJLHJOPO_00191	0
AJLHJOPO_00192	0
AJLHJOPO_00193	0
AJLHJOPO_00194	0
AJLHJOPO_00195	0
AJLHJOPO_00196	0
AJLHJOPO_00197	0
AJLHJOPO_00198	0
AJLHJOPO_00199	0
AJLHJOPO_00200	0
AJLHJOPO_00201	0
AJLHJOPO_00202	0
AJLHJOPO_00203	0
AJLHJOPO_00204	0
AJLHJOPO_00205	0
AJLHJOPO_00206	0
AJLHJOPO_00207	0
AJLHJOPO_00208	0
AJLHJOPO_00209	0
AJLHJOPO_00210	0
AJLHJOPO_00211	0
AJLHJOPO_00212	0
AJLHJOPO_00213	0
AJLHJOPO_00214	0
AJLHJOPO_00215	0
AJLHJOPO_00216	0
AJLHJOPO_00217	0
AJLHJOPO_00218	2
AJLHJOPO_00219	0
AJLHJOPO_00220	0
AJLHJOPO_00221	0
AJLHJOPO_00222	0
AJLHJOPO_00223	0
AJLHJOPO_00224	0
AJLHJOPO_00225	0
AJLHJOPO_00226	0
AJLHJOPO_00227	0
AJLHJOPO_00228	0
AJLHJOPO_00229	0
AJLHJOPO_00230	0
AJLHJOPO_00231	0
AJLHJOPO_00232	0
AJLHJOPO_00233	0
AJLHJOPO_00234	0
AJLHJOPO_00235	0
AJLHJOPO_00236	0
AJLHJOPO_00237	0
AJLHJOPO_00239	1
AJLHJOPO_00240	0
AJLHJOPO_00241	0
AJLHJOPO_00242	0
AJLHJOPO_00243	0
AJLHJOPO_00244	0
AJLHJOPO_00245	0
AJLHJOPO_00246	0
AJLHJOPO_00247	0
AJLHJOPO_00248	0
AJLHJOPO_00249	0
AJLHJOPO_00250	0
AJLHJOPO_00251	0
AJLHJOPO_00252	0
AJLHJOPO_00253	0
AJLHJOPO_00254	0
AJLHJOPO_00255	0
AJLHJOPO_00256	0
AJLHJOPO_00257	0
AJLHJOPO_00258	0
AJLHJOPO_00259	0
AJLHJOPO_00260	0
AJLHJOPO_00261	0
AJLHJOPO_00262	0
AJLHJOPO_00263	0
AJLHJOPO_00264	0
AJLHJOPO_00265	0
AJLHJOPO_00266	0
AJLHJOPO_00267	0
AJLHJOPO_00268	0
AJLHJOPO_00269	0
AJLHJOPO_00270	0
AJLHJOPO_00271	0
AJLHJOPO_00272	0
AJLHJOPO_00273	0
AJLHJOPO_00274	0
AJLHJOPO_00275	0
AJLHJOPO_00276	0
AJLHJOPO_00277	0
AJLHJOPO_00278	0
AJLHJOPO_00279	0
AJLHJOPO_00280	0
AJLHJOPO_00281	0
AJLHJOPO_00282	0
AJLHJOPO_00283	0
AJLHJOPO_00284	0
AJLHJOPO_00285	0
AJLHJOPO_00286	0
AJLHJOPO_00287	0
AJLHJOPO_00288	0
AJLHJOPO_00289	0
AJLHJOPO_00290	0
AJLHJOPO_00291	0
AJLHJOPO_00292	0
AJLHJOPO_00293	0
AJLHJOPO_00294	0
AJLHJOPO_00295	0
AJLHJOPO_00296	0
AJLHJOPO_00297	0
AJLHJOPO_00298	0
AJLHJOPO_00299	0
AJLHJOPO_00300	0
AJLHJOPO_00301	0
AJLHJOPO_00302	0
AJLHJOPO_00303	0
AJLHJOPO_00304	0
AJLHJOPO_00305	0
AJLHJOPO_00306	0
AJLHJOPO_00307	0
AJLHJOPO_00308	0
AJLHJOPO_00309	0
AJLHJOPO_00310	0
AJLHJOPO_00311	0
AJLHJOPO_00312	0
AJLHJOPO_00313	0
AJLHJOPO_00314	0
AJLHJOPO_00315	0
AJLHJOPO_00316	0
AJLHJOPO_00317	0
AJLHJOPO_00318	0
AJLHJOPO_00319	0
AJLHJOPO_00320	0
AJLHJOPO_00321	0
AJLHJOPO_00322	0
AJLHJOPO_00324	0
AJLHJOPO_00325	0
AJLHJOPO_00326	0
AJLHJOPO_00327	0
AJLHJOPO_00329	0
AJLHJOPO_00330	0
AJLHJOPO_00331	0
AJLHJOPO_00332	0
AJLHJOPO_00333	0
AJLHJOPO_00334	0
AJLHJOPO_00335	0
AJLHJOPO_00336	0
AJLHJOPO_00337	0
AJLHJOPO_00338	0
AJLHJOPO_00339	0
AJLHJOPO_00340	0
AJLHJOPO_00341	0
AJLHJOPO_00342	0
AJLHJOPO_00343	0
AJLHJOPO_00344	0
AJLHJOPO_00345	0
AJLHJOPO_00346	0
AJLHJOPO_00347	0
AJLHJOPO_00348	0
AJLHJOPO_00349	0
AJLHJOPO_00350	0
AJLHJOPO_00351	0
AJLHJOPO_00352	0
AJLHJOPO_00353	0
AJLHJOPO_00354	0
AJLHJOPO_00355	0
AJLHJOPO_00356	0
AJLHJOPO_00357	0
AJLHJOPO_00358	0
AJLHJOPO_00359	0
AJLHJOPO_00360	0
AJLHJOPO_00361	0
AJLHJOPO_00362	0
AJLHJOPO_00363	0
AJLHJOPO_00364	0
AJLHJOPO_00365	0
AJLHJOPO_00366	0
AJLHJOPO_00367	0
AJLHJOPO_00368	0
AJLHJOPO_00369	0
AJLHJOPO_00370	0
AJLHJOPO_00371	0
AJLHJOPO_00372	0
AJLHJOPO_00373	0
AJLHJOPO_00374	0
AJLHJOPO_00375	0
AJLHJOPO_00376	0
AJLHJOPO_00377	0
AJLHJOPO_00378	0
AJLHJOPO_00379	0
AJLHJOPO_00380	0
AJLHJOPO_00381	0
AJLHJOPO_00382	0
AJLHJOPO_00383	0
AJLHJOPO_00384	0
AJLHJOPO_00385	0
AJLHJOPO_00386	0
AJLHJOPO_00387	0
AJLHJOPO_00388	0
AJLHJOPO_00389	0
AJLHJOPO_00390	0
AJLHJOPO_00391	0
AJLHJOPO_00392	0
AJLHJOPO_00393	0
AJLHJOPO_00394	0
AJLHJOPO_00395	0
AJLHJOPO_00396	0
AJLHJOPO_00397	0
AJLHJOPO_00398	0
AJLHJOPO_00399	0
AJLHJOPO_00400	0
AJLHJOPO_00401	0
AJLHJOPO_00402	0
AJLHJOPO_00403	0
AJLHJOPO_00404	0
AJLHJOPO_00405	0
AJLHJOPO_00406	0
AJLHJOPO_00407	0
AJLHJOPO_00408	0
AJLHJOPO_00409	0
AJLHJOPO_00410	0
AJLHJOPO_00411	0
AJLHJOPO_00412	0
AJLHJOPO_00413	0
AJLHJOPO_00414	1
AJLHJOPO_00415	0
AJLHJOPO_00416	0
AJLHJOPO_00417	0
AJLHJOPO_00418	0
AJLHJOPO_00419	0
AJLHJOPO_00420	0
AJLHJOPO_00421	0
AJLHJOPO_00422	0
AJLHJOPO_00423	0
AJLHJOPO_00424	0
AJLHJOPO_00425	0
AJLHJOPO_00426	0
AJLHJOPO_00427	0
AJLHJOPO_00428	0
AJLHJOPO_00429	0
AJLHJOPO_00430	0
AJLHJOPO_00431	1
AJLHJOPO_00432	0
AJLHJOPO_00433	0
AJLHJOPO_00434	0
AJLHJOPO_00435	0
AJLHJOPO_00436	0
AJLHJOPO_00437	0
AJLHJOPO_00438	0
AJLHJOPO_00439	0
AJLHJOPO_00440	0
AJLHJOPO_00441	0
AJLHJOPO_00442	0
AJLHJOPO_00443	0
AJLHJOPO_00444	0
AJLHJOPO_00445	0
AJLHJOPO_00446	0
AJLHJOPO_00447	0
AJLHJOPO_00448	0
AJLHJOPO_00449	0
AJLHJOPO_00450	0
AJLHJOPO_00451	0
AJLHJOPO_00452	0
AJLHJOPO_00453	0
AJLHJOPO_00454	0
AJLHJOPO_00455	0
AJLHJOPO_00456	0
AJLHJOPO_00457	0
AJLHJOPO_00458	0
AJLHJOPO_00459	0
AJLHJOPO_00460	0
AJLHJOPO_00461	0
AJLHJOPO_00462	0
AJLHJOPO_00463	0
AJLHJOPO_00464	0
AJLHJOPO_00465	0
AJLHJOPO_00466	2
AJLHJOPO_00467	0
AJLHJOPO_00468	0
AJLHJOPO_00469	0
AJLHJOPO_00470	0
AJLHJOPO_00471	0
AJLHJOPO_00472	0
AJLHJOPO_00473	0
AJLHJOPO_00474	0
AJLHJOPO_00475	0
AJLHJOPO_00476	0
AJLHJOPO_00477	0
AJLHJOPO_00478	0
AJLHJOPO_00479	0
AJLHJOPO_00480	0
AJLHJOPO_00481	0
AJLHJOPO_00482	0
AJLHJOPO_00483	0
AJLHJOPO_00484	0
AJLHJOPO_00485	0
AJLHJOPO_00486	0
AJLHJOPO_00487	0
AJLHJOPO_00488	0
AJLHJOPO_00489	0
AJLHJOPO_00490	0
AJLHJOPO_00491	0
AJLHJOPO_00492	0
AJLHJOPO_00493	0
AJLHJOPO_00494	0
AJLHJOPO_00495	0
AJLHJOPO_00496	0
AJLHJOPO_00497	0
AJLHJOPO_00498	0
AJLHJOPO_00499	0
AJLHJOPO_00500	0
AJLHJOPO_00501	0
AJLHJOPO_00502	0
AJLHJOPO_00503	0
AJLHJOPO_00504	0
AJLHJOPO_00505	0
AJLHJOPO_00506	0
AJLHJOPO_00507	0
AJLHJOPO_00508	0
AJLHJOPO_00509	0
AJLHJOPO_00510	0
AJLHJOPO_00511	0
AJLHJOPO_00512	0
AJLHJOPO_00513	0
AJLHJOPO_00514	0
AJLHJOPO_00515	0
AJLHJOPO_00516	0
AJLHJOPO_00517	0
AJLHJOPO_00518	0
AJLHJOPO_00519	0
AJLHJOPO_00520	0
AJLHJOPO_00521	0
AJLHJOPO_00522	0
AJLHJOPO_00523	0
AJLHJOPO_00524	0
AJLHJOPO_00525	0
AJLHJOPO_00526	2
AJLHJOPO_00527	0
AJLHJOPO_00528	0
AJLHJOPO_00529	0
AJLHJOPO_00530	0
AJLHJOPO_00531	1
AJLHJOPO_00532	0
AJLHJOPO_00533	2
AJLHJOPO_00534	0
AJLHJOPO_00535	0
AJLHJOPO_00536	0
AJLHJOPO_00537	0
AJLHJOPO_00538	0
AJLHJOPO_00539	0
AJLHJOPO_00540	0
AJLHJOPO_00541	0
AJLHJOPO_00542	0
AJLHJOPO_00543	0
AJLHJOPO_00544	0
AJLHJOPO_00545	0
AJLHJOPO_00546	0
AJLHJOPO_00547	0
AJLHJOPO_00548	0
AJLHJOPO_00549	0
AJLHJOPO_00550	0
AJLHJOPO_00551	0
AJLHJOPO_00552	0
AJLHJOPO_00553	0
AJLHJOPO_00554	0
AJLHJOPO_00555	0
AJLHJOPO_00556	0
AJLHJOPO_00557	0
AJLHJOPO_00558	0
AJLHJOPO_00559	0
AJLHJOPO_00560	0
AJLHJOPO_00561	0
AJLHJOPO_00562	0
AJLHJOPO_00563	0
AJLHJOPO_00564	0
AJLHJOPO_00565	0
AJLHJOPO_00566	0
AJLHJOPO_00567	0
AJLHJOPO_00568	0
AJLHJOPO_00569	0
AJLHJOPO_00570	0
AJLHJOPO_00571	0
AJLHJOPO_00572	0
AJLHJOPO_00573	0
AJLHJOPO_00574	0
AJLHJOPO_00575	0
AJLHJOPO_00576	0
AJLHJOPO_00577	0
AJLHJOPO_00578	0
AJLHJOPO_00579	0
AJLHJOPO_00580	0
AJLHJOPO_00581	0
AJLHJOPO_00582	0
AJLHJOPO_00583	0
AJLHJOPO_00584	0
AJLHJOPO_00585	0
AJLHJOPO_00586	3
AJLHJOPO_00587	0
AJLHJOPO_00588	0
AJLHJOPO_00589	0
AJLHJOPO_00590	0
AJLHJOPO_00591	0
AJLHJOPO_00592	0
AJLHJOPO_00593	0
AJLHJOPO_00594	0
AJLHJOPO_00595	0
AJLHJOPO_00596	0
AJLHJOPO_00597	0
AJLHJOPO_00598	0
AJLHJOPO_00599	0
AJLHJOPO_00600	0
AJLHJOPO_00601	0
AJLHJOPO_00602	0
AJLHJOPO_00603	0
AJLHJOPO_00604	0
AJLHJOPO_00605	0
AJLHJOPO_00606	0
AJLHJOPO_00607	0
AJLHJOPO_00608	0
AJLHJOPO_00609	0
AJLHJOPO_00610	0
AJLHJOPO_00611	0
AJLHJOPO_00612	0
AJLHJOPO_00613	0
AJLHJOPO_00614	0
AJLHJOPO_00615	0
AJLHJOPO_00616	0
AJLHJOPO_00617	0
AJLHJOPO_00618	0
AJLHJOPO_00619	0
AJLHJOPO_00621	0
AJLHJOPO_00622	0
AJLHJOPO_00623	0
AJLHJOPO_00624	0
AJLHJOPO_00625	0
AJLHJOPO_00626	0
AJLHJOPO_00627	0
AJLHJOPO_00628	0
AJLHJOPO_00629	0
AJLHJOPO_00630	0
AJLHJOPO_00631	0
AJLHJOPO_00632	0
AJLHJOPO_00633	0
AJLHJOPO_00634	0
AJLHJOPO_00635	0
AJLHJOPO_00636	0
AJLHJOPO_00637	0
AJLHJOPO_00638	0
AJLHJOPO_00639	0
AJLHJOPO_00640	0
AJLHJOPO_00641	0
AJLHJOPO_00642	0
AJLHJOPO_00643	0
AJLHJOPO_00644	0
AJLHJOPO_00645	0
AJLHJOPO_00646	0
AJLHJOPO_00647	0
AJLHJOPO_00648	0
AJLHJOPO_00649	0
AJLHJOPO_00650	0
AJLHJOPO_00651	0
AJLHJOPO_00652	0
AJLHJOPO_00653	0
AJLHJOPO_00654	0
AJLHJOPO_00655	2
AJLHJOPO_00656	0
AJLHJOPO_00657	0
AJLHJOPO_00658	0
AJLHJOPO_00659	0
AJLHJOPO_00660	1
AJLHJOPO_00661	0
AJLHJOPO_00662	0
AJLHJOPO_00663	0
AJLHJOPO_00664	0
AJLHJOPO_00665	0
AJLHJOPO_00666	0
AJLHJOPO_00667	0
AJLHJOPO_00668	0
AJLHJOPO_00669	0
AJLHJOPO_00670	0
AJLHJOPO_00671	0
AJLHJOPO_00672	0
AJLHJOPO_00673	0
AJLHJOPO_00674	0
AJLHJOPO_00675	0
AJLHJOPO_00676	0
AJLHJOPO_00677	0
AJLHJOPO_00678	0
AJLHJOPO_00679	0
AJLHJOPO_00680	0
AJLHJOPO_00681	0
AJLHJOPO_00682	0
AJLHJOPO_00683	0
AJLHJOPO_00684	0
AJLHJOPO_00685	0
AJLHJOPO_00686	0
AJLHJOPO_00687	0
AJLHJOPO_00688	0
AJLHJOPO_00689	0
AJLHJOPO_00690	0
AJLHJOPO_00691	0
AJLHJOPO_00692	0
AJLHJOPO_00693	0
AJLHJOPO_00694	0
AJLHJOPO_00695	0
AJLHJOPO_00696	0
AJLHJOPO_00697	0
AJLHJOPO_00698	0
AJLHJOPO_00699	0
AJLHJOPO_00700	0
AJLHJOPO_00701	0
AJLHJOPO_00702	0
AJLHJOPO_00703	0
AJLHJOPO_00704	0
AJLHJOPO_00705	0
AJLHJOPO_00706	0
AJLHJOPO_00707	0
AJLHJOPO_00708	0
AJLHJOPO_00709	0
AJLHJOPO_00710	0
AJLHJOPO_00711	0
AJLHJOPO_00712	0
AJLHJOPO_00713	0
AJLHJOPO_00714	0
AJLHJOPO_00715	0
AJLHJOPO_00716	6
AJLHJOPO_00717	0
AJLHJOPO_00718	0
AJLHJOPO_00719	0
AJLHJOPO_00720	0
AJLHJOPO_00721	0
AJLHJOPO_00722	0
AJLHJOPO_00723	0
AJLHJOPO_00724	0
AJLHJOPO_00725	0
AJLHJOPO_00726	0
AJLHJOPO_00727	3
AJLHJOPO_00728	0
AJLHJOPO_00729	0
AJLHJOPO_00730	0
AJLHJOPO_00731	0
AJLHJOPO_00732	0
AJLHJOPO_00733	0
AJLHJOPO_00734	0
AJLHJOPO_00735	0
AJLHJOPO_00736	0
AJLHJOPO_00737	0
AJLHJOPO_00738	0
AJLHJOPO_00739	0
AJLHJOPO_00740	0
AJLHJOPO_00741	0
AJLHJOPO_00742	0
AJLHJOPO_00743	0
AJLHJOPO_00744	0
AJLHJOPO_00745	0
AJLHJOPO_00746	0
AJLHJOPO_00747	0
AJLHJOPO_00748	0
AJLHJOPO_00749	0
AJLHJOPO_00750	0
AJLHJOPO_00751	0
AJLHJOPO_00752	0
AJLHJOPO_00753	0
AJLHJOPO_00754	0
AJLHJOPO_00755	0
AJLHJOPO_00756	0
AJLHJOPO_00757	0
AJLHJOPO_00758	0
AJLHJOPO_00759	0
AJLHJOPO_00760	0
AJLHJOPO_00761	0
AJLHJOPO_00762	0
AJLHJOPO_00763	0
AJLHJOPO_00764	0
AJLHJOPO_00765	0
AJLHJOPO_00766	0
AJLHJOPO_00767	0
AJLHJOPO_00768	0
AJLHJOPO_00769	0
AJLHJOPO_00770	0
AJLHJOPO_00771	0
AJLHJOPO_00772	0
AJLHJOPO_00773	0
AJLHJOPO_00774	0
AJLHJOPO_00775	0
AJLHJOPO_00776	0
AJLHJOPO_00777	0
AJLHJOPO_00778	0
AJLHJOPO_00779	0
AJLHJOPO_00780	0
AJLHJOPO_00781	0
AJLHJOPO_00782	0
AJLHJOPO_00783	0
AJLHJOPO_00784	0
AJLHJOPO_00786	0
AJLHJOPO_00787	0
AJLHJOPO_00788	0
AJLHJOPO_00789	0
AJLHJOPO_00790	0
AJLHJOPO_00791	0
AJLHJOPO_00792	0
AJLHJOPO_00793	0
AJLHJOPO_00794	0
AJLHJOPO_00795	0
AJLHJOPO_00796	0
AJLHJOPO_00797	0
AJLHJOPO_00798	0
AJLHJOPO_00799	0
AJLHJOPO_00800	0
AJLHJOPO_00801	0
AJLHJOPO_00802	0
AJLHJOPO_00803	0
AJLHJOPO_00804	0
AJLHJOPO_00805	0
AJLHJOPO_00806	0
AJLHJOPO_00807	0
AJLHJOPO_00808	0
AJLHJOPO_00809	0
AJLHJOPO_00810	0
AJLHJOPO_00811	0
AJLHJOPO_00812	0
AJLHJOPO_00813	0
AJLHJOPO_00814	0
AJLHJOPO_00815	0
AJLHJOPO_00816	0
AJLHJOPO_00817	0
AJLHJOPO_00818	0
AJLHJOPO_00819	0
AJLHJOPO_00820	0
AJLHJOPO_00821	0
AJLHJOPO_00822	0
AJLHJOPO_00823	0
AJLHJOPO_00824	0
AJLHJOPO_00825	0
AJLHJOPO_00826	0
AJLHJOPO_00827	0
AJLHJOPO_00828	0
AJLHJOPO_00829	0
AJLHJOPO_00830	0
AJLHJOPO_00831	0
AJLHJOPO_00832	0
AJLHJOPO_00833	0
AJLHJOPO_00834	0
AJLHJOPO_00835	0
AJLHJOPO_00836	0
AJLHJOPO_00837	0
AJLHJOPO_00838	0
AJLHJOPO_00839	0
AJLHJOPO_00840	0
AJLHJOPO_00841	0
AJLHJOPO_00842	0
AJLHJOPO_00843	0
AJLHJOPO_00844	0
AJLHJOPO_00845	0
AJLHJOPO_00846	0
AJLHJOPO_00847	0
AJLHJOPO_00848	1
AJLHJOPO_00849	0
AJLHJOPO_00850	0
AJLHJOPO_00851	0
AJLHJOPO_00852	0
AJLHJOPO_00853	0
AJLHJOPO_00854	0
AJLHJOPO_00855	0
AJLHJOPO_00856	0
AJLHJOPO_00857	0
AJLHJOPO_00858	0
AJLHJOPO_00859	0
AJLHJOPO_00860	0
AJLHJOPO_00862	0
AJLHJOPO_00863	0
AJLHJOPO_00864	0
AJLHJOPO_00865	0
AJLHJOPO_00866	0
AJLHJOPO_00867	0
AJLHJOPO_00868	0
AJLHJOPO_00869	0
AJLHJOPO_00870	0
AJLHJOPO_00871	0
AJLHJOPO_00872	0
AJLHJOPO_00873	0
AJLHJOPO_00874	0
AJLHJOPO_00875	0
AJLHJOPO_00876	0
AJLHJOPO_00877	0
AJLHJOPO_00878	2
AJLHJOPO_00879	0
AJLHJOPO_00880	0
AJLHJOPO_00881	0
AJLHJOPO_00882	0
AJLHJOPO_00883	0
AJLHJOPO_00884	0
AJLHJOPO_00885	0
AJLHJOPO_00886	0
AJLHJOPO_00887	0
AJLHJOPO_00888	0
AJLHJOPO_00889	4
AJLHJOPO_00890	0
AJLHJOPO_00891	0
AJLHJOPO_00892	0
AJLHJOPO_00893	0
AJLHJOPO_00894	0
AJLHJOPO_00895	0
AJLHJOPO_00896	0
AJLHJOPO_00897	0
AJLHJOPO_00898	0
AJLHJOPO_00899	0
AJLHJOPO_00900	0
AJLHJOPO_00901	0
AJLHJOPO_00902	0
AJLHJOPO_00903	0
AJLHJOPO_00904	0
AJLHJOPO_00905	0
AJLHJOPO_00906	0
AJLHJOPO_00907	0
AJLHJOPO_00908	0
AJLHJOPO_00909	0
AJLHJOPO_00910	0
AJLHJOPO_00911	0
AJLHJOPO_00912	0
AJLHJOPO_00913	0
AJLHJOPO_00914	0
AJLHJOPO_00915	0
AJLHJOPO_00916	0
AJLHJOPO_00917	0
AJLHJOPO_00918	0
AJLHJOPO_00919	0
AJLHJOPO_00920	0
AJLHJOPO_00921	0
AJLHJOPO_00922	0
AJLHJOPO_00923	2
AJLHJOPO_00924	0
AJLHJOPO_00925	0
AJLHJOPO_00926	0
AJLHJOPO_00927	0
AJLHJOPO_00928	0
AJLHJOPO_00929	0
AJLHJOPO_00930	0
AJLHJOPO_00931	0
AJLHJOPO_00932	0
AJLHJOPO_00933	0
AJLHJOPO_00934	0
AJLHJOPO_00935	0
AJLHJOPO_00936	0
AJLHJOPO_00937	0
AJLHJOPO_00938	0
AJLHJOPO_00939	0
AJLHJOPO_00940	0
AJLHJOPO_00941	0
AJLHJOPO_00942	1
AJLHJOPO_00943	0
AJLHJOPO_00944	0
AJLHJOPO_00945	0
AJLHJOPO_00946	0
AJLHJOPO_00947	0
AJLHJOPO_00948	0
AJLHJOPO_00949	0
AJLHJOPO_00950	4
AJLHJOPO_00951	0
AJLHJOPO_00952	0
AJLHJOPO_00953	0
AJLHJOPO_00954	0
AJLHJOPO_00955	0
AJLHJOPO_00956	0
AJLHJOPO_00957	0
AJLHJOPO_00958	0
AJLHJOPO_00959	0
AJLHJOPO_00960	0
AJLHJOPO_00961	0
AJLHJOPO_00962	0
AJLHJOPO_00963	0
AJLHJOPO_00964	0
AJLHJOPO_00965	0
AJLHJOPO_00966	0
AJLHJOPO_00967	0
AJLHJOPO_00968	0
AJLHJOPO_00969	0
AJLHJOPO_00970	0
AJLHJOPO_00971	1
AJLHJOPO_00972	0
AJLHJOPO_00973	0
AJLHJOPO_00974	0
AJLHJOPO_00975	0
AJLHJOPO_00976	0
AJLHJOPO_00977	0
AJLHJOPO_00978	0
AJLHJOPO_00979	0
AJLHJOPO_00980	0
AJLHJOPO_00981	0
AJLHJOPO_00982	0
AJLHJOPO_00983	0
AJLHJOPO_00984	0
AJLHJOPO_00985	0
AJLHJOPO_00986	0
AJLHJOPO_00987	0
AJLHJOPO_00988	0
AJLHJOPO_00989	0
AJLHJOPO_00990	0
AJLHJOPO_00991	0
AJLHJOPO_00992	0
AJLHJOPO_00993	0
AJLHJOPO_00994	0
AJLHJOPO_00995	0
AJLHJOPO_00996	0
AJLHJOPO_00997	0
AJLHJOPO_00998	0
AJLHJOPO_00999	0
AJLHJOPO_01000	0
AJLHJOPO_01001	0
AJLHJOPO_01002	0
AJLHJOPO_01003	0
AJLHJOPO_01004	0
AJLHJOPO_01005	0
AJLHJOPO_01006	1
AJLHJOPO_01007	0
AJLHJOPO_01008	0
AJLHJOPO_01009	0
AJLHJOPO_01010	0
AJLHJOPO_01011	0
AJLHJOPO_01012	0
AJLHJOPO_01013	0
AJLHJOPO_01014	0
AJLHJOPO_01015	0
AJLHJOPO_01017	0
AJLHJOPO_01018	0
AJLHJOPO_01019	0
AJLHJOPO_01020	0
AJLHJOPO_01021	0
AJLHJOPO_01022	0
AJLHJOPO_01023	0
AJLHJOPO_01024	0
AJLHJOPO_01025	0
AJLHJOPO_01026	0
AJLHJOPO_01027	0
AJLHJOPO_01028	0
AJLHJOPO_01029	0
AJLHJOPO_01030	0
AJLHJOPO_01031	0
AJLHJOPO_01032	2
AJLHJOPO_01036	2
AJLHJOPO_01037	0
AJLHJOPO_01038	0
AJLHJOPO_01039	0
AJLHJOPO_01040	0
AJLHJOPO_01041	0
AJLHJOPO_01042	0
AJLHJOPO_01043	0
AJLHJOPO_01044	0
AJLHJOPO_01045	0
AJLHJOPO_01046	0
AJLHJOPO_01047	0
AJLHJOPO_01048	0
AJLHJOPO_01049	0
AJLHJOPO_01050	0
AJLHJOPO_01051	0
AJLHJOPO_01052	0
AJLHJOPO_01053	0
AJLHJOPO_01054	0
AJLHJOPO_01055	0
AJLHJOPO_01056	0
AJLHJOPO_01057	0
AJLHJOPO_01058	0
AJLHJOPO_01059	0
AJLHJOPO_01060	0
AJLHJOPO_01061	0
AJLHJOPO_01062	0
AJLHJOPO_01063	0
AJLHJOPO_01064	0
AJLHJOPO_01065	0
AJLHJOPO_01066	0
AJLHJOPO_01067	0
AJLHJOPO_01068	0
AJLHJOPO_01069	0
AJLHJOPO_01070	0
AJLHJOPO_01071	0
AJLHJOPO_01072	0
AJLHJOPO_01073	0
AJLHJOPO_01074	0
AJLHJOPO_01075	0
AJLHJOPO_01076	0
AJLHJOPO_01077	0
AJLHJOPO_01078	0
AJLHJOPO_01079	0
AJLHJOPO_01080	0
AJLHJOPO_01081	0
AJLHJOPO_01082	0
AJLHJOPO_01083	0
AJLHJOPO_01084	0
AJLHJOPO_01085	5
AJLHJOPO_01086	0
AJLHJOPO_01087	0
AJLHJOPO_01088	0
AJLHJOPO_01089	2
AJLHJOPO_01090	0
AJLHJOPO_01091	0
AJLHJOPO_01092	0
AJLHJOPO_01093	0
AJLHJOPO_01094	0
AJLHJOPO_01095	0
AJLHJOPO_01096	0
AJLHJOPO_01097	0
AJLHJOPO_01098	0
AJLHJOPO_01099	0
AJLHJOPO_01100	0
AJLHJOPO_01101	0
AJLHJOPO_01103	0
AJLHJOPO_01104	0
AJLHJOPO_01105	0
AJLHJOPO_01106	0
AJLHJOPO_01107	0
AJLHJOPO_01109	0
AJLHJOPO_01110	0
AJLHJOPO_01111	0
AJLHJOPO_01112	0
AJLHJOPO_01113	0
AJLHJOPO_01114	0
AJLHJOPO_01115	0
AJLHJOPO_01116	0
AJLHJOPO_01117	0
AJLHJOPO_01118	0
AJLHJOPO_01119	0
AJLHJOPO_01120	0
AJLHJOPO_01121	0
AJLHJOPO_01122	0
AJLHJOPO_01123	0
AJLHJOPO_01124	0
AJLHJOPO_01125	0
AJLHJOPO_01126	8
AJLHJOPO_01127	0
AJLHJOPO_01128	0
AJLHJOPO_01129	0
AJLHJOPO_01130	0
AJLHJOPO_01131	0
AJLHJOPO_01132	0
AJLHJOPO_01133	0
AJLHJOPO_01134	0
AJLHJOPO_01135	0
AJLHJOPO_01136	0
AJLHJOPO_01137	0
AJLHJOPO_01138	0
AJLHJOPO_01139	0
AJLHJOPO_01140	0
AJLHJOPO_01141	0
AJLHJOPO_01142	0
AJLHJOPO_01143	0
AJLHJOPO_01144	0
AJLHJOPO_01145	0
AJLHJOPO_01146	0
AJLHJOPO_01147	0
AJLHJOPO_01148	0
AJLHJOPO_01149	0
AJLHJOPO_01150	0
AJLHJOPO_01151	0
AJLHJOPO_01152	0
AJLHJOPO_01153	0
AJLHJOPO_01154	0
AJLHJOPO_01156	0
AJLHJOPO_01160	0
AJLHJOPO_01161	0
AJLHJOPO_01162	0
AJLHJOPO_01163	2
AJLHJOPO_01164	0
AJLHJOPO_01165	0
AJLHJOPO_01166	0
AJLHJOPO_01167	0
AJLHJOPO_01168	0
AJLHJOPO_01169	0
AJLHJOPO_01170	0
AJLHJOPO_01171	0
AJLHJOPO_01172	0
AJLHJOPO_01173	0
AJLHJOPO_01174	0
AJLHJOPO_01175	0
AJLHJOPO_01176	0
AJLHJOPO_01177	0
AJLHJOPO_01178	0
AJLHJOPO_01179	0
AJLHJOPO_01180	0
AJLHJOPO_01181	0
AJLHJOPO_01182	0
AJLHJOPO_01183	0
AJLHJOPO_01184	0
AJLHJOPO_01185	0
AJLHJOPO_01186	0
AJLHJOPO_01187	0
AJLHJOPO_01188	0
AJLHJOPO_01189	0
AJLHJOPO_01190	0
AJLHJOPO_01191	0
AJLHJOPO_01193	0
AJLHJOPO_01194	0
AJLHJOPO_01195	0
AJLHJOPO_01196	0
AJLHJOPO_01197	0
AJLHJOPO_01198	0
AJLHJOPO_01199	0
AJLHJOPO_01200	0
AJLHJOPO_01201	0
AJLHJOPO_01202	0
AJLHJOPO_01203	0
AJLHJOPO_01204	0
AJLHJOPO_01205	0
AJLHJOPO_01206	0
AJLHJOPO_01208	0
AJLHJOPO_01209	0
AJLHJOPO_01210	0
AJLHJOPO_01211	0
AJLHJOPO_01212	0
AJLHJOPO_01213	0
AJLHJOPO_01214	0
AJLHJOPO_01215	0
AJLHJOPO_01216	0
AJLHJOPO_01217	0
AJLHJOPO_01218	0
AJLHJOPO_01219	0
AJLHJOPO_01220	0
AJLHJOPO_01221	0
AJLHJOPO_01222	0
AJLHJOPO_01223	0
AJLHJOPO_01224	0
AJLHJOPO_01225	0
AJLHJOPO_01226	0
AJLHJOPO_01227	0
AJLHJOPO_01228	0
AJLHJOPO_01229	0
AJLHJOPO_01230	0
AJLHJOPO_01231	0
AJLHJOPO_01232	0
AJLHJOPO_01233	0
AJLHJOPO_01234	0
AJLHJOPO_01235	0
AJLHJOPO_01236	0
AJLHJOPO_01237	0
AJLHJOPO_01238	0
AJLHJOPO_01239	0
AJLHJOPO_01240	0
AJLHJOPO_01241	0
AJLHJOPO_01242	0
AJLHJOPO_01243	0
AJLHJOPO_01244	0
AJLHJOPO_01245	0
AJLHJOPO_01246	0
AJLHJOPO_01247	0
AJLHJOPO_01248	0
AJLHJOPO_01249	0
AJLHJOPO_01250	0
AJLHJOPO_01251	0
AJLHJOPO_01252	0
AJLHJOPO_01253	0
AJLHJOPO_01254	2
AJLHJOPO_01255	0
AJLHJOPO_01256	0
AJLHJOPO_01259	0
AJLHJOPO_01260	0
AJLHJOPO_01261	0
AJLHJOPO_01262	0
AJLHJOPO_01263	0
AJLHJOPO_01264	0
AJLHJOPO_01265	0
AJLHJOPO_01266	0
AJLHJOPO_01267	0
AJLHJOPO_01268	0
AJLHJOPO_01269	0
AJLHJOPO_01270	0
AJLHJOPO_01271	0
AJLHJOPO_01272	0
AJLHJOPO_01273	0
AJLHJOPO_01274	0
AJLHJOPO_01275	0
AJLHJOPO_01276	0
AJLHJOPO_01277	0
AJLHJOPO_01278	0
AJLHJOPO_01279	0
AJLHJOPO_01280	0
AJLHJOPO_01281	0
AJLHJOPO_01282	0
AJLHJOPO_01283	0
AJLHJOPO_01284	0
AJLHJOPO_01285	0
AJLHJOPO_01286	0
AJLHJOPO_01287	0
AJLHJOPO_01288	0
AJLHJOPO_01289	0
AJLHJOPO_01290	0
AJLHJOPO_01291	0
AJLHJOPO_01292	0
AJLHJOPO_01293	0
AJLHJOPO_01294	0
AJLHJOPO_01295	0
AJLHJOPO_01296	0
AJLHJOPO_01297	0
AJLHJOPO_01298	0
AJLHJOPO_01299	0
AJLHJOPO_01300	0
AJLHJOPO_01301	0
AJLHJOPO_01302	0
AJLHJOPO_01303	0
AJLHJOPO_01304	0
AJLHJOPO_01305	0
AJLHJOPO_01306	0
AJLHJOPO_01307	0
AJLHJOPO_01308	0
AJLHJOPO_01309	0
AJLHJOPO_01310	0
AJLHJOPO_01311	0
AJLHJOPO_01312	0
AJLHJOPO_01313	0
AJLHJOPO_01314	0
AJLHJOPO_01315	0
AJLHJOPO_01316	0
AJLHJOPO_01317	0
AJLHJOPO_01318	0
AJLHJOPO_01319	0
AJLHJOPO_01320	0
AJLHJOPO_01321	0
AJLHJOPO_01322	0
AJLHJOPO_01323	0
AJLHJOPO_01324	0
AJLHJOPO_01325	0
AJLHJOPO_01327	0
AJLHJOPO_01328	0
AJLHJOPO_01329	0
AJLHJOPO_01330	0
AJLHJOPO_01331	0
AJLHJOPO_01332	0
AJLHJOPO_01333	0
AJLHJOPO_01334	0
AJLHJOPO_01335	0
AJLHJOPO_01336	0
AJLHJOPO_01337	0
AJLHJOPO_01338	0
AJLHJOPO_01339	0
AJLHJOPO_01340	0
AJLHJOPO_01341	0
AJLHJOPO_01342	0
AJLHJOPO_01343	0
AJLHJOPO_01344	0
AJLHJOPO_01345	0
AJLHJOPO_01346	0
AJLHJOPO_01347	0
AJLHJOPO_01348	0
AJLHJOPO_01349	0
AJLHJOPO_01350	0
AJLHJOPO_01351	0
AJLHJOPO_01352	2
AJLHJOPO_01353	0
AJLHJOPO_01355	0
AJLHJOPO_01356	0
AJLHJOPO_01357	0
AJLHJOPO_01358	0
AJLHJOPO_01359	0
AJLHJOPO_01360	0
AJLHJOPO_01361	0
AJLHJOPO_01362	0
AJLHJOPO_01363	0
AJLHJOPO_01364	0
AJLHJOPO_01365	0
AJLHJOPO_01366	0
AJLHJOPO_01367	0
AJLHJOPO_01368	1
AJLHJOPO_01369	0
AJLHJOPO_01370	0
AJLHJOPO_01371	0
AJLHJOPO_01372	0
AJLHJOPO_01373	0
AJLHJOPO_01374	0
AJLHJOPO_01375	0
AJLHJOPO_01376	0
AJLHJOPO_01377	0
AJLHJOPO_01378	0
AJLHJOPO_01379	0
AJLHJOPO_01380	0
AJLHJOPO_01381	0
AJLHJOPO_01382	0
AJLHJOPO_01383	0
AJLHJOPO_01384	0
AJLHJOPO_01385	0
AJLHJOPO_01386	0
AJLHJOPO_01387	0
AJLHJOPO_01388	0
AJLHJOPO_01389	0
AJLHJOPO_01390	0
AJLHJOPO_01391	0
AJLHJOPO_01392	0
AJLHJOPO_01393	0
AJLHJOPO_01394	0
AJLHJOPO_01395	0
AJLHJOPO_01396	0
AJLHJOPO_01397	0
AJLHJOPO_01398	0
AJLHJOPO_01399	0
AJLHJOPO_01400	0
AJLHJOPO_01401	0
AJLHJOPO_01402	0
AJLHJOPO_01403	0
AJLHJOPO_01404	0
AJLHJOPO_01405	0
AJLHJOPO_01406	0
AJLHJOPO_01407	1
AJLHJOPO_01408	0
AJLHJOPO_01409	0
AJLHJOPO_01410	0
AJLHJOPO_01411	0
AJLHJOPO_01412	1
AJLHJOPO_01413	0
AJLHJOPO_01414	0
AJLHJOPO_01415	0
AJLHJOPO_01416	0
AJLHJOPO_01417	0
AJLHJOPO_01418	0
AJLHJOPO_01419	0
AJLHJOPO_01420	0
AJLHJOPO_01421	0
AJLHJOPO_01422	0
AJLHJOPO_01423	0
AJLHJOPO_01424	0
AJLHJOPO_01425	0
AJLHJOPO_01426	0
AJLHJOPO_01427	0
AJLHJOPO_01428	0
AJLHJOPO_01429	0
AJLHJOPO_01431	0
AJLHJOPO_01432	0
AJLHJOPO_01433	0
AJLHJOPO_01434	0
AJLHJOPO_01435	0
AJLHJOPO_01436	0
AJLHJOPO_01437	0
AJLHJOPO_01438	0
AJLHJOPO_01439	0
AJLHJOPO_01440	0
AJLHJOPO_01441	0
AJLHJOPO_01442	0
AJLHJOPO_01443	0
AJLHJOPO_01444	0
AJLHJOPO_01445	0
AJLHJOPO_01446	0
AJLHJOPO_01447	0
AJLHJOPO_01448	0
AJLHJOPO_01449	0
AJLHJOPO_01450	0
AJLHJOPO_01451	0
AJLHJOPO_01452	0
AJLHJOPO_01453	0
AJLHJOPO_01454	0
AJLHJOPO_01455	0
AJLHJOPO_01456	0
AJLHJOPO_01457	0
AJLHJOPO_01458	0
AJLHJOPO_01459	0
AJLHJOPO_01460	0
AJLHJOPO_01461	0
AJLHJOPO_01462	0
AJLHJOPO_01463	0
AJLHJOPO_01464	0
AJLHJOPO_01465	0
AJLHJOPO_01466	0
AJLHJOPO_01467	0
AJLHJOPO_01468	0
AJLHJOPO_01469	0
AJLHJOPO_01470	0
AJLHJOPO_01471	0
AJLHJOPO_01472	0
AJLHJOPO_01473	0
AJLHJOPO_01474	0
AJLHJOPO_01475	0
AJLHJOPO_01476	1
AJLHJOPO_01477	0
AJLHJOPO_01478	0
AJLHJOPO_01479	2
AJLHJOPO_01480	0
AJLHJOPO_01481	0
AJLHJOPO_01482	0
AJLHJOPO_01483	0
AJLHJOPO_01484	0
AJLHJOPO_01485	0
AJLHJOPO_01486	0
AJLHJOPO_01487	0
AJLHJOPO_01488	0
AJLHJOPO_01489	0
AJLHJOPO_01490	0
AJLHJOPO_01491	0
AJLHJOPO_01492	0
AJLHJOPO_01493	0
AJLHJOPO_01494	0
AJLHJOPO_01495	0
AJLHJOPO_01496	0
AJLHJOPO_01497	0
AJLHJOPO_01498	0
AJLHJOPO_01499	0
AJLHJOPO_01500	0
AJLHJOPO_01501	0
AJLHJOPO_01502	0
AJLHJOPO_01503	0
AJLHJOPO_01504	0
AJLHJOPO_01505	0
AJLHJOPO_01506	0
AJLHJOPO_01507	0
AJLHJOPO_01508	0
AJLHJOPO_01509	0
AJLHJOPO_01510	0
AJLHJOPO_01511	0
AJLHJOPO_01512	0
AJLHJOPO_01513	0
AJLHJOPO_01514	0
AJLHJOPO_01515	0
AJLHJOPO_01516	0
AJLHJOPO_01517	0
AJLHJOPO_01518	0
AJLHJOPO_01519	0
AJLHJOPO_01520	0
AJLHJOPO_01521	0
AJLHJOPO_01522	0
AJLHJOPO_01524	0
AJLHJOPO_01525	0
AJLHJOPO_01526	0
AJLHJOPO_01527	0
AJLHJOPO_01529	0
AJLHJOPO_01530	0
AJLHJOPO_01531	0
AJLHJOPO_01532	0
AJLHJOPO_01533	0
AJLHJOPO_01534	0
AJLHJOPO_01535	0
AJLHJOPO_01536	0
AJLHJOPO_01537	0
AJLHJOPO_01538	0
AJLHJOPO_01539	0
AJLHJOPO_01540	0
AJLHJOPO_01541	0
AJLHJOPO_01542	0
AJLHJOPO_01543	0
AJLHJOPO_01544	0
AJLHJOPO_01545	0
AJLHJOPO_01546	0
AJLHJOPO_01547	0
AJLHJOPO_01548	1
AJLHJOPO_01549	0
AJLHJOPO_01550	0
AJLHJOPO_01551	0
AJLHJOPO_01552	0
AJLHJOPO_01553	0
AJLHJOPO_01554	0
AJLHJOPO_01555	0
AJLHJOPO_01556	0
AJLHJOPO_01557	0
AJLHJOPO_01558	0
AJLHJOPO_01559	0
AJLHJOPO_01560	1
AJLHJOPO_01561	0
AJLHJOPO_01562	0
AJLHJOPO_01563	0
AJLHJOPO_01564	0
AJLHJOPO_01565	0
AJLHJOPO_01566	0
AJLHJOPO_01567	0
AJLHJOPO_01568	0
AJLHJOPO_01569	0
AJLHJOPO_01570	0
AJLHJOPO_01571	0
AJLHJOPO_01572	0
AJLHJOPO_01573	0
AJLHJOPO_01574	0
AJLHJOPO_01575	0
AJLHJOPO_01576	0
AJLHJOPO_01577	0
AJLHJOPO_01578	0
AJLHJOPO_01579	0
AJLHJOPO_01580	0
AJLHJOPO_01582	0
AJLHJOPO_01583	0
AJLHJOPO_01584	0
AJLHJOPO_01585	0
AJLHJOPO_01586	0
AJLHJOPO_01587	0
AJLHJOPO_01588	0
AJLHJOPO_01589	0
AJLHJOPO_01590	0
AJLHJOPO_01591	0
AJLHJOPO_01592	0
AJLHJOPO_01593	0
AJLHJOPO_01594	0
AJLHJOPO_01595	0
AJLHJOPO_01596	0
AJLHJOPO_01597	0
AJLHJOPO_01598	0
AJLHJOPO_01599	0
AJLHJOPO_01600	0
AJLHJOPO_01601	0
AJLHJOPO_01602	0
AJLHJOPO_01603	0
AJLHJOPO_01604	0
AJLHJOPO_01605	0
AJLHJOPO_01606	0
AJLHJOPO_01607	0
AJLHJOPO_01608	0
AJLHJOPO_01609	0
AJLHJOPO_01610	0
AJLHJOPO_01611	0
AJLHJOPO_01612	0
AJLHJOPO_01613	2
AJLHJOPO_01614	0
AJLHJOPO_01615	0
AJLHJOPO_01616	0
AJLHJOPO_01617	0
AJLHJOPO_01618	0
AJLHJOPO_01619	0
AJLHJOPO_01620	0
AJLHJOPO_01621	0
AJLHJOPO_01622	0
AJLHJOPO_01623	0
AJLHJOPO_01624	0
AJLHJOPO_01625	0
AJLHJOPO_01626	0
AJLHJOPO_01627	0
AJLHJOPO_01628	0
AJLHJOPO_01629	0
AJLHJOPO_01630	0
AJLHJOPO_01631	1
AJLHJOPO_01632	0
AJLHJOPO_01633	0
AJLHJOPO_01634	0
AJLHJOPO_01635	0
AJLHJOPO_01636	0
AJLHJOPO_01637	0
AJLHJOPO_01638	0
AJLHJOPO_01639	0
AJLHJOPO_01642	0
AJLHJOPO_01643	0
AJLHJOPO_01644	0
AJLHJOPO_01645	0
AJLHJOPO_01646	0
AJLHJOPO_01647	0
AJLHJOPO_01648	0
AJLHJOPO_01649	0
AJLHJOPO_01650	0
AJLHJOPO_01651	0
AJLHJOPO_01652	0
AJLHJOPO_01653	0
AJLHJOPO_01654	0
AJLHJOPO_01655	0
AJLHJOPO_01656	0
AJLHJOPO_01657	0
AJLHJOPO_01658	0
AJLHJOPO_01659	0
AJLHJOPO_01660	1
AJLHJOPO_01661	0
AJLHJOPO_01662	0
AJLHJOPO_01663	0
AJLHJOPO_01664	0
AJLHJOPO_01665	0
AJLHJOPO_01666	0
AJLHJOPO_01667	0
AJLHJOPO_01668	0
AJLHJOPO_01669	0
AJLHJOPO_01670	0
AJLHJOPO_01671	0
AJLHJOPO_01672	0
AJLHJOPO_01673	2
AJLHJOPO_01674	0
AJLHJOPO_01675	0
AJLHJOPO_01676	0
AJLHJOPO_01677	0
AJLHJOPO_01678	0
AJLHJOPO_01679	0
AJLHJOPO_01680	0
AJLHJOPO_01681	0
AJLHJOPO_01682	0
AJLHJOPO_01683	0
AJLHJOPO_01684	0
AJLHJOPO_01685	0
AJLHJOPO_01686	2
AJLHJOPO_01687	5
AJLHJOPO_01688	0
AJLHJOPO_01689	3
AJLHJOPO_01690	0
AJLHJOPO_01691	0
AJLHJOPO_01692	0
AJLHJOPO_01693	0
AJLHJOPO_01694	0
AJLHJOPO_01695	0
AJLHJOPO_01696	0
AJLHJOPO_01697	0
AJLHJOPO_01698	0
AJLHJOPO_01699	0
AJLHJOPO_01700	0
AJLHJOPO_01701	0
AJLHJOPO_01702	0
AJLHJOPO_01703	0
AJLHJOPO_01704	0
AJLHJOPO_01705	0
AJLHJOPO_01706	0
AJLHJOPO_01707	0
AJLHJOPO_01708	0
AJLHJOPO_01709	0
AJLHJOPO_01710	0
AJLHJOPO_01711	0
AJLHJOPO_01712	0
AJLHJOPO_01713	0
AJLHJOPO_01714	0
AJLHJOPO_01715	0
AJLHJOPO_01716	0
AJLHJOPO_01717	0
AJLHJOPO_01718	0
AJLHJOPO_01719	0
AJLHJOPO_01720	0
AJLHJOPO_01721	0
AJLHJOPO_01722	0
AJLHJOPO_01723	0
AJLHJOPO_01724	0
AJLHJOPO_01725	0
AJLHJOPO_01726	0
AJLHJOPO_01727	0
AJLHJOPO_01728	0
AJLHJOPO_01729	0
AJLHJOPO_01730	0
AJLHJOPO_01731	0
AJLHJOPO_01732	0
AJLHJOPO_01733	0
AJLHJOPO_01734	0
AJLHJOPO_01735	0
AJLHJOPO_01736	0
AJLHJOPO_01737	0
AJLHJOPO_01738	0
AJLHJOPO_01739	0
AJLHJOPO_01740	0
AJLHJOPO_01741	0
AJLHJOPO_01742	0
AJLHJOPO_01743	0
AJLHJOPO_01745	0
AJLHJOPO_01746	0
AJLHJOPO_01747	0
AJLHJOPO_01748	0
AJLHJOPO_01749	0
AJLHJOPO_01750	0
AJLHJOPO_01751	0
__no_feature	1470
__ambiguous	76
__too_low_aQual	4717
__not_aligned	725536
__alignment_not_unique	0
