HOJAHHDM_00001	0
HOJAHHDM_00002	0
HOJAHHDM_00003	0
HOJAHHDM_00004	0
HOJAHHDM_00005	0
HOJAHHDM_00006	0
HOJAHHDM_00007	0
HOJAHHDM_00008	0
HOJAHHDM_00009	0
HOJAHHDM_00010	0
HOJAHHDM_00011	0
HOJAHHDM_00012	0
HOJAHHDM_00013	0
HOJAHHDM_00014	0
HOJAHHDM_00015	0
HOJAHHDM_00016	0
HOJAHHDM_00017	0
HOJAHHDM_00018	0
HOJAHHDM_00019	0
HOJAHHDM_00020	0
HOJAHHDM_00021	0
HOJAHHDM_00022	0
HOJAHHDM_00023	0
HOJAHHDM_00024	0
HOJAHHDM_00025	0
HOJAHHDM_00026	0
HOJAHHDM_00027	0
HOJAHHDM_00028	0
HOJAHHDM_00029	1
HOJAHHDM_00030	0
HOJAHHDM_00031	0
HOJAHHDM_00032	1
HOJAHHDM_00033	0
HOJAHHDM_00034	0
HOJAHHDM_00035	0
HOJAHHDM_00036	0
HOJAHHDM_00037	0
HOJAHHDM_00038	0
HOJAHHDM_00039	0
HOJAHHDM_00040	0
HOJAHHDM_00041	0
HOJAHHDM_00042	1
HOJAHHDM_00043	0
HOJAHHDM_00044	0
HOJAHHDM_00045	0
HOJAHHDM_00046	0
HOJAHHDM_00047	0
HOJAHHDM_00048	0
HOJAHHDM_00049	0
HOJAHHDM_00050	0
HOJAHHDM_00051	0
HOJAHHDM_00052	0
HOJAHHDM_00053	0
HOJAHHDM_00054	0
HOJAHHDM_00055	0
HOJAHHDM_00056	0
HOJAHHDM_00057	0
HOJAHHDM_00058	0
HOJAHHDM_00059	0
HOJAHHDM_00060	0
HOJAHHDM_00061	0
HOJAHHDM_00062	0
HOJAHHDM_00063	0
HOJAHHDM_00064	0
HOJAHHDM_00065	0
HOJAHHDM_00066	1
HOJAHHDM_00067	0
HOJAHHDM_00068	0
HOJAHHDM_00069	0
HOJAHHDM_00070	0
HOJAHHDM_00071	0
HOJAHHDM_00072	0
HOJAHHDM_00073	0
HOJAHHDM_00074	0
HOJAHHDM_00075	0
HOJAHHDM_00076	0
HOJAHHDM_00077	0
HOJAHHDM_00078	0
HOJAHHDM_00080	0
HOJAHHDM_00081	0
HOJAHHDM_00082	0
HOJAHHDM_00083	0
HOJAHHDM_00084	0
HOJAHHDM_00085	0
HOJAHHDM_00086	0
HOJAHHDM_00087	0
HOJAHHDM_00089	0
HOJAHHDM_00090	0
HOJAHHDM_00091	0
HOJAHHDM_00092	0
HOJAHHDM_00093	0
HOJAHHDM_00094	0
HOJAHHDM_00095	0
HOJAHHDM_00096	0
HOJAHHDM_00097	0
HOJAHHDM_00100	1
HOJAHHDM_00101	0
HOJAHHDM_00102	0
HOJAHHDM_00103	1
HOJAHHDM_00104	0
HOJAHHDM_00105	0
HOJAHHDM_00106	0
HOJAHHDM_00107	0
HOJAHHDM_00108	0
HOJAHHDM_00109	0
HOJAHHDM_00110	0
HOJAHHDM_00111	0
HOJAHHDM_00112	0
HOJAHHDM_00113	0
HOJAHHDM_00114	0
HOJAHHDM_00115	0
HOJAHHDM_00116	0
HOJAHHDM_00117	0
HOJAHHDM_00118	0
HOJAHHDM_00119	0
HOJAHHDM_00120	0
HOJAHHDM_00121	0
HOJAHHDM_00122	0
HOJAHHDM_00123	0
HOJAHHDM_00124	0
HOJAHHDM_00125	0
HOJAHHDM_00126	0
HOJAHHDM_00127	0
HOJAHHDM_00128	0
HOJAHHDM_00129	0
HOJAHHDM_00130	0
HOJAHHDM_00131	0
HOJAHHDM_00132	0
HOJAHHDM_00133	0
HOJAHHDM_00134	0
HOJAHHDM_00135	0
HOJAHHDM_00136	0
HOJAHHDM_00137	0
HOJAHHDM_00138	1
HOJAHHDM_00139	0
HOJAHHDM_00140	0
HOJAHHDM_00141	0
HOJAHHDM_00142	0
HOJAHHDM_00143	0
HOJAHHDM_00144	0
HOJAHHDM_00145	1
HOJAHHDM_00146	0
HOJAHHDM_00147	0
HOJAHHDM_00148	0
HOJAHHDM_00149	0
HOJAHHDM_00150	0
HOJAHHDM_00151	2
HOJAHHDM_00152	0
HOJAHHDM_00153	0
HOJAHHDM_00154	0
HOJAHHDM_00155	0
HOJAHHDM_00156	0
HOJAHHDM_00157	0
HOJAHHDM_00158	0
HOJAHHDM_00159	0
HOJAHHDM_00160	0
HOJAHHDM_00161	0
HOJAHHDM_00162	0
HOJAHHDM_00163	1
HOJAHHDM_00164	0
HOJAHHDM_00165	0
HOJAHHDM_00166	0
HOJAHHDM_00167	3
HOJAHHDM_00168	0
HOJAHHDM_00169	0
HOJAHHDM_00170	0
HOJAHHDM_00171	0
HOJAHHDM_00172	0
HOJAHHDM_00173	0
HOJAHHDM_00174	0
HOJAHHDM_00175	0
HOJAHHDM_00176	0
HOJAHHDM_00177	0
HOJAHHDM_00178	0
HOJAHHDM_00179	0
HOJAHHDM_00180	0
HOJAHHDM_00181	0
HOJAHHDM_00182	0
HOJAHHDM_00183	0
HOJAHHDM_00184	0
HOJAHHDM_00185	0
HOJAHHDM_00186	2
HOJAHHDM_00187	0
HOJAHHDM_00188	0
HOJAHHDM_00189	0
HOJAHHDM_00190	0
HOJAHHDM_00192	0
HOJAHHDM_00193	0
HOJAHHDM_00194	0
HOJAHHDM_00195	0
HOJAHHDM_00196	0
HOJAHHDM_00197	0
HOJAHHDM_00198	0
HOJAHHDM_00199	0
HOJAHHDM_00200	0
HOJAHHDM_00201	0
HOJAHHDM_00202	0
HOJAHHDM_00203	0
HOJAHHDM_00204	0
HOJAHHDM_00205	1
HOJAHHDM_00206	0
HOJAHHDM_00207	0
HOJAHHDM_00208	0
HOJAHHDM_00209	0
HOJAHHDM_00210	3
HOJAHHDM_00211	1
HOJAHHDM_00212	2
HOJAHHDM_00213	0
HOJAHHDM_00214	0
HOJAHHDM_00215	0
HOJAHHDM_00216	0
HOJAHHDM_00217	1
HOJAHHDM_00218	0
HOJAHHDM_00219	0
HOJAHHDM_00220	0
HOJAHHDM_00221	0
HOJAHHDM_00222	0
HOJAHHDM_00223	0
HOJAHHDM_00224	0
HOJAHHDM_00225	1
HOJAHHDM_00226	0
HOJAHHDM_00227	0
HOJAHHDM_00228	0
HOJAHHDM_00229	1
HOJAHHDM_00230	0
HOJAHHDM_00231	0
HOJAHHDM_00232	1
HOJAHHDM_00233	0
HOJAHHDM_00234	0
HOJAHHDM_00235	0
HOJAHHDM_00236	0
HOJAHHDM_00237	0
HOJAHHDM_00238	0
HOJAHHDM_00239	0
HOJAHHDM_00240	0
HOJAHHDM_00241	0
HOJAHHDM_00242	0
HOJAHHDM_00243	0
HOJAHHDM_00244	0
HOJAHHDM_00245	0
HOJAHHDM_00246	0
HOJAHHDM_00247	0
HOJAHHDM_00248	0
HOJAHHDM_00249	0
HOJAHHDM_00250	2
HOJAHHDM_00251	0
HOJAHHDM_00252	0
HOJAHHDM_00253	0
HOJAHHDM_00254	0
HOJAHHDM_00255	0
HOJAHHDM_00256	0
HOJAHHDM_00257	0
HOJAHHDM_00258	0
HOJAHHDM_00259	0
HOJAHHDM_00260	0
HOJAHHDM_00261	0
HOJAHHDM_00262	0
HOJAHHDM_00263	0
HOJAHHDM_00264	0
HOJAHHDM_00265	0
HOJAHHDM_00266	0
HOJAHHDM_00267	0
HOJAHHDM_00268	0
HOJAHHDM_00269	1
HOJAHHDM_00270	0
HOJAHHDM_00271	0
HOJAHHDM_00272	0
HOJAHHDM_00273	0
HOJAHHDM_00274	0
HOJAHHDM_00275	0
HOJAHHDM_00276	0
HOJAHHDM_00277	0
HOJAHHDM_00278	0
HOJAHHDM_00279	0
HOJAHHDM_00280	0
HOJAHHDM_00281	0
HOJAHHDM_00282	0
HOJAHHDM_00283	0
HOJAHHDM_00284	0
HOJAHHDM_00285	0
HOJAHHDM_00286	0
HOJAHHDM_00287	0
HOJAHHDM_00288	0
HOJAHHDM_00289	0
HOJAHHDM_00290	0
HOJAHHDM_00291	0
HOJAHHDM_00292	0
HOJAHHDM_00293	0
HOJAHHDM_00294	1
HOJAHHDM_00295	0
HOJAHHDM_00296	1
HOJAHHDM_00297	0
HOJAHHDM_00298	0
HOJAHHDM_00299	1
HOJAHHDM_00300	0
HOJAHHDM_00301	0
HOJAHHDM_00302	0
HOJAHHDM_00303	0
HOJAHHDM_00304	0
HOJAHHDM_00305	0
HOJAHHDM_00306	0
HOJAHHDM_00307	0
HOJAHHDM_00308	0
HOJAHHDM_00310	0
HOJAHHDM_00311	1
HOJAHHDM_00312	0
HOJAHHDM_00313	0
HOJAHHDM_00314	0
HOJAHHDM_00315	0
HOJAHHDM_00316	1
HOJAHHDM_00317	0
HOJAHHDM_00318	0
HOJAHHDM_00319	0
HOJAHHDM_00320	0
HOJAHHDM_00321	0
HOJAHHDM_00322	0
HOJAHHDM_00323	0
HOJAHHDM_00324	0
HOJAHHDM_00325	0
HOJAHHDM_00326	0
HOJAHHDM_00327	0
HOJAHHDM_00328	0
HOJAHHDM_00329	0
HOJAHHDM_00330	0
HOJAHHDM_00331	0
HOJAHHDM_00332	0
HOJAHHDM_00333	0
HOJAHHDM_00334	0
HOJAHHDM_00335	0
HOJAHHDM_00336	0
HOJAHHDM_00337	0
HOJAHHDM_00338	0
HOJAHHDM_00340	0
HOJAHHDM_00341	0
HOJAHHDM_00342	0
HOJAHHDM_00343	0
HOJAHHDM_00344	3
HOJAHHDM_00345	0
HOJAHHDM_00346	0
HOJAHHDM_00347	0
HOJAHHDM_00349	0
HOJAHHDM_00350	0
HOJAHHDM_00351	0
HOJAHHDM_00352	0
HOJAHHDM_00353	0
HOJAHHDM_00354	0
HOJAHHDM_00355	0
HOJAHHDM_00356	0
HOJAHHDM_00357	0
HOJAHHDM_00358	0
HOJAHHDM_00359	0
HOJAHHDM_00360	0
HOJAHHDM_00361	0
HOJAHHDM_00362	0
HOJAHHDM_00363	0
HOJAHHDM_00364	0
HOJAHHDM_00365	0
HOJAHHDM_00366	0
HOJAHHDM_00367	1
HOJAHHDM_00368	0
HOJAHHDM_00369	0
HOJAHHDM_00370	0
HOJAHHDM_00371	0
HOJAHHDM_00372	0
HOJAHHDM_00373	0
HOJAHHDM_00374	0
HOJAHHDM_00375	0
HOJAHHDM_00376	0
HOJAHHDM_00377	0
HOJAHHDM_00378	0
HOJAHHDM_00379	0
HOJAHHDM_00380	1
HOJAHHDM_00381	1
HOJAHHDM_00382	0
HOJAHHDM_00383	0
HOJAHHDM_00384	1
HOJAHHDM_00385	0
HOJAHHDM_00386	0
HOJAHHDM_00387	0
HOJAHHDM_00388	0
HOJAHHDM_00389	0
HOJAHHDM_00390	0
HOJAHHDM_00391	0
HOJAHHDM_00392	0
HOJAHHDM_00393	0
HOJAHHDM_00394	0
HOJAHHDM_00395	0
HOJAHHDM_00396	0
HOJAHHDM_00397	1
HOJAHHDM_00398	0
HOJAHHDM_00400	0
HOJAHHDM_00401	0
HOJAHHDM_00402	9
HOJAHHDM_00403	0
HOJAHHDM_00404	0
HOJAHHDM_00405	0
HOJAHHDM_00407	0
HOJAHHDM_00408	2
HOJAHHDM_00409	0
HOJAHHDM_00410	0
HOJAHHDM_00411	0
HOJAHHDM_00412	0
HOJAHHDM_00413	0
HOJAHHDM_00414	0
HOJAHHDM_00415	0
HOJAHHDM_00416	0
HOJAHHDM_00417	0
HOJAHHDM_00418	1
HOJAHHDM_00419	0
HOJAHHDM_00420	0
HOJAHHDM_00421	0
HOJAHHDM_00422	0
HOJAHHDM_00423	0
HOJAHHDM_00424	0
HOJAHHDM_00425	0
HOJAHHDM_00426	0
HOJAHHDM_00427	0
HOJAHHDM_00428	0
HOJAHHDM_00429	0
HOJAHHDM_00430	0
HOJAHHDM_00431	0
HOJAHHDM_00432	0
HOJAHHDM_00433	0
HOJAHHDM_00434	0
HOJAHHDM_00435	0
HOJAHHDM_00436	0
HOJAHHDM_00437	2
HOJAHHDM_00438	0
HOJAHHDM_00439	0
HOJAHHDM_00440	0
HOJAHHDM_00441	1
HOJAHHDM_00442	0
HOJAHHDM_00443	2
HOJAHHDM_00444	3
HOJAHHDM_00445	0
HOJAHHDM_00446	0
HOJAHHDM_00447	0
HOJAHHDM_00448	0
HOJAHHDM_00449	0
HOJAHHDM_00450	0
HOJAHHDM_00451	0
HOJAHHDM_00452	0
HOJAHHDM_00453	0
HOJAHHDM_00454	0
HOJAHHDM_00455	0
HOJAHHDM_00456	0
HOJAHHDM_00457	0
HOJAHHDM_00458	0
HOJAHHDM_00459	0
HOJAHHDM_00460	0
HOJAHHDM_00461	0
HOJAHHDM_00462	0
HOJAHHDM_00463	0
HOJAHHDM_00464	0
HOJAHHDM_00465	0
HOJAHHDM_00466	0
HOJAHHDM_00467	0
HOJAHHDM_00468	0
HOJAHHDM_00469	0
HOJAHHDM_00470	0
HOJAHHDM_00471	1
HOJAHHDM_00472	0
HOJAHHDM_00473	0
HOJAHHDM_00474	0
HOJAHHDM_00475	0
HOJAHHDM_00476	0
HOJAHHDM_00477	0
HOJAHHDM_00478	0
HOJAHHDM_00479	0
HOJAHHDM_00480	0
HOJAHHDM_00481	0
HOJAHHDM_00482	0
HOJAHHDM_00483	0
HOJAHHDM_00484	0
HOJAHHDM_00485	0
HOJAHHDM_00486	0
HOJAHHDM_00487	0
HOJAHHDM_00488	0
HOJAHHDM_00489	0
HOJAHHDM_00490	0
HOJAHHDM_00491	0
HOJAHHDM_00492	0
HOJAHHDM_00493	0
HOJAHHDM_00494	0
HOJAHHDM_00495	0
HOJAHHDM_00496	1
HOJAHHDM_00497	0
HOJAHHDM_00498	0
HOJAHHDM_00499	0
HOJAHHDM_00500	0
HOJAHHDM_00501	0
HOJAHHDM_00502	0
HOJAHHDM_00503	0
HOJAHHDM_00504	0
HOJAHHDM_00505	0
HOJAHHDM_00506	0
HOJAHHDM_00507	0
HOJAHHDM_00508	0
HOJAHHDM_00509	0
HOJAHHDM_00510	0
HOJAHHDM_00511	0
HOJAHHDM_00512	0
HOJAHHDM_00513	0
HOJAHHDM_00514	0
HOJAHHDM_00515	0
HOJAHHDM_00516	2
HOJAHHDM_00517	1
HOJAHHDM_00518	0
HOJAHHDM_00519	0
HOJAHHDM_00520	0
HOJAHHDM_00521	0
HOJAHHDM_00522	0
HOJAHHDM_00523	1
HOJAHHDM_00524	0
HOJAHHDM_00525	0
HOJAHHDM_00526	0
HOJAHHDM_00527	0
HOJAHHDM_00528	0
HOJAHHDM_00529	0
HOJAHHDM_00530	0
HOJAHHDM_00531	0
HOJAHHDM_00532	0
HOJAHHDM_00533	0
HOJAHHDM_00534	0
HOJAHHDM_00535	0
HOJAHHDM_00536	0
HOJAHHDM_00538	0
HOJAHHDM_00539	0
HOJAHHDM_00540	0
HOJAHHDM_00541	0
HOJAHHDM_00542	0
HOJAHHDM_00543	0
HOJAHHDM_00544	0
HOJAHHDM_00545	0
HOJAHHDM_00546	0
HOJAHHDM_00547	0
HOJAHHDM_00548	0
HOJAHHDM_00549	0
HOJAHHDM_00550	0
HOJAHHDM_00551	0
HOJAHHDM_00552	0
HOJAHHDM_00553	0
HOJAHHDM_00554	0
HOJAHHDM_00555	0
HOJAHHDM_00556	0
HOJAHHDM_00557	0
HOJAHHDM_00558	0
HOJAHHDM_00559	0
HOJAHHDM_00560	0
HOJAHHDM_00561	0
HOJAHHDM_00562	0
HOJAHHDM_00563	2
HOJAHHDM_00564	0
HOJAHHDM_00566	0
HOJAHHDM_00567	0
HOJAHHDM_00568	0
HOJAHHDM_00569	0
HOJAHHDM_00570	0
HOJAHHDM_00573	0
HOJAHHDM_00574	0
HOJAHHDM_00575	0
HOJAHHDM_00576	0
HOJAHHDM_00577	0
HOJAHHDM_00578	0
HOJAHHDM_00579	0
HOJAHHDM_00580	0
HOJAHHDM_00581	1
HOJAHHDM_00582	0
HOJAHHDM_00583	0
HOJAHHDM_00584	0
HOJAHHDM_00585	0
HOJAHHDM_00586	0
HOJAHHDM_00587	0
HOJAHHDM_00588	0
HOJAHHDM_00589	0
HOJAHHDM_00590	0
HOJAHHDM_00591	0
HOJAHHDM_00592	0
HOJAHHDM_00593	0
HOJAHHDM_00594	0
HOJAHHDM_00595	0
HOJAHHDM_00596	0
HOJAHHDM_00598	0
HOJAHHDM_00599	0
HOJAHHDM_00600	0
HOJAHHDM_00601	0
HOJAHHDM_00602	0
HOJAHHDM_00603	0
HOJAHHDM_00604	0
HOJAHHDM_00605	0
HOJAHHDM_00606	0
HOJAHHDM_00607	0
HOJAHHDM_00608	0
HOJAHHDM_00609	0
HOJAHHDM_00610	0
HOJAHHDM_00611	0
HOJAHHDM_00612	3
HOJAHHDM_00613	0
HOJAHHDM_00614	0
HOJAHHDM_00615	0
HOJAHHDM_00616	0
HOJAHHDM_00617	0
HOJAHHDM_00618	0
HOJAHHDM_00619	0
HOJAHHDM_00620	0
HOJAHHDM_00621	0
HOJAHHDM_00622	0
HOJAHHDM_00623	0
HOJAHHDM_00624	0
HOJAHHDM_00625	0
HOJAHHDM_00626	0
HOJAHHDM_00627	0
HOJAHHDM_00628	0
HOJAHHDM_00629	0
HOJAHHDM_00630	0
HOJAHHDM_00631	0
HOJAHHDM_00632	0
HOJAHHDM_00633	0
HOJAHHDM_00634	0
HOJAHHDM_00635	0
HOJAHHDM_00636	0
HOJAHHDM_00637	0
HOJAHHDM_00638	0
HOJAHHDM_00639	0
HOJAHHDM_00640	0
HOJAHHDM_00641	0
HOJAHHDM_00642	0
HOJAHHDM_00643	0
HOJAHHDM_00644	0
HOJAHHDM_00645	0
HOJAHHDM_00646	0
HOJAHHDM_00647	0
HOJAHHDM_00648	0
HOJAHHDM_00649	0
HOJAHHDM_00650	0
HOJAHHDM_00651	0
HOJAHHDM_00652	0
HOJAHHDM_00653	0
HOJAHHDM_00654	0
HOJAHHDM_00655	0
HOJAHHDM_00656	0
HOJAHHDM_00657	2
HOJAHHDM_00658	0
HOJAHHDM_00659	0
HOJAHHDM_00660	0
HOJAHHDM_00661	0
HOJAHHDM_00662	0
HOJAHHDM_00663	0
HOJAHHDM_00664	0
HOJAHHDM_00666	0
HOJAHHDM_00667	0
HOJAHHDM_00668	0
HOJAHHDM_00669	0
HOJAHHDM_00670	0
HOJAHHDM_00671	0
HOJAHHDM_00672	0
HOJAHHDM_00673	0
HOJAHHDM_00674	0
HOJAHHDM_00675	1
HOJAHHDM_00676	0
HOJAHHDM_00677	0
HOJAHHDM_00678	0
HOJAHHDM_00679	0
HOJAHHDM_00680	0
HOJAHHDM_00681	0
HOJAHHDM_00682	0
HOJAHHDM_00683	0
HOJAHHDM_00684	0
HOJAHHDM_00685	0
HOJAHHDM_00686	0
HOJAHHDM_00687	0
HOJAHHDM_00688	0
HOJAHHDM_00689	0
HOJAHHDM_00690	0
HOJAHHDM_00691	0
HOJAHHDM_00692	0
HOJAHHDM_00693	5
HOJAHHDM_00694	3
HOJAHHDM_00695	0
HOJAHHDM_00696	0
HOJAHHDM_00697	0
HOJAHHDM_00698	0
HOJAHHDM_00699	0
HOJAHHDM_00700	0
HOJAHHDM_00701	0
HOJAHHDM_00702	0
HOJAHHDM_00703	0
HOJAHHDM_00704	0
HOJAHHDM_00705	0
HOJAHHDM_00706	0
HOJAHHDM_00707	0
HOJAHHDM_00708	0
HOJAHHDM_00709	0
HOJAHHDM_00710	0
HOJAHHDM_00711	0
HOJAHHDM_00712	0
HOJAHHDM_00713	0
HOJAHHDM_00714	0
HOJAHHDM_00715	0
HOJAHHDM_00716	0
HOJAHHDM_00717	0
HOJAHHDM_00718	0
HOJAHHDM_00719	2
HOJAHHDM_00720	0
HOJAHHDM_00721	0
HOJAHHDM_00722	0
HOJAHHDM_00723	0
HOJAHHDM_00724	1
HOJAHHDM_00725	0
HOJAHHDM_00726	0
HOJAHHDM_00727	0
HOJAHHDM_00728	0
HOJAHHDM_00729	0
HOJAHHDM_00730	2
HOJAHHDM_00731	0
HOJAHHDM_00732	0
HOJAHHDM_00733	0
HOJAHHDM_00734	0
HOJAHHDM_00735	1
HOJAHHDM_00736	0
HOJAHHDM_00737	0
HOJAHHDM_00738	0
HOJAHHDM_00739	0
HOJAHHDM_00740	0
HOJAHHDM_00741	0
HOJAHHDM_00742	0
HOJAHHDM_00743	0
HOJAHHDM_00744	0
HOJAHHDM_00745	0
HOJAHHDM_00746	1
HOJAHHDM_00747	0
HOJAHHDM_00748	0
HOJAHHDM_00749	0
HOJAHHDM_00750	0
HOJAHHDM_00751	0
HOJAHHDM_00752	0
HOJAHHDM_00753	0
HOJAHHDM_00754	0
HOJAHHDM_00755	0
HOJAHHDM_00756	0
HOJAHHDM_00757	0
HOJAHHDM_00758	0
HOJAHHDM_00759	1
HOJAHHDM_00760	0
HOJAHHDM_00761	0
HOJAHHDM_00762	0
HOJAHHDM_00763	0
HOJAHHDM_00764	0
HOJAHHDM_00765	0
HOJAHHDM_00766	0
HOJAHHDM_00767	0
HOJAHHDM_00768	0
HOJAHHDM_00769	0
HOJAHHDM_00770	0
HOJAHHDM_00771	0
HOJAHHDM_00772	2
HOJAHHDM_00773	0
HOJAHHDM_00774	0
HOJAHHDM_00775	0
HOJAHHDM_00776	0
HOJAHHDM_00778	0
HOJAHHDM_00779	0
HOJAHHDM_00780	0
HOJAHHDM_00781	0
HOJAHHDM_00782	0
HOJAHHDM_00783	0
HOJAHHDM_00784	0
HOJAHHDM_00785	0
HOJAHHDM_00786	0
HOJAHHDM_00787	0
HOJAHHDM_00788	0
HOJAHHDM_00789	0
HOJAHHDM_00790	0
HOJAHHDM_00791	0
HOJAHHDM_00792	0
HOJAHHDM_00793	0
HOJAHHDM_00794	0
HOJAHHDM_00795	0
HOJAHHDM_00796	0
HOJAHHDM_00797	0
HOJAHHDM_00798	0
HOJAHHDM_00799	1
HOJAHHDM_00800	0
HOJAHHDM_00801	0
HOJAHHDM_00802	0
HOJAHHDM_00803	2
HOJAHHDM_00804	0
HOJAHHDM_00805	0
HOJAHHDM_00806	0
HOJAHHDM_00807	0
HOJAHHDM_00808	0
HOJAHHDM_00809	0
HOJAHHDM_00810	0
HOJAHHDM_00811	0
HOJAHHDM_00812	0
HOJAHHDM_00813	0
HOJAHHDM_00814	0
HOJAHHDM_00815	0
HOJAHHDM_00816	0
HOJAHHDM_00817	0
HOJAHHDM_00818	0
HOJAHHDM_00819	0
HOJAHHDM_00820	0
HOJAHHDM_00821	0
HOJAHHDM_00822	0
HOJAHHDM_00823	0
HOJAHHDM_00825	0
HOJAHHDM_00826	0
HOJAHHDM_00827	0
HOJAHHDM_00828	0
HOJAHHDM_00829	0
HOJAHHDM_00830	0
HOJAHHDM_00831	0
HOJAHHDM_00832	0
HOJAHHDM_00833	0
HOJAHHDM_00834	0
HOJAHHDM_00835	0
HOJAHHDM_00836	0
HOJAHHDM_00837	0
HOJAHHDM_00838	0
HOJAHHDM_00839	0
HOJAHHDM_00840	0
HOJAHHDM_00841	0
HOJAHHDM_00842	0
HOJAHHDM_00843	0
HOJAHHDM_00844	0
HOJAHHDM_00845	0
HOJAHHDM_00846	0
HOJAHHDM_00847	0
HOJAHHDM_00848	0
HOJAHHDM_00849	2
HOJAHHDM_00851	0
HOJAHHDM_00852	0
HOJAHHDM_00853	0
HOJAHHDM_00854	0
HOJAHHDM_00855	0
HOJAHHDM_00856	0
HOJAHHDM_00857	0
HOJAHHDM_00858	0
HOJAHHDM_00859	0
HOJAHHDM_00860	0
HOJAHHDM_00861	0
HOJAHHDM_00863	0
HOJAHHDM_00864	0
HOJAHHDM_00865	0
HOJAHHDM_00866	0
HOJAHHDM_00867	0
HOJAHHDM_00868	0
HOJAHHDM_00869	0
HOJAHHDM_00870	0
HOJAHHDM_00871	0
HOJAHHDM_00872	0
HOJAHHDM_00873	0
HOJAHHDM_00874	0
HOJAHHDM_00875	0
HOJAHHDM_00876	0
HOJAHHDM_00877	0
HOJAHHDM_00878	0
HOJAHHDM_00879	1
HOJAHHDM_00880	1
HOJAHHDM_00881	0
HOJAHHDM_00882	0
HOJAHHDM_00883	0
HOJAHHDM_00884	0
HOJAHHDM_00885	0
HOJAHHDM_00886	0
HOJAHHDM_00887	0
HOJAHHDM_00888	0
HOJAHHDM_00889	0
HOJAHHDM_00890	0
HOJAHHDM_00891	0
HOJAHHDM_00892	0
HOJAHHDM_00893	0
HOJAHHDM_00894	0
HOJAHHDM_00895	0
HOJAHHDM_00896	0
HOJAHHDM_00897	0
HOJAHHDM_00898	0
HOJAHHDM_00900	1
HOJAHHDM_00901	5
HOJAHHDM_00902	0
HOJAHHDM_00903	2
HOJAHHDM_00904	0
HOJAHHDM_00905	0
HOJAHHDM_00906	1
HOJAHHDM_00907	0
HOJAHHDM_00908	0
HOJAHHDM_00909	0
HOJAHHDM_00910	0
HOJAHHDM_00912	0
HOJAHHDM_00913	0
HOJAHHDM_00914	0
HOJAHHDM_00915	0
HOJAHHDM_00916	0
HOJAHHDM_00917	0
HOJAHHDM_00918	0
HOJAHHDM_00919	0
HOJAHHDM_00920	0
HOJAHHDM_00921	0
HOJAHHDM_00922	0
HOJAHHDM_00923	0
HOJAHHDM_00924	0
HOJAHHDM_00925	0
HOJAHHDM_00926	0
HOJAHHDM_00927	0
HOJAHHDM_00928	0
HOJAHHDM_00929	0
HOJAHHDM_00930	0
HOJAHHDM_00931	0
HOJAHHDM_00932	0
HOJAHHDM_00933	0
HOJAHHDM_00934	0
HOJAHHDM_00935	0
HOJAHHDM_00936	1
HOJAHHDM_00937	0
HOJAHHDM_00938	0
HOJAHHDM_00939	0
HOJAHHDM_00940	0
HOJAHHDM_00941	0
HOJAHHDM_00942	0
HOJAHHDM_00943	0
HOJAHHDM_00944	0
HOJAHHDM_00945	0
HOJAHHDM_00946	0
HOJAHHDM_00947	0
HOJAHHDM_00948	0
HOJAHHDM_00949	0
HOJAHHDM_00950	0
HOJAHHDM_00951	0
HOJAHHDM_00952	0
HOJAHHDM_00953	1
HOJAHHDM_00954	0
HOJAHHDM_00955	0
HOJAHHDM_00956	0
HOJAHHDM_00957	0
HOJAHHDM_00958	0
HOJAHHDM_00959	0
HOJAHHDM_00960	0
HOJAHHDM_00961	0
HOJAHHDM_00962	0
HOJAHHDM_00963	0
HOJAHHDM_00964	0
HOJAHHDM_00965	0
HOJAHHDM_00966	0
HOJAHHDM_00967	0
HOJAHHDM_00968	0
HOJAHHDM_00969	2
HOJAHHDM_00970	0
HOJAHHDM_00971	0
HOJAHHDM_00972	0
HOJAHHDM_00973	0
HOJAHHDM_00974	0
HOJAHHDM_00975	0
HOJAHHDM_00976	0
HOJAHHDM_00977	0
HOJAHHDM_00978	0
HOJAHHDM_00979	0
HOJAHHDM_00980	0
HOJAHHDM_00981	0
HOJAHHDM_00982	0
HOJAHHDM_00983	0
HOJAHHDM_00984	0
HOJAHHDM_00985	0
HOJAHHDM_00986	0
HOJAHHDM_00987	0
HOJAHHDM_00988	0
HOJAHHDM_00989	0
HOJAHHDM_00990	0
HOJAHHDM_00991	0
HOJAHHDM_00992	0
HOJAHHDM_00993	0
HOJAHHDM_00994	0
HOJAHHDM_00995	1
HOJAHHDM_00996	0
HOJAHHDM_00997	0
HOJAHHDM_00998	0
HOJAHHDM_00999	0
HOJAHHDM_01000	0
HOJAHHDM_01001	0
HOJAHHDM_01002	0
HOJAHHDM_01003	0
HOJAHHDM_01004	0
HOJAHHDM_01005	0
HOJAHHDM_01006	0
HOJAHHDM_01007	0
HOJAHHDM_01008	0
HOJAHHDM_01009	3
HOJAHHDM_01010	0
HOJAHHDM_01011	0
HOJAHHDM_01012	1
HOJAHHDM_01013	0
HOJAHHDM_01014	0
HOJAHHDM_01015	0
HOJAHHDM_01016	0
HOJAHHDM_01017	0
HOJAHHDM_01018	0
HOJAHHDM_01019	0
HOJAHHDM_01020	0
HOJAHHDM_01021	0
HOJAHHDM_01022	0
HOJAHHDM_01023	0
HOJAHHDM_01024	0
HOJAHHDM_01025	0
HOJAHHDM_01026	0
HOJAHHDM_01027	0
HOJAHHDM_01028	0
HOJAHHDM_01029	2
HOJAHHDM_01030	0
HOJAHHDM_01031	0
HOJAHHDM_01032	0
HOJAHHDM_01033	1
HOJAHHDM_01034	0
HOJAHHDM_01035	0
HOJAHHDM_01036	0
HOJAHHDM_01037	0
HOJAHHDM_01038	0
HOJAHHDM_01039	0
HOJAHHDM_01040	0
HOJAHHDM_01041	0
HOJAHHDM_01042	0
HOJAHHDM_01043	0
HOJAHHDM_01044	0
HOJAHHDM_01045	0
HOJAHHDM_01046	0
HOJAHHDM_01047	0
HOJAHHDM_01048	0
HOJAHHDM_01049	0
HOJAHHDM_01050	0
HOJAHHDM_01051	0
HOJAHHDM_01052	0
HOJAHHDM_01053	0
HOJAHHDM_01054	0
HOJAHHDM_01055	0
HOJAHHDM_01056	0
HOJAHHDM_01057	0
HOJAHHDM_01058	0
HOJAHHDM_01059	0
HOJAHHDM_01060	0
HOJAHHDM_01061	0
HOJAHHDM_01062	0
HOJAHHDM_01065	1
HOJAHHDM_01066	0
HOJAHHDM_01067	0
HOJAHHDM_01068	0
HOJAHHDM_01069	0
HOJAHHDM_01070	0
HOJAHHDM_01074	0
HOJAHHDM_01075	0
HOJAHHDM_01076	0
HOJAHHDM_01077	0
HOJAHHDM_01078	0
HOJAHHDM_01079	0
HOJAHHDM_01080	0
HOJAHHDM_01081	0
HOJAHHDM_01082	0
HOJAHHDM_01083	0
HOJAHHDM_01084	0
HOJAHHDM_01085	0
HOJAHHDM_01086	0
HOJAHHDM_01087	0
HOJAHHDM_01088	0
HOJAHHDM_01089	0
HOJAHHDM_01090	0
HOJAHHDM_01091	2
HOJAHHDM_01092	0
HOJAHHDM_01093	0
HOJAHHDM_01094	0
HOJAHHDM_01095	0
HOJAHHDM_01096	0
HOJAHHDM_01097	0
HOJAHHDM_01098	0
HOJAHHDM_01099	0
HOJAHHDM_01100	0
HOJAHHDM_01101	0
HOJAHHDM_01102	0
HOJAHHDM_01103	0
HOJAHHDM_01104	0
HOJAHHDM_01105	0
HOJAHHDM_01106	0
HOJAHHDM_01107	0
HOJAHHDM_01108	0
HOJAHHDM_01109	2
HOJAHHDM_01110	0
HOJAHHDM_01111	0
HOJAHHDM_01112	0
HOJAHHDM_01113	0
HOJAHHDM_01114	0
HOJAHHDM_01117	0
HOJAHHDM_01118	2
HOJAHHDM_01119	0
HOJAHHDM_01120	0
HOJAHHDM_01121	1
HOJAHHDM_01122	0
HOJAHHDM_01123	0
HOJAHHDM_01124	0
HOJAHHDM_01125	0
HOJAHHDM_01126	0
HOJAHHDM_01127	0
HOJAHHDM_01128	0
HOJAHHDM_01129	0
HOJAHHDM_01130	5
HOJAHHDM_01131	0
HOJAHHDM_01132	0
HOJAHHDM_01133	2
HOJAHHDM_01134	0
HOJAHHDM_01135	0
HOJAHHDM_01136	1
HOJAHHDM_01137	0
HOJAHHDM_01138	0
HOJAHHDM_01139	0
HOJAHHDM_01140	0
HOJAHHDM_01141	0
HOJAHHDM_01142	0
HOJAHHDM_01143	0
HOJAHHDM_01144	0
HOJAHHDM_01145	0
HOJAHHDM_01146	0
HOJAHHDM_01147	0
HOJAHHDM_01148	0
HOJAHHDM_01149	0
HOJAHHDM_01150	0
HOJAHHDM_01151	0
HOJAHHDM_01152	2
HOJAHHDM_01153	0
HOJAHHDM_01154	0
HOJAHHDM_01155	0
HOJAHHDM_01156	0
HOJAHHDM_01157	0
HOJAHHDM_01158	0
HOJAHHDM_01159	6
HOJAHHDM_01160	1
HOJAHHDM_01161	0
HOJAHHDM_01162	0
HOJAHHDM_01163	0
HOJAHHDM_01164	0
HOJAHHDM_01165	0
HOJAHHDM_01166	0
HOJAHHDM_01167	0
HOJAHHDM_01168	0
HOJAHHDM_01169	0
HOJAHHDM_01170	0
HOJAHHDM_01171	0
HOJAHHDM_01172	0
HOJAHHDM_01173	0
HOJAHHDM_01174	1
HOJAHHDM_01175	3
HOJAHHDM_01176	0
HOJAHHDM_01177	0
HOJAHHDM_01178	0
HOJAHHDM_01179	0
HOJAHHDM_01180	0
HOJAHHDM_01181	0
HOJAHHDM_01182	2
HOJAHHDM_01183	1
HOJAHHDM_01184	0
HOJAHHDM_01185	0
HOJAHHDM_01186	0
HOJAHHDM_01187	0
HOJAHHDM_01188	0
HOJAHHDM_01189	0
HOJAHHDM_01190	0
HOJAHHDM_01191	0
HOJAHHDM_01192	0
HOJAHHDM_01193	0
HOJAHHDM_01194	0
HOJAHHDM_01195	0
HOJAHHDM_01196	0
HOJAHHDM_01197	0
HOJAHHDM_01198	2
HOJAHHDM_01199	2
HOJAHHDM_01200	0
HOJAHHDM_01201	0
HOJAHHDM_01202	0
HOJAHHDM_01203	0
HOJAHHDM_01204	0
HOJAHHDM_01205	0
HOJAHHDM_01206	0
HOJAHHDM_01207	0
HOJAHHDM_01208	0
HOJAHHDM_01209	0
HOJAHHDM_01210	0
HOJAHHDM_01211	0
HOJAHHDM_01212	0
HOJAHHDM_01213	0
HOJAHHDM_01214	0
HOJAHHDM_01215	0
HOJAHHDM_01216	0
HOJAHHDM_01217	3
HOJAHHDM_01218	0
HOJAHHDM_01219	0
HOJAHHDM_01220	0
HOJAHHDM_01221	0
HOJAHHDM_01222	0
HOJAHHDM_01223	0
HOJAHHDM_01224	0
HOJAHHDM_01225	0
HOJAHHDM_01226	0
HOJAHHDM_01227	0
HOJAHHDM_01228	0
HOJAHHDM_01229	0
HOJAHHDM_01230	0
HOJAHHDM_01231	0
HOJAHHDM_01232	0
HOJAHHDM_01233	0
HOJAHHDM_01234	0
HOJAHHDM_01235	0
HOJAHHDM_01236	0
HOJAHHDM_01237	0
HOJAHHDM_01238	0
HOJAHHDM_01239	0
HOJAHHDM_01240	0
HOJAHHDM_01241	3
HOJAHHDM_01242	0
HOJAHHDM_01243	0
HOJAHHDM_01244	0
HOJAHHDM_01245	0
HOJAHHDM_01246	0
HOJAHHDM_01247	0
HOJAHHDM_01248	0
HOJAHHDM_01249	0
HOJAHHDM_01250	0
HOJAHHDM_01251	0
HOJAHHDM_01252	0
HOJAHHDM_01253	0
HOJAHHDM_01254	0
HOJAHHDM_01255	0
HOJAHHDM_01256	0
HOJAHHDM_01257	1
HOJAHHDM_01258	0
HOJAHHDM_01259	0
HOJAHHDM_01260	0
HOJAHHDM_01261	0
HOJAHHDM_01262	0
HOJAHHDM_01263	0
HOJAHHDM_01264	0
HOJAHHDM_01265	0
HOJAHHDM_01266	0
HOJAHHDM_01267	0
HOJAHHDM_01268	0
HOJAHHDM_01269	0
HOJAHHDM_01270	0
HOJAHHDM_01271	0
HOJAHHDM_01272	0
HOJAHHDM_01273	0
HOJAHHDM_01274	0
HOJAHHDM_01280	0
HOJAHHDM_01281	0
HOJAHHDM_01282	0
HOJAHHDM_01283	0
HOJAHHDM_01284	0
HOJAHHDM_01285	0
HOJAHHDM_01286	0
HOJAHHDM_01288	0
HOJAHHDM_01289	1
HOJAHHDM_01290	0
HOJAHHDM_01291	0
HOJAHHDM_01292	0
HOJAHHDM_01293	0
HOJAHHDM_01294	0
HOJAHHDM_01295	0
HOJAHHDM_01296	0
HOJAHHDM_01297	0
HOJAHHDM_01298	0
HOJAHHDM_01299	1
HOJAHHDM_01300	0
HOJAHHDM_01301	0
HOJAHHDM_01302	0
HOJAHHDM_01303	0
HOJAHHDM_01304	0
HOJAHHDM_01305	0
HOJAHHDM_01306	0
HOJAHHDM_01307	0
HOJAHHDM_01308	0
HOJAHHDM_01309	0
HOJAHHDM_01310	0
HOJAHHDM_01311	0
HOJAHHDM_01312	0
HOJAHHDM_01313	0
HOJAHHDM_01314	0
HOJAHHDM_01315	0
HOJAHHDM_01316	0
HOJAHHDM_01317	0
HOJAHHDM_01318	0
HOJAHHDM_01319	0
HOJAHHDM_01320	0
HOJAHHDM_01321	0
HOJAHHDM_01322	0
HOJAHHDM_01323	2
HOJAHHDM_01324	0
HOJAHHDM_01325	0
HOJAHHDM_01326	0
HOJAHHDM_01327	0
HOJAHHDM_01328	1
HOJAHHDM_01329	0
HOJAHHDM_01330	0
HOJAHHDM_01331	0
HOJAHHDM_01332	0
HOJAHHDM_01333	0
HOJAHHDM_01334	0
HOJAHHDM_01335	0
HOJAHHDM_01336	0
HOJAHHDM_01337	0
HOJAHHDM_01338	0
HOJAHHDM_01339	0
HOJAHHDM_01340	0
HOJAHHDM_01341	0
HOJAHHDM_01342	0
HOJAHHDM_01343	0
HOJAHHDM_01344	0
HOJAHHDM_01345	0
HOJAHHDM_01346	0
HOJAHHDM_01347	0
HOJAHHDM_01348	0
HOJAHHDM_01349	0
HOJAHHDM_01350	0
HOJAHHDM_01351	1
HOJAHHDM_01352	0
HOJAHHDM_01353	0
HOJAHHDM_01354	0
HOJAHHDM_01356	0
HOJAHHDM_01357	0
HOJAHHDM_01358	0
HOJAHHDM_01359	0
HOJAHHDM_01360	0
HOJAHHDM_01361	0
HOJAHHDM_01362	0
HOJAHHDM_01363	0
HOJAHHDM_01364	0
HOJAHHDM_01365	0
HOJAHHDM_01366	0
HOJAHHDM_01367	0
HOJAHHDM_01368	0
HOJAHHDM_01369	0
HOJAHHDM_01370	0
HOJAHHDM_01371	0
HOJAHHDM_01372	0
HOJAHHDM_01373	0
HOJAHHDM_01374	0
HOJAHHDM_01375	0
HOJAHHDM_01376	0
HOJAHHDM_01377	0
HOJAHHDM_01378	0
HOJAHHDM_01379	0
HOJAHHDM_01380	0
HOJAHHDM_01381	1
HOJAHHDM_01382	0
HOJAHHDM_01383	0
HOJAHHDM_01384	0
HOJAHHDM_01385	0
HOJAHHDM_01386	0
HOJAHHDM_01387	0
HOJAHHDM_01388	0
HOJAHHDM_01389	0
HOJAHHDM_01390	0
HOJAHHDM_01391	0
HOJAHHDM_01392	0
HOJAHHDM_01393	0
HOJAHHDM_01394	0
HOJAHHDM_01395	0
HOJAHHDM_01396	0
HOJAHHDM_01397	0
HOJAHHDM_01398	0
HOJAHHDM_01399	0
HOJAHHDM_01400	0
HOJAHHDM_01401	0
HOJAHHDM_01402	2
HOJAHHDM_01403	0
HOJAHHDM_01404	0
HOJAHHDM_01405	0
HOJAHHDM_01406	0
HOJAHHDM_01407	0
HOJAHHDM_01408	0
HOJAHHDM_01409	0
HOJAHHDM_01410	0
HOJAHHDM_01411	0
HOJAHHDM_01412	0
HOJAHHDM_01413	0
HOJAHHDM_01414	0
HOJAHHDM_01415	0
HOJAHHDM_01416	0
HOJAHHDM_01417	0
HOJAHHDM_01418	0
HOJAHHDM_01419	0
HOJAHHDM_01420	0
HOJAHHDM_01421	0
HOJAHHDM_01422	0
HOJAHHDM_01423	1
HOJAHHDM_01424	0
HOJAHHDM_01425	0
HOJAHHDM_01426	0
HOJAHHDM_01427	0
HOJAHHDM_01428	0
HOJAHHDM_01429	0
HOJAHHDM_01430	0
HOJAHHDM_01431	0
HOJAHHDM_01432	0
HOJAHHDM_01434	2
HOJAHHDM_01435	0
HOJAHHDM_01436	0
HOJAHHDM_01437	0
HOJAHHDM_01438	0
HOJAHHDM_01439	0
HOJAHHDM_01440	0
HOJAHHDM_01441	0
HOJAHHDM_01442	0
HOJAHHDM_01443	0
HOJAHHDM_01444	0
HOJAHHDM_01445	0
HOJAHHDM_01446	0
HOJAHHDM_01447	0
HOJAHHDM_01448	0
HOJAHHDM_01449	0
HOJAHHDM_01450	0
HOJAHHDM_01451	0
HOJAHHDM_01452	0
HOJAHHDM_01453	0
HOJAHHDM_01454	0
HOJAHHDM_01455	0
HOJAHHDM_01456	0
HOJAHHDM_01457	0
HOJAHHDM_01458	0
HOJAHHDM_01459	0
HOJAHHDM_01460	0
HOJAHHDM_01461	0
HOJAHHDM_01462	0
HOJAHHDM_01463	0
HOJAHHDM_01464	0
HOJAHHDM_01465	0
HOJAHHDM_01466	0
HOJAHHDM_01467	0
HOJAHHDM_01468	0
HOJAHHDM_01469	0
HOJAHHDM_01470	0
HOJAHHDM_01471	0
HOJAHHDM_01472	0
HOJAHHDM_01473	0
HOJAHHDM_01474	0
HOJAHHDM_01475	0
HOJAHHDM_01476	0
HOJAHHDM_01477	0
HOJAHHDM_01478	0
HOJAHHDM_01479	0
HOJAHHDM_01480	0
HOJAHHDM_01481	2
HOJAHHDM_01482	0
HOJAHHDM_01484	0
HOJAHHDM_01485	0
HOJAHHDM_01486	0
HOJAHHDM_01487	0
HOJAHHDM_01488	0
HOJAHHDM_01489	0
HOJAHHDM_01490	2
HOJAHHDM_01491	0
HOJAHHDM_01492	0
HOJAHHDM_01493	0
HOJAHHDM_01494	0
HOJAHHDM_01495	0
HOJAHHDM_01496	0
HOJAHHDM_01497	0
HOJAHHDM_01498	0
HOJAHHDM_01499	0
HOJAHHDM_01500	0
HOJAHHDM_01501	0
HOJAHHDM_01502	0
HOJAHHDM_01503	0
HOJAHHDM_01504	0
HOJAHHDM_01505	0
HOJAHHDM_01506	0
HOJAHHDM_01507	0
HOJAHHDM_01508	0
HOJAHHDM_01509	0
HOJAHHDM_01510	0
HOJAHHDM_01511	0
HOJAHHDM_01512	0
HOJAHHDM_01513	0
HOJAHHDM_01514	2
HOJAHHDM_01515	0
HOJAHHDM_01516	0
HOJAHHDM_01517	0
HOJAHHDM_01518	0
HOJAHHDM_01519	0
HOJAHHDM_01520	3
HOJAHHDM_01521	0
HOJAHHDM_01522	0
HOJAHHDM_01523	0
HOJAHHDM_01524	1
HOJAHHDM_01525	0
HOJAHHDM_01526	0
HOJAHHDM_01527	0
HOJAHHDM_01528	0
HOJAHHDM_01529	0
HOJAHHDM_01530	0
HOJAHHDM_01531	0
HOJAHHDM_01532	0
HOJAHHDM_01533	0
HOJAHHDM_01534	0
HOJAHHDM_01535	0
HOJAHHDM_01536	0
HOJAHHDM_01537	0
HOJAHHDM_01538	0
HOJAHHDM_01539	0
HOJAHHDM_01540	0
HOJAHHDM_01541	0
HOJAHHDM_01542	0
HOJAHHDM_01543	0
HOJAHHDM_01544	0
HOJAHHDM_01545	2
HOJAHHDM_01546	0
HOJAHHDM_01547	0
HOJAHHDM_01548	1
HOJAHHDM_01549	0
HOJAHHDM_01550	0
HOJAHHDM_01551	0
HOJAHHDM_01552	0
HOJAHHDM_01553	0
HOJAHHDM_01554	0
__no_feature	943
__ambiguous	14
__too_low_aQual	4238
__not_aligned	868416
__alignment_not_unique	0
