NAKHGHBN_00001	0
NAKHGHBN_00002	0
NAKHGHBN_00003	0
NAKHGHBN_00005	0
NAKHGHBN_00006	0
NAKHGHBN_00007	1
NAKHGHBN_00008	1
NAKHGHBN_00009	0
NAKHGHBN_00010	2
NAKHGHBN_00011	1
NAKHGHBN_00012	0
NAKHGHBN_00013	2
NAKHGHBN_00014	3
NAKHGHBN_00015	0
NAKHGHBN_00016	2
NAKHGHBN_00017	1
NAKHGHBN_00018	0
NAKHGHBN_00019	2
NAKHGHBN_00020	3
NAKHGHBN_00021	1
NAKHGHBN_00023	0
NAKHGHBN_00024	0
NAKHGHBN_00025	0
NAKHGHBN_00026	0
NAKHGHBN_00027	0
NAKHGHBN_00028	0
NAKHGHBN_00029	0
NAKHGHBN_00030	0
NAKHGHBN_00031	0
NAKHGHBN_00032	0
NAKHGHBN_00033	0
NAKHGHBN_00034	0
NAKHGHBN_00035	0
NAKHGHBN_00036	2
NAKHGHBN_00037	0
NAKHGHBN_00038	2
NAKHGHBN_00039	0
NAKHGHBN_00040	0
NAKHGHBN_00041	0
NAKHGHBN_00042	0
NAKHGHBN_00043	0
NAKHGHBN_00044	1
NAKHGHBN_00045	0
NAKHGHBN_00046	1
NAKHGHBN_00047	0
NAKHGHBN_00048	0
NAKHGHBN_00049	0
NAKHGHBN_00050	0
NAKHGHBN_00051	0
NAKHGHBN_00052	0
NAKHGHBN_00053	0
NAKHGHBN_00054	0
NAKHGHBN_00055	0
NAKHGHBN_00056	0
NAKHGHBN_00057	0
NAKHGHBN_00058	0
NAKHGHBN_00059	1
NAKHGHBN_00060	0
NAKHGHBN_00061	0
NAKHGHBN_00062	0
NAKHGHBN_00063	0
NAKHGHBN_00064	0
NAKHGHBN_00065	3
NAKHGHBN_00066	0
NAKHGHBN_00067	0
NAKHGHBN_00068	0
NAKHGHBN_00069	0
NAKHGHBN_00070	1
NAKHGHBN_00071	0
NAKHGHBN_00072	0
NAKHGHBN_00073	0
NAKHGHBN_00074	0
NAKHGHBN_00075	0
NAKHGHBN_00076	0
NAKHGHBN_00078	0
NAKHGHBN_00079	0
NAKHGHBN_00080	0
NAKHGHBN_00081	0
NAKHGHBN_00083	2
NAKHGHBN_00084	6
NAKHGHBN_00085	4
NAKHGHBN_00086	0
NAKHGHBN_00087	0
NAKHGHBN_00088	1
NAKHGHBN_00089	0
NAKHGHBN_00090	0
NAKHGHBN_00091	0
NAKHGHBN_00092	0
NAKHGHBN_00093	0
NAKHGHBN_00094	0
NAKHGHBN_00095	0
NAKHGHBN_00096	0
NAKHGHBN_00097	0
NAKHGHBN_00098	0
NAKHGHBN_00099	0
NAKHGHBN_00100	0
NAKHGHBN_00101	7
NAKHGHBN_00102	4
NAKHGHBN_00103	2
NAKHGHBN_00104	0
NAKHGHBN_00105	4
NAKHGHBN_00106	1
NAKHGHBN_00107	1
NAKHGHBN_00108	0
NAKHGHBN_00109	0
NAKHGHBN_00110	0
NAKHGHBN_00112	0
NAKHGHBN_00113	0
NAKHGHBN_00114	0
NAKHGHBN_00115	0
NAKHGHBN_00116	0
NAKHGHBN_00117	2
NAKHGHBN_00118	0
NAKHGHBN_00119	0
NAKHGHBN_00120	0
NAKHGHBN_00121	0
NAKHGHBN_00122	0
NAKHGHBN_00123	1
NAKHGHBN_00124	0
NAKHGHBN_00125	0
NAKHGHBN_00126	0
NAKHGHBN_00127	0
NAKHGHBN_00128	1
NAKHGHBN_00129	1
NAKHGHBN_00130	1
NAKHGHBN_00131	1
NAKHGHBN_00132	0
NAKHGHBN_00133	2
NAKHGHBN_00134	1
NAKHGHBN_00135	0
NAKHGHBN_00136	3
NAKHGHBN_00137	0
NAKHGHBN_00138	0
NAKHGHBN_00139	0
NAKHGHBN_00140	0
NAKHGHBN_00141	0
NAKHGHBN_00142	0
NAKHGHBN_00143	0
NAKHGHBN_00144	0
NAKHGHBN_00145	0
NAKHGHBN_00146	0
NAKHGHBN_00147	0
NAKHGHBN_00148	0
NAKHGHBN_00149	10
NAKHGHBN_00150	0
NAKHGHBN_00151	0
NAKHGHBN_00152	0
NAKHGHBN_00153	0
NAKHGHBN_00154	0
NAKHGHBN_00155	0
NAKHGHBN_00156	0
NAKHGHBN_00157	0
NAKHGHBN_00158	0
NAKHGHBN_00159	0
NAKHGHBN_00160	0
NAKHGHBN_00161	0
NAKHGHBN_00162	0
NAKHGHBN_00163	0
NAKHGHBN_00164	1
NAKHGHBN_00165	4
NAKHGHBN_00166	1
NAKHGHBN_00167	0
NAKHGHBN_00168	0
NAKHGHBN_00169	0
NAKHGHBN_00170	0
NAKHGHBN_00171	0
NAKHGHBN_00172	0
NAKHGHBN_00173	0
NAKHGHBN_00174	0
NAKHGHBN_00175	0
NAKHGHBN_00176	0
NAKHGHBN_00177	4
NAKHGHBN_00179	0
NAKHGHBN_00180	0
NAKHGHBN_00181	0
NAKHGHBN_00182	0
NAKHGHBN_00183	0
NAKHGHBN_00184	0
NAKHGHBN_00185	0
NAKHGHBN_00186	0
NAKHGHBN_00187	0
NAKHGHBN_00188	0
NAKHGHBN_00189	0
NAKHGHBN_00190	0
NAKHGHBN_00191	0
NAKHGHBN_00192	1
NAKHGHBN_00193	0
NAKHGHBN_00194	3
NAKHGHBN_00195	0
NAKHGHBN_00196	0
NAKHGHBN_00197	0
NAKHGHBN_00198	0
NAKHGHBN_00199	0
NAKHGHBN_00200	0
NAKHGHBN_00201	0
NAKHGHBN_00202	1
NAKHGHBN_00203	0
NAKHGHBN_00204	0
NAKHGHBN_00205	2
NAKHGHBN_00206	0
NAKHGHBN_00207	0
NAKHGHBN_00208	1
NAKHGHBN_00209	0
NAKHGHBN_00210	0
NAKHGHBN_00211	0
NAKHGHBN_00212	0
NAKHGHBN_00213	0
NAKHGHBN_00214	0
NAKHGHBN_00215	0
NAKHGHBN_00216	0
NAKHGHBN_00217	0
NAKHGHBN_00218	0
NAKHGHBN_00219	0
NAKHGHBN_00220	0
NAKHGHBN_00221	0
NAKHGHBN_00222	0
NAKHGHBN_00223	0
NAKHGHBN_00224	0
NAKHGHBN_00225	0
NAKHGHBN_00226	0
NAKHGHBN_00227	0
NAKHGHBN_00228	9
NAKHGHBN_00229	0
NAKHGHBN_00230	0
NAKHGHBN_00231	0
NAKHGHBN_00232	0
NAKHGHBN_00233	0
NAKHGHBN_00234	0
NAKHGHBN_00235	1
NAKHGHBN_00236	6
NAKHGHBN_00237	4
NAKHGHBN_00238	0
NAKHGHBN_00239	0
NAKHGHBN_00240	0
NAKHGHBN_00241	4
NAKHGHBN_00242	0
NAKHGHBN_00243	2
NAKHGHBN_00244	1
NAKHGHBN_00245	0
NAKHGHBN_00246	0
NAKHGHBN_00247	1
NAKHGHBN_00248	6
NAKHGHBN_00249	0
NAKHGHBN_00250	0
NAKHGHBN_00251	0
NAKHGHBN_00252	0
NAKHGHBN_00253	0
NAKHGHBN_00254	2
NAKHGHBN_00255	0
NAKHGHBN_00256	0
NAKHGHBN_00257	1
NAKHGHBN_00258	0
NAKHGHBN_00259	0
NAKHGHBN_00260	0
NAKHGHBN_00261	2
NAKHGHBN_00262	2
NAKHGHBN_00263	0
NAKHGHBN_00264	0
NAKHGHBN_00265	0
NAKHGHBN_00266	0
NAKHGHBN_00267	1
NAKHGHBN_00268	0
NAKHGHBN_00269	10
NAKHGHBN_00270	0
NAKHGHBN_00271	0
NAKHGHBN_00272	0
NAKHGHBN_00273	0
NAKHGHBN_00274	0
NAKHGHBN_00275	0
NAKHGHBN_00276	0
NAKHGHBN_00277	0
NAKHGHBN_00278	0
NAKHGHBN_00279	0
NAKHGHBN_00280	0
NAKHGHBN_00281	0
NAKHGHBN_00282	0
NAKHGHBN_00283	0
NAKHGHBN_00284	1
NAKHGHBN_00285	0
NAKHGHBN_00287	0
NAKHGHBN_00288	0
NAKHGHBN_00289	0
NAKHGHBN_00290	4
NAKHGHBN_00291	0
NAKHGHBN_00292	0
NAKHGHBN_00293	2
NAKHGHBN_00294	0
NAKHGHBN_00295	2
NAKHGHBN_00296	0
NAKHGHBN_00297	0
NAKHGHBN_00298	0
NAKHGHBN_00299	0
NAKHGHBN_00300	0
NAKHGHBN_00301	2
NAKHGHBN_00302	0
NAKHGHBN_00303	0
NAKHGHBN_00304	0
NAKHGHBN_00305	0
NAKHGHBN_00306	0
NAKHGHBN_00307	0
NAKHGHBN_00308	0
NAKHGHBN_00309	1
NAKHGHBN_00310	0
NAKHGHBN_00311	0
NAKHGHBN_00312	0
NAKHGHBN_00313	0
NAKHGHBN_00314	0
NAKHGHBN_00315	0
NAKHGHBN_00316	3
NAKHGHBN_00317	0
NAKHGHBN_00318	0
NAKHGHBN_00319	0
NAKHGHBN_00320	0
NAKHGHBN_00321	0
NAKHGHBN_00322	0
NAKHGHBN_00323	0
NAKHGHBN_00324	0
NAKHGHBN_00325	0
NAKHGHBN_00326	1
NAKHGHBN_00327	0
NAKHGHBN_00328	0
NAKHGHBN_00329	3
NAKHGHBN_00330	0
NAKHGHBN_00331	0
NAKHGHBN_00332	0
NAKHGHBN_00333	0
NAKHGHBN_00334	1
NAKHGHBN_00335	1
NAKHGHBN_00336	0
NAKHGHBN_00337	0
NAKHGHBN_00338	0
NAKHGHBN_00339	0
NAKHGHBN_00340	0
NAKHGHBN_00341	0
NAKHGHBN_00342	0
NAKHGHBN_00343	0
NAKHGHBN_00344	0
NAKHGHBN_00345	0
NAKHGHBN_00346	0
NAKHGHBN_00347	0
NAKHGHBN_00348	0
NAKHGHBN_00349	0
NAKHGHBN_00350	0
NAKHGHBN_00351	0
NAKHGHBN_00352	0
NAKHGHBN_00353	0
NAKHGHBN_00354	0
NAKHGHBN_00355	4
NAKHGHBN_00356	2
NAKHGHBN_00357	1
NAKHGHBN_00358	0
NAKHGHBN_00359	0
NAKHGHBN_00360	0
NAKHGHBN_00361	0
NAKHGHBN_00362	0
NAKHGHBN_00363	0
NAKHGHBN_00364	0
NAKHGHBN_00365	0
NAKHGHBN_00366	4
NAKHGHBN_00367	1
NAKHGHBN_00368	0
NAKHGHBN_00369	1
NAKHGHBN_00370	1
NAKHGHBN_00371	1
NAKHGHBN_00372	0
NAKHGHBN_00373	0
NAKHGHBN_00374	0
NAKHGHBN_00375	1
NAKHGHBN_00376	0
NAKHGHBN_00377	0
NAKHGHBN_00378	0
NAKHGHBN_00379	0
NAKHGHBN_00380	0
NAKHGHBN_00381	0
NAKHGHBN_00382	0
NAKHGHBN_00383	0
NAKHGHBN_00384	0
NAKHGHBN_00385	0
NAKHGHBN_00386	0
NAKHGHBN_00387	1
NAKHGHBN_00388	0
NAKHGHBN_00389	5
NAKHGHBN_00390	2
NAKHGHBN_00391	0
NAKHGHBN_00392	0
NAKHGHBN_00393	0
NAKHGHBN_00394	0
NAKHGHBN_00395	0
NAKHGHBN_00396	0
NAKHGHBN_00397	2
NAKHGHBN_00398	6
NAKHGHBN_00399	0
NAKHGHBN_00400	1
NAKHGHBN_00401	0
NAKHGHBN_00402	0
NAKHGHBN_00403	1
NAKHGHBN_00404	1
NAKHGHBN_00405	1
NAKHGHBN_00406	1
NAKHGHBN_00407	1
NAKHGHBN_00408	0
NAKHGHBN_00409	0
NAKHGHBN_00410	1
NAKHGHBN_00411	0
NAKHGHBN_00412	0
NAKHGHBN_00413	0
NAKHGHBN_00414	0
NAKHGHBN_00415	1
NAKHGHBN_00416	0
NAKHGHBN_00417	0
NAKHGHBN_00418	0
NAKHGHBN_00419	0
NAKHGHBN_00420	2
NAKHGHBN_00421	1
NAKHGHBN_00422	0
NAKHGHBN_00423	0
NAKHGHBN_00424	0
NAKHGHBN_00425	0
NAKHGHBN_00426	0
NAKHGHBN_00427	0
NAKHGHBN_00428	0
NAKHGHBN_00429	0
NAKHGHBN_00430	0
NAKHGHBN_00431	3
NAKHGHBN_00432	2
NAKHGHBN_00433	0
NAKHGHBN_00434	1
NAKHGHBN_00435	1
NAKHGHBN_00436	0
NAKHGHBN_00437	0
NAKHGHBN_00438	0
NAKHGHBN_00439	0
NAKHGHBN_00440	0
NAKHGHBN_00441	0
NAKHGHBN_00442	16
NAKHGHBN_00443	3
NAKHGHBN_00444	0
NAKHGHBN_00445	0
NAKHGHBN_00446	0
NAKHGHBN_00447	0
NAKHGHBN_00448	1
NAKHGHBN_00449	0
NAKHGHBN_00450	8
NAKHGHBN_00451	0
NAKHGHBN_00452	0
NAKHGHBN_00453	0
NAKHGHBN_00454	0
NAKHGHBN_00455	1
NAKHGHBN_00456	0
NAKHGHBN_00457	0
NAKHGHBN_00458	0
NAKHGHBN_00459	0
NAKHGHBN_00460	0
NAKHGHBN_00461	0
NAKHGHBN_00462	0
NAKHGHBN_00463	0
NAKHGHBN_00464	0
NAKHGHBN_00465	5
NAKHGHBN_00466	0
NAKHGHBN_00467	2
NAKHGHBN_00468	0
NAKHGHBN_00469	0
NAKHGHBN_00470	0
NAKHGHBN_00471	0
NAKHGHBN_00472	0
NAKHGHBN_00473	0
NAKHGHBN_00474	0
NAKHGHBN_00475	0
NAKHGHBN_00476	0
NAKHGHBN_00477	0
NAKHGHBN_00478	0
NAKHGHBN_00479	0
NAKHGHBN_00480	1
NAKHGHBN_00481	0
NAKHGHBN_00482	0
NAKHGHBN_00483	0
NAKHGHBN_00485	0
NAKHGHBN_00486	0
NAKHGHBN_00487	0
NAKHGHBN_00488	0
NAKHGHBN_00489	0
NAKHGHBN_00490	0
NAKHGHBN_00492	0
NAKHGHBN_00493	0
NAKHGHBN_00494	0
NAKHGHBN_00495	1
NAKHGHBN_00496	0
NAKHGHBN_00497	1
NAKHGHBN_00498	0
NAKHGHBN_00499	0
NAKHGHBN_00500	0
NAKHGHBN_00501	1
NAKHGHBN_00502	0
NAKHGHBN_00503	0
NAKHGHBN_00504	0
NAKHGHBN_00505	0
NAKHGHBN_00506	1
NAKHGHBN_00507	0
NAKHGHBN_00508	1
NAKHGHBN_00509	0
NAKHGHBN_00510	0
NAKHGHBN_00511	3
NAKHGHBN_00512	0
NAKHGHBN_00513	0
NAKHGHBN_00514	0
NAKHGHBN_00515	0
NAKHGHBN_00516	0
NAKHGHBN_00517	0
NAKHGHBN_00518	0
NAKHGHBN_00519	0
NAKHGHBN_00520	0
NAKHGHBN_00521	0
NAKHGHBN_00522	4
NAKHGHBN_00523	1
NAKHGHBN_00524	1
NAKHGHBN_00525	2
NAKHGHBN_00526	0
NAKHGHBN_00527	3
NAKHGHBN_00529	0
NAKHGHBN_00530	18
NAKHGHBN_00531	0
NAKHGHBN_00532	0
NAKHGHBN_00533	0
NAKHGHBN_00534	0
NAKHGHBN_00535	0
NAKHGHBN_00536	0
NAKHGHBN_00537	0
NAKHGHBN_00538	2
NAKHGHBN_00539	0
NAKHGHBN_00540	2
NAKHGHBN_00542	0
NAKHGHBN_00543	2
NAKHGHBN_00544	1
NAKHGHBN_00545	9
NAKHGHBN_00546	9
NAKHGHBN_00547	0
NAKHGHBN_00548	0
NAKHGHBN_00549	0
NAKHGHBN_00550	0
NAKHGHBN_00551	0
NAKHGHBN_00552	0
NAKHGHBN_00553	0
NAKHGHBN_00554	0
NAKHGHBN_00556	0
NAKHGHBN_00557	0
NAKHGHBN_00558	7
NAKHGHBN_00559	0
NAKHGHBN_00560	0
NAKHGHBN_00561	2
NAKHGHBN_00562	0
NAKHGHBN_00563	0
NAKHGHBN_00564	0
NAKHGHBN_00565	5
NAKHGHBN_00566	0
NAKHGHBN_00567	1
NAKHGHBN_00568	2
NAKHGHBN_00569	0
NAKHGHBN_00570	0
NAKHGHBN_00571	0
NAKHGHBN_00572	0
NAKHGHBN_00573	0
NAKHGHBN_00574	2
NAKHGHBN_00575	0
NAKHGHBN_00576	2
NAKHGHBN_00577	0
NAKHGHBN_00578	4
NAKHGHBN_00579	0
NAKHGHBN_00580	1
NAKHGHBN_00583	3
NAKHGHBN_00584	0
NAKHGHBN_00585	0
NAKHGHBN_00586	12
NAKHGHBN_00587	1
NAKHGHBN_00588	0
NAKHGHBN_00589	0
NAKHGHBN_00590	0
NAKHGHBN_00591	0
NAKHGHBN_00592	0
NAKHGHBN_00593	0
NAKHGHBN_00594	2
NAKHGHBN_00595	2
NAKHGHBN_00596	0
NAKHGHBN_00597	0
NAKHGHBN_00598	0
NAKHGHBN_00599	1
NAKHGHBN_00600	0
NAKHGHBN_00601	0
NAKHGHBN_00602	0
NAKHGHBN_00603	3
NAKHGHBN_00604	0
NAKHGHBN_00605	0
NAKHGHBN_00606	0
NAKHGHBN_00607	4
NAKHGHBN_00608	3
NAKHGHBN_00609	0
NAKHGHBN_00610	0
NAKHGHBN_00611	0
NAKHGHBN_00612	0
NAKHGHBN_00615	0
NAKHGHBN_00616	0
NAKHGHBN_00617	0
NAKHGHBN_00618	0
NAKHGHBN_00619	0
NAKHGHBN_00620	1
NAKHGHBN_00621	1
NAKHGHBN_00622	5
NAKHGHBN_00623	2
NAKHGHBN_00624	0
NAKHGHBN_00625	2
NAKHGHBN_00626	0
NAKHGHBN_00627	0
NAKHGHBN_00628	0
NAKHGHBN_00629	0
NAKHGHBN_00630	0
NAKHGHBN_00631	0
NAKHGHBN_00632	0
NAKHGHBN_00633	0
NAKHGHBN_00634	0
NAKHGHBN_00635	1
NAKHGHBN_00636	0
NAKHGHBN_00637	1
NAKHGHBN_00638	0
NAKHGHBN_00639	0
NAKHGHBN_00640	0
NAKHGHBN_00641	1
NAKHGHBN_00642	0
NAKHGHBN_00643	0
NAKHGHBN_00644	0
NAKHGHBN_00645	0
NAKHGHBN_00646	0
NAKHGHBN_00647	0
NAKHGHBN_00648	0
NAKHGHBN_00649	0
NAKHGHBN_00650	0
NAKHGHBN_00651	0
NAKHGHBN_00652	1
NAKHGHBN_00653	0
NAKHGHBN_00654	0
NAKHGHBN_00655	0
NAKHGHBN_00656	0
NAKHGHBN_00657	0
NAKHGHBN_00658	0
NAKHGHBN_00659	3
NAKHGHBN_00660	0
NAKHGHBN_00661	0
NAKHGHBN_00662	2
NAKHGHBN_00663	0
NAKHGHBN_00664	0
NAKHGHBN_00665	0
NAKHGHBN_00666	0
NAKHGHBN_00667	1
NAKHGHBN_00668	0
NAKHGHBN_00669	0
NAKHGHBN_00670	0
NAKHGHBN_00671	0
NAKHGHBN_00672	0
NAKHGHBN_00673	0
NAKHGHBN_00674	0
NAKHGHBN_00675	0
NAKHGHBN_00676	0
NAKHGHBN_00677	0
NAKHGHBN_00678	1
NAKHGHBN_00679	0
NAKHGHBN_00680	1
NAKHGHBN_00681	1
NAKHGHBN_00682	0
NAKHGHBN_00683	0
NAKHGHBN_00684	0
NAKHGHBN_00685	0
NAKHGHBN_00686	0
NAKHGHBN_00687	0
NAKHGHBN_00688	0
NAKHGHBN_00689	0
NAKHGHBN_00690	0
NAKHGHBN_00691	0
NAKHGHBN_00692	0
NAKHGHBN_00693	0
NAKHGHBN_00694	0
NAKHGHBN_00695	0
NAKHGHBN_00696	0
NAKHGHBN_00697	0
NAKHGHBN_00698	0
NAKHGHBN_00699	0
NAKHGHBN_00700	0
NAKHGHBN_00702	41
NAKHGHBN_00703	0
NAKHGHBN_00704	0
NAKHGHBN_00705	0
NAKHGHBN_00706	0
NAKHGHBN_00707	0
NAKHGHBN_00708	0
NAKHGHBN_00709	0
NAKHGHBN_00710	0
NAKHGHBN_00711	0
NAKHGHBN_00712	0
NAKHGHBN_00714	5
NAKHGHBN_00715	0
NAKHGHBN_00716	1
NAKHGHBN_00717	0
NAKHGHBN_00718	0
NAKHGHBN_00720	0
NAKHGHBN_00721	1
NAKHGHBN_00722	0
NAKHGHBN_00724	0
NAKHGHBN_00725	0
NAKHGHBN_00726	0
NAKHGHBN_00728	0
NAKHGHBN_00729	0
NAKHGHBN_00730	3
NAKHGHBN_00731	0
NAKHGHBN_00732	0
NAKHGHBN_00733	0
NAKHGHBN_00734	0
NAKHGHBN_00735	0
NAKHGHBN_00736	0
NAKHGHBN_00737	1
NAKHGHBN_00738	0
NAKHGHBN_00740	2
NAKHGHBN_00741	0
NAKHGHBN_00742	0
NAKHGHBN_00743	0
NAKHGHBN_00744	0
NAKHGHBN_00745	4
NAKHGHBN_00746	1
NAKHGHBN_00747	0
NAKHGHBN_00748	0
NAKHGHBN_00749	3
NAKHGHBN_00750	0
NAKHGHBN_00751	1
NAKHGHBN_00752	0
NAKHGHBN_00753	0
NAKHGHBN_00754	0
NAKHGHBN_00755	0
NAKHGHBN_00756	0
NAKHGHBN_00758	1
NAKHGHBN_00759	3
NAKHGHBN_00760	0
NAKHGHBN_00761	0
NAKHGHBN_00762	0
NAKHGHBN_00763	0
NAKHGHBN_00764	3
NAKHGHBN_00765	0
NAKHGHBN_00766	0
NAKHGHBN_00767	0
NAKHGHBN_00768	0
NAKHGHBN_00769	5
NAKHGHBN_00770	0
NAKHGHBN_00771	1
NAKHGHBN_00772	0
NAKHGHBN_00773	0
NAKHGHBN_00774	0
NAKHGHBN_00775	0
NAKHGHBN_00776	0
NAKHGHBN_00777	0
NAKHGHBN_00778	0
NAKHGHBN_00779	0
NAKHGHBN_00781	0
NAKHGHBN_00782	0
NAKHGHBN_00783	2
NAKHGHBN_00784	1
NAKHGHBN_00785	0
NAKHGHBN_00786	0
NAKHGHBN_00787	0
NAKHGHBN_00788	0
NAKHGHBN_00789	2
NAKHGHBN_00790	0
NAKHGHBN_00791	1
NAKHGHBN_00792	0
NAKHGHBN_00793	0
NAKHGHBN_00794	0
NAKHGHBN_00795	0
NAKHGHBN_00796	0
NAKHGHBN_00797	0
NAKHGHBN_00798	0
NAKHGHBN_00799	1
NAKHGHBN_00800	1
NAKHGHBN_00801	0
NAKHGHBN_00802	3
NAKHGHBN_00803	2
NAKHGHBN_00804	2
NAKHGHBN_00805	0
NAKHGHBN_00806	1
NAKHGHBN_00807	0
NAKHGHBN_00808	0
NAKHGHBN_00809	2
NAKHGHBN_00810	0
NAKHGHBN_00811	3
NAKHGHBN_00812	0
NAKHGHBN_00813	0
NAKHGHBN_00814	0
NAKHGHBN_00815	0
NAKHGHBN_00816	0
NAKHGHBN_00817	2
NAKHGHBN_00818	6
NAKHGHBN_00819	2
NAKHGHBN_00820	0
NAKHGHBN_00821	0
NAKHGHBN_00822	0
NAKHGHBN_00823	0
NAKHGHBN_00824	0
NAKHGHBN_00825	0
NAKHGHBN_00826	2
NAKHGHBN_00828	0
NAKHGHBN_00829	1
NAKHGHBN_00831	0
NAKHGHBN_00832	2
NAKHGHBN_00833	0
NAKHGHBN_00834	0
NAKHGHBN_00835	0
NAKHGHBN_00836	1
NAKHGHBN_00837	0
NAKHGHBN_00838	0
NAKHGHBN_00839	1
NAKHGHBN_00840	1
NAKHGHBN_00841	2
NAKHGHBN_00842	0
NAKHGHBN_00843	0
NAKHGHBN_00844	0
NAKHGHBN_00845	0
NAKHGHBN_00846	1
NAKHGHBN_00847	1
NAKHGHBN_00848	0
NAKHGHBN_00849	0
NAKHGHBN_00850	1
NAKHGHBN_00851	0
NAKHGHBN_00852	1
NAKHGHBN_00853	0
NAKHGHBN_00854	0
NAKHGHBN_00855	0
NAKHGHBN_00856	0
NAKHGHBN_00857	1
NAKHGHBN_00858	0
NAKHGHBN_00859	0
NAKHGHBN_00860	0
NAKHGHBN_00861	0
NAKHGHBN_00862	1
NAKHGHBN_00863	0
NAKHGHBN_00864	0
NAKHGHBN_00865	0
NAKHGHBN_00866	1
NAKHGHBN_00867	0
NAKHGHBN_00868	1
NAKHGHBN_00869	0
NAKHGHBN_00870	0
NAKHGHBN_00871	0
NAKHGHBN_00872	156
NAKHGHBN_00873	0
NAKHGHBN_00874	0
NAKHGHBN_00875	0
NAKHGHBN_00876	0
NAKHGHBN_00877	7
NAKHGHBN_00878	1
NAKHGHBN_00879	0
NAKHGHBN_00880	0
NAKHGHBN_00881	0
NAKHGHBN_00882	0
NAKHGHBN_00883	0
NAKHGHBN_00884	0
NAKHGHBN_00885	0
NAKHGHBN_00886	1
NAKHGHBN_00887	0
NAKHGHBN_00888	0
NAKHGHBN_00889	0
NAKHGHBN_00890	2
NAKHGHBN_00891	0
NAKHGHBN_00892	1
NAKHGHBN_00893	2
NAKHGHBN_00894	0
NAKHGHBN_00895	0
NAKHGHBN_00896	4
NAKHGHBN_00897	0
NAKHGHBN_00898	0
NAKHGHBN_00899	0
NAKHGHBN_00900	0
NAKHGHBN_00901	0
NAKHGHBN_00902	0
NAKHGHBN_00903	0
NAKHGHBN_00904	0
NAKHGHBN_00905	0
NAKHGHBN_00906	0
NAKHGHBN_00907	0
NAKHGHBN_00908	0
NAKHGHBN_00909	0
NAKHGHBN_00910	3
NAKHGHBN_00911	0
NAKHGHBN_00912	0
NAKHGHBN_00913	1
NAKHGHBN_00914	0
NAKHGHBN_00915	6
NAKHGHBN_00916	0
NAKHGHBN_00917	0
NAKHGHBN_00918	0
NAKHGHBN_00919	0
NAKHGHBN_00920	0
NAKHGHBN_00922	0
NAKHGHBN_00923	0
NAKHGHBN_00924	1
NAKHGHBN_00925	11
NAKHGHBN_00926	1
NAKHGHBN_00927	0
NAKHGHBN_00928	0
NAKHGHBN_00929	2
NAKHGHBN_00930	0
NAKHGHBN_00931	0
NAKHGHBN_00932	0
NAKHGHBN_00933	2
NAKHGHBN_00934	0
NAKHGHBN_00935	0
NAKHGHBN_00936	2
NAKHGHBN_00937	3
NAKHGHBN_00938	0
NAKHGHBN_00939	0
NAKHGHBN_00940	2
NAKHGHBN_00941	0
NAKHGHBN_00942	3
NAKHGHBN_00943	0
NAKHGHBN_00944	3
NAKHGHBN_00945	0
NAKHGHBN_00946	0
NAKHGHBN_00947	0
NAKHGHBN_00948	0
NAKHGHBN_00949	1
NAKHGHBN_00950	0
NAKHGHBN_00951	0
NAKHGHBN_00952	0
NAKHGHBN_00953	0
NAKHGHBN_00954	0
NAKHGHBN_00955	13
NAKHGHBN_00956	1
NAKHGHBN_00957	0
NAKHGHBN_00958	0
NAKHGHBN_00959	0
NAKHGHBN_00960	0
NAKHGHBN_00961	0
NAKHGHBN_00962	0
NAKHGHBN_00967	0
NAKHGHBN_00968	0
NAKHGHBN_00969	0
NAKHGHBN_00970	1
NAKHGHBN_00971	0
NAKHGHBN_00972	0
NAKHGHBN_00973	0
NAKHGHBN_00974	0
NAKHGHBN_00975	0
NAKHGHBN_00976	0
NAKHGHBN_00977	0
NAKHGHBN_00978	0
NAKHGHBN_00979	2
NAKHGHBN_00980	2
NAKHGHBN_00981	0
NAKHGHBN_00982	0
NAKHGHBN_00983	0
NAKHGHBN_00984	3
NAKHGHBN_00985	0
NAKHGHBN_00986	0
NAKHGHBN_00987	1
NAKHGHBN_00989	3
NAKHGHBN_00990	0
NAKHGHBN_00991	0
NAKHGHBN_00992	0
NAKHGHBN_00993	0
NAKHGHBN_00994	0
NAKHGHBN_00995	0
NAKHGHBN_00996	0
NAKHGHBN_00997	0
NAKHGHBN_00998	0
NAKHGHBN_00999	0
NAKHGHBN_01000	0
NAKHGHBN_01001	0
NAKHGHBN_01002	0
NAKHGHBN_01003	0
NAKHGHBN_01004	0
NAKHGHBN_01005	0
NAKHGHBN_01006	1
NAKHGHBN_01007	1
NAKHGHBN_01008	0
NAKHGHBN_01009	2
NAKHGHBN_01010	0
NAKHGHBN_01011	0
NAKHGHBN_01012	0
NAKHGHBN_01013	1
NAKHGHBN_01014	0
NAKHGHBN_01015	0
NAKHGHBN_01016	0
NAKHGHBN_01017	1
NAKHGHBN_01018	16
NAKHGHBN_01019	0
NAKHGHBN_01020	0
NAKHGHBN_01021	0
NAKHGHBN_01022	0
NAKHGHBN_01023	0
NAKHGHBN_01024	0
NAKHGHBN_01025	0
NAKHGHBN_01026	0
NAKHGHBN_01027	0
NAKHGHBN_01028	0
NAKHGHBN_01029	0
NAKHGHBN_01030	0
NAKHGHBN_01031	1
NAKHGHBN_01032	0
NAKHGHBN_01033	0
NAKHGHBN_01034	0
NAKHGHBN_01035	10
NAKHGHBN_01036	1
NAKHGHBN_01037	0
NAKHGHBN_01038	1
NAKHGHBN_01039	3
NAKHGHBN_01040	0
NAKHGHBN_01041	0
NAKHGHBN_01042	0
NAKHGHBN_01043	0
NAKHGHBN_01044	62
NAKHGHBN_01045	3
NAKHGHBN_01046	0
NAKHGHBN_01047	1
NAKHGHBN_01048	0
NAKHGHBN_01049	1
NAKHGHBN_01050	0
NAKHGHBN_01051	0
NAKHGHBN_01052	0
NAKHGHBN_01053	0
NAKHGHBN_01054	0
NAKHGHBN_01055	3
NAKHGHBN_01056	1
NAKHGHBN_01057	0
NAKHGHBN_01058	0
NAKHGHBN_01059	0
NAKHGHBN_01060	2
NAKHGHBN_01061	1
NAKHGHBN_01062	0
NAKHGHBN_01063	0
NAKHGHBN_01064	3
NAKHGHBN_01065	0
NAKHGHBN_01066	0
NAKHGHBN_01067	0
NAKHGHBN_01068	0
NAKHGHBN_01069	0
NAKHGHBN_01070	0
NAKHGHBN_01071	0
NAKHGHBN_01072	0
NAKHGHBN_01073	0
NAKHGHBN_01074	1
NAKHGHBN_01075	1
NAKHGHBN_01076	0
NAKHGHBN_01077	0
NAKHGHBN_01078	1
NAKHGHBN_01079	0
NAKHGHBN_01080	0
NAKHGHBN_01081	0
NAKHGHBN_01082	0
NAKHGHBN_01083	0
NAKHGHBN_01084	0
NAKHGHBN_01086	2
NAKHGHBN_01087	0
NAKHGHBN_01088	0
NAKHGHBN_01089	0
NAKHGHBN_01090	0
NAKHGHBN_01091	0
NAKHGHBN_01093	0
NAKHGHBN_01094	0
NAKHGHBN_01095	0
NAKHGHBN_01096	0
NAKHGHBN_01097	0
NAKHGHBN_01098	0
NAKHGHBN_01099	0
NAKHGHBN_01100	0
NAKHGHBN_01101	0
NAKHGHBN_01102	0
NAKHGHBN_01103	0
NAKHGHBN_01104	0
NAKHGHBN_01105	1
NAKHGHBN_01106	2
NAKHGHBN_01107	0
NAKHGHBN_01108	0
NAKHGHBN_01109	0
NAKHGHBN_01110	0
NAKHGHBN_01111	0
NAKHGHBN_01112	0
NAKHGHBN_01113	0
NAKHGHBN_01114	0
NAKHGHBN_01115	0
NAKHGHBN_01116	0
NAKHGHBN_01117	0
NAKHGHBN_01118	0
NAKHGHBN_01119	0
NAKHGHBN_01120	0
NAKHGHBN_01121	1
NAKHGHBN_01122	2
NAKHGHBN_01123	3
NAKHGHBN_01124	0
NAKHGHBN_01125	0
NAKHGHBN_01126	0
NAKHGHBN_01127	0
NAKHGHBN_01128	0
NAKHGHBN_01129	0
NAKHGHBN_01130	0
NAKHGHBN_01131	0
NAKHGHBN_01132	0
NAKHGHBN_01133	0
NAKHGHBN_01134	0
NAKHGHBN_01135	1
NAKHGHBN_01136	0
NAKHGHBN_01137	1
NAKHGHBN_01138	0
NAKHGHBN_01139	0
NAKHGHBN_01140	0
NAKHGHBN_01141	0
NAKHGHBN_01142	1
NAKHGHBN_01143	0
NAKHGHBN_01144	0
NAKHGHBN_01145	0
NAKHGHBN_01147	0
NAKHGHBN_01148	1
NAKHGHBN_01149	0
NAKHGHBN_01150	10
NAKHGHBN_01151	0
NAKHGHBN_01152	0
NAKHGHBN_01153	1
NAKHGHBN_01154	2
NAKHGHBN_01155	0
NAKHGHBN_01156	0
NAKHGHBN_01157	0
NAKHGHBN_01158	0
NAKHGHBN_01159	2
NAKHGHBN_01160	0
NAKHGHBN_01161	0
NAKHGHBN_01162	1
NAKHGHBN_01163	0
NAKHGHBN_01164	0
NAKHGHBN_01165	2
NAKHGHBN_01166	37
NAKHGHBN_01167	7
NAKHGHBN_01168	0
NAKHGHBN_01169	0
NAKHGHBN_01170	0
NAKHGHBN_01171	0
NAKHGHBN_01172	0
NAKHGHBN_01173	2
NAKHGHBN_01174	0
NAKHGHBN_01175	0
NAKHGHBN_01176	0
NAKHGHBN_01177	0
NAKHGHBN_01178	0
NAKHGHBN_01179	0
NAKHGHBN_01180	0
NAKHGHBN_01181	0
NAKHGHBN_01182	0
NAKHGHBN_01183	2
NAKHGHBN_01184	0
NAKHGHBN_01185	0
NAKHGHBN_01186	0
NAKHGHBN_01187	0
NAKHGHBN_01188	0
NAKHGHBN_01189	0
NAKHGHBN_01190	1
NAKHGHBN_01191	0
NAKHGHBN_01192	3
NAKHGHBN_01193	2
NAKHGHBN_01194	1
NAKHGHBN_01195	3
NAKHGHBN_01196	1
NAKHGHBN_01197	0
NAKHGHBN_01198	1
NAKHGHBN_01199	1
NAKHGHBN_01200	1
NAKHGHBN_01201	0
NAKHGHBN_01202	0
NAKHGHBN_01203	0
NAKHGHBN_01204	0
NAKHGHBN_01205	0
NAKHGHBN_01206	0
NAKHGHBN_01207	1
NAKHGHBN_01208	0
NAKHGHBN_01209	0
NAKHGHBN_01210	0
NAKHGHBN_01211	0
NAKHGHBN_01212	1
NAKHGHBN_01213	0
NAKHGHBN_01214	0
NAKHGHBN_01215	0
NAKHGHBN_01216	0
NAKHGHBN_01217	0
NAKHGHBN_01218	2
NAKHGHBN_01219	0
NAKHGHBN_01220	1
NAKHGHBN_01221	0
NAKHGHBN_01222	0
NAKHGHBN_01223	0
NAKHGHBN_01224	1
NAKHGHBN_01225	0
NAKHGHBN_01226	0
NAKHGHBN_01227	0
NAKHGHBN_01228	0
NAKHGHBN_01229	2
NAKHGHBN_01230	0
NAKHGHBN_01231	1
NAKHGHBN_01232	0
NAKHGHBN_01233	0
NAKHGHBN_01234	0
NAKHGHBN_01235	1
NAKHGHBN_01236	5
NAKHGHBN_01237	1
NAKHGHBN_01238	0
NAKHGHBN_01240	0
NAKHGHBN_01241	0
NAKHGHBN_01242	0
NAKHGHBN_01243	0
NAKHGHBN_01244	0
NAKHGHBN_01245	2
NAKHGHBN_01246	0
NAKHGHBN_01247	0
NAKHGHBN_01248	4
NAKHGHBN_01249	12
NAKHGHBN_01250	1
NAKHGHBN_01251	4
NAKHGHBN_01252	0
NAKHGHBN_01253	0
NAKHGHBN_01254	0
NAKHGHBN_01255	0
NAKHGHBN_01256	0
NAKHGHBN_01257	0
NAKHGHBN_01258	0
NAKHGHBN_01259	0
NAKHGHBN_01260	0
NAKHGHBN_01261	0
NAKHGHBN_01262	0
NAKHGHBN_01263	0
NAKHGHBN_01264	0
NAKHGHBN_01265	0
NAKHGHBN_01266	1
NAKHGHBN_01267	0
NAKHGHBN_01268	0
NAKHGHBN_01269	0
NAKHGHBN_01270	0
NAKHGHBN_01271	0
NAKHGHBN_01272	0
NAKHGHBN_01274	0
NAKHGHBN_01275	0
NAKHGHBN_01276	0
NAKHGHBN_01277	0
NAKHGHBN_01278	0
NAKHGHBN_01279	0
NAKHGHBN_01280	0
NAKHGHBN_01281	0
NAKHGHBN_01282	0
NAKHGHBN_01283	0
NAKHGHBN_01284	0
NAKHGHBN_01285	0
NAKHGHBN_01286	0
NAKHGHBN_01287	0
NAKHGHBN_01288	0
NAKHGHBN_01289	0
NAKHGHBN_01290	0
NAKHGHBN_01291	0
NAKHGHBN_01292	1
NAKHGHBN_01293	0
NAKHGHBN_01294	0
NAKHGHBN_01295	0
NAKHGHBN_01296	0
NAKHGHBN_01297	0
NAKHGHBN_01298	0
NAKHGHBN_01299	0
NAKHGHBN_01300	1
NAKHGHBN_01301	0
NAKHGHBN_01302	0
NAKHGHBN_01303	0
NAKHGHBN_01304	1
NAKHGHBN_01305	0
NAKHGHBN_01306	0
NAKHGHBN_01307	0
NAKHGHBN_01308	0
NAKHGHBN_01309	0
NAKHGHBN_01310	0
NAKHGHBN_01311	0
NAKHGHBN_01312	0
NAKHGHBN_01313	0
NAKHGHBN_01314	5
NAKHGHBN_01315	0
NAKHGHBN_01316	0
NAKHGHBN_01317	0
NAKHGHBN_01318	0
NAKHGHBN_01319	0
NAKHGHBN_01320	0
NAKHGHBN_01321	0
NAKHGHBN_01322	0
NAKHGHBN_01323	0
NAKHGHBN_01324	1
NAKHGHBN_01326	0
NAKHGHBN_01327	3
NAKHGHBN_01328	0
NAKHGHBN_01329	0
NAKHGHBN_01330	0
NAKHGHBN_01331	0
NAKHGHBN_01332	0
NAKHGHBN_01333	0
NAKHGHBN_01334	0
NAKHGHBN_01335	0
NAKHGHBN_01336	0
NAKHGHBN_01337	0
NAKHGHBN_01338	0
NAKHGHBN_01339	0
NAKHGHBN_01340	2
NAKHGHBN_01341	0
NAKHGHBN_01342	0
NAKHGHBN_01343	0
NAKHGHBN_01344	0
NAKHGHBN_01345	1
NAKHGHBN_01346	0
NAKHGHBN_01347	0
NAKHGHBN_01348	0
NAKHGHBN_01349	0
NAKHGHBN_01350	1
NAKHGHBN_01351	0
NAKHGHBN_01352	0
NAKHGHBN_01353	0
NAKHGHBN_01354	0
NAKHGHBN_01355	0
NAKHGHBN_01356	0
NAKHGHBN_01357	0
NAKHGHBN_01358	0
NAKHGHBN_01359	0
NAKHGHBN_01360	0
NAKHGHBN_01361	1
NAKHGHBN_01362	5
NAKHGHBN_01363	4
NAKHGHBN_01364	0
NAKHGHBN_01365	0
NAKHGHBN_01366	0
NAKHGHBN_01367	0
NAKHGHBN_01368	0
NAKHGHBN_01369	0
NAKHGHBN_01370	0
NAKHGHBN_01371	0
NAKHGHBN_01372	0
NAKHGHBN_01373	0
NAKHGHBN_01374	0
NAKHGHBN_01375	0
NAKHGHBN_01376	0
NAKHGHBN_01377	0
NAKHGHBN_01378	0
NAKHGHBN_01379	0
NAKHGHBN_01380	0
NAKHGHBN_01381	0
NAKHGHBN_01382	2
NAKHGHBN_01383	0
NAKHGHBN_01384	0
NAKHGHBN_01385	0
NAKHGHBN_01386	0
NAKHGHBN_01387	0
NAKHGHBN_01388	0
NAKHGHBN_01389	3
NAKHGHBN_01390	0
NAKHGHBN_01391	0
NAKHGHBN_01392	0
NAKHGHBN_01393	0
NAKHGHBN_01394	0
NAKHGHBN_01395	0
NAKHGHBN_01396	0
NAKHGHBN_01397	0
NAKHGHBN_01398	2
NAKHGHBN_01399	2
NAKHGHBN_01400	0
NAKHGHBN_01401	0
NAKHGHBN_01402	0
NAKHGHBN_01403	0
__no_feature	1599
__ambiguous	159
__too_low_aQual	4023
__not_aligned	866960
__alignment_not_unique	0
