FFEFCCMG_00002	3
FFEFCCMG_00003	0
FFEFCCMG_00004	0
FFEFCCMG_00005	0
FFEFCCMG_00006	0
FFEFCCMG_00007	0
FFEFCCMG_00008	1
FFEFCCMG_00009	3
FFEFCCMG_00010	0
FFEFCCMG_00011	0
FFEFCCMG_00012	0
FFEFCCMG_00013	0
FFEFCCMG_00014	0
FFEFCCMG_00015	0
FFEFCCMG_00016	2
FFEFCCMG_00017	0
FFEFCCMG_00018	0
FFEFCCMG_00019	3
FFEFCCMG_00020	3
FFEFCCMG_00021	0
FFEFCCMG_00022	0
FFEFCCMG_00023	0
FFEFCCMG_00024	3
FFEFCCMG_00025	0
FFEFCCMG_00026	0
FFEFCCMG_00027	0
FFEFCCMG_00028	0
FFEFCCMG_00029	0
FFEFCCMG_00030	0
FFEFCCMG_00031	0
FFEFCCMG_00032	0
FFEFCCMG_00033	0
FFEFCCMG_00034	0
FFEFCCMG_00035	17
FFEFCCMG_00036	0
FFEFCCMG_00037	0
FFEFCCMG_00039	1
FFEFCCMG_00040	0
FFEFCCMG_00041	1
FFEFCCMG_00042	4
FFEFCCMG_00043	2
FFEFCCMG_00044	0
FFEFCCMG_00045	0
FFEFCCMG_00046	1
FFEFCCMG_00047	0
FFEFCCMG_00048	0
FFEFCCMG_00049	0
FFEFCCMG_00050	0
FFEFCCMG_00051	1
FFEFCCMG_00052	0
FFEFCCMG_00053	0
FFEFCCMG_00054	0
FFEFCCMG_00055	0
FFEFCCMG_00056	0
FFEFCCMG_00057	24
FFEFCCMG_00058	66
FFEFCCMG_00059	1
FFEFCCMG_00060	1
FFEFCCMG_00061	0
FFEFCCMG_00062	5
FFEFCCMG_00063	2
FFEFCCMG_00064	7
FFEFCCMG_00066	0
FFEFCCMG_00067	0
FFEFCCMG_00068	1
FFEFCCMG_00069	0
FFEFCCMG_00070	1
FFEFCCMG_00071	4
FFEFCCMG_00072	0
FFEFCCMG_00073	9
FFEFCCMG_00074	0
FFEFCCMG_00075	2
FFEFCCMG_00076	0
FFEFCCMG_00077	0
FFEFCCMG_00078	5
FFEFCCMG_00079	0
FFEFCCMG_00080	0
FFEFCCMG_00081	0
FFEFCCMG_00082	0
FFEFCCMG_00083	2
FFEFCCMG_00084	6
FFEFCCMG_00085	0
FFEFCCMG_00087	3
FFEFCCMG_00088	0
FFEFCCMG_00089	0
FFEFCCMG_00090	0
FFEFCCMG_00091	0
FFEFCCMG_00092	7
FFEFCCMG_00093	0
FFEFCCMG_00094	0
FFEFCCMG_00095	0
FFEFCCMG_00096	0
FFEFCCMG_00097	0
FFEFCCMG_00098	2
FFEFCCMG_00099	0
FFEFCCMG_00100	8
FFEFCCMG_00101	3
FFEFCCMG_00102	5
FFEFCCMG_00103	0
FFEFCCMG_00104	7
FFEFCCMG_00105	6
FFEFCCMG_00106	0
FFEFCCMG_00107	0
FFEFCCMG_00108	0
FFEFCCMG_00109	0
FFEFCCMG_00110	0
FFEFCCMG_00111	3
FFEFCCMG_00112	0
FFEFCCMG_00113	11
FFEFCCMG_00114	3
FFEFCCMG_00115	0
FFEFCCMG_00116	0
FFEFCCMG_00117	0
FFEFCCMG_00118	0
FFEFCCMG_00119	0
FFEFCCMG_00120	0
FFEFCCMG_00121	7
FFEFCCMG_00122	0
FFEFCCMG_00123	0
FFEFCCMG_00124	5
FFEFCCMG_00125	0
FFEFCCMG_00126	0
FFEFCCMG_00127	0
FFEFCCMG_00128	0
FFEFCCMG_00129	0
FFEFCCMG_00130	1
FFEFCCMG_00131	8
FFEFCCMG_00132	0
FFEFCCMG_00133	0
FFEFCCMG_00134	15
FFEFCCMG_00135	10
FFEFCCMG_00136	8
FFEFCCMG_00137	2
FFEFCCMG_00139	0
FFEFCCMG_00140	0
FFEFCCMG_00141	0
FFEFCCMG_00142	0
FFEFCCMG_00143	0
FFEFCCMG_00144	5
FFEFCCMG_00146	1
FFEFCCMG_00147	0
FFEFCCMG_00148	0
FFEFCCMG_00149	0
FFEFCCMG_00150	0
FFEFCCMG_00151	0
FFEFCCMG_00152	0
FFEFCCMG_00153	0
FFEFCCMG_00154	0
FFEFCCMG_00155	0
FFEFCCMG_00156	0
FFEFCCMG_00157	0
FFEFCCMG_00158	0
FFEFCCMG_00159	12
FFEFCCMG_00160	0
FFEFCCMG_00161	0
FFEFCCMG_00162	0
FFEFCCMG_00163	0
FFEFCCMG_00164	0
FFEFCCMG_00165	0
FFEFCCMG_00166	0
FFEFCCMG_00167	5
FFEFCCMG_00168	0
FFEFCCMG_00169	2
FFEFCCMG_00170	4
FFEFCCMG_00171	0
FFEFCCMG_00172	1
FFEFCCMG_00173	0
FFEFCCMG_00174	0
FFEFCCMG_00175	0
FFEFCCMG_00177	0
FFEFCCMG_00178	0
FFEFCCMG_00179	3
FFEFCCMG_00180	0
FFEFCCMG_00181	0
FFEFCCMG_00182	0
FFEFCCMG_00183	0
FFEFCCMG_00184	0
FFEFCCMG_00185	0
FFEFCCMG_00186	0
FFEFCCMG_00187	0
FFEFCCMG_00188	0
FFEFCCMG_00189	0
FFEFCCMG_00190	8
FFEFCCMG_00191	0
FFEFCCMG_00192	0
FFEFCCMG_00193	0
FFEFCCMG_00194	0
FFEFCCMG_00195	2
FFEFCCMG_00196	1
FFEFCCMG_00197	9
FFEFCCMG_00198	1
FFEFCCMG_00199	0
FFEFCCMG_00200	0
FFEFCCMG_00201	0
FFEFCCMG_00202	2
FFEFCCMG_00203	0
FFEFCCMG_00204	4
FFEFCCMG_00205	13
FFEFCCMG_00206	0
FFEFCCMG_00207	0
FFEFCCMG_00208	19
FFEFCCMG_00209	34
FFEFCCMG_00210	33
FFEFCCMG_00211	6
FFEFCCMG_00213	0
FFEFCCMG_00214	0
FFEFCCMG_00215	0
FFEFCCMG_00216	0
FFEFCCMG_00217	0
FFEFCCMG_00218	0
FFEFCCMG_00220	0
FFEFCCMG_00221	0
FFEFCCMG_00222	0
FFEFCCMG_00223	0
FFEFCCMG_00224	0
FFEFCCMG_00225	0
FFEFCCMG_00227	1
FFEFCCMG_00228	1
FFEFCCMG_00229	0
FFEFCCMG_00230	1
FFEFCCMG_00231	62
FFEFCCMG_00232	0
FFEFCCMG_00233	0
FFEFCCMG_00234	0
FFEFCCMG_00236	0
FFEFCCMG_00237	0
FFEFCCMG_00238	0
FFEFCCMG_00239	0
FFEFCCMG_00240	0
FFEFCCMG_00241	0
FFEFCCMG_00242	3
FFEFCCMG_00243	5
FFEFCCMG_00244	0
FFEFCCMG_00245	0
FFEFCCMG_00246	0
FFEFCCMG_00247	1
FFEFCCMG_00248	0
FFEFCCMG_00249	2
FFEFCCMG_00250	0
FFEFCCMG_00251	1
FFEFCCMG_00252	1
FFEFCCMG_00253	0
FFEFCCMG_00254	0
FFEFCCMG_00255	2
FFEFCCMG_00256	0
FFEFCCMG_00257	0
FFEFCCMG_00258	0
FFEFCCMG_00259	0
FFEFCCMG_00261	3
FFEFCCMG_00262	0
FFEFCCMG_00263	0
FFEFCCMG_00264	0
FFEFCCMG_00265	0
FFEFCCMG_00266	0
FFEFCCMG_00267	0
FFEFCCMG_00268	0
FFEFCCMG_00269	2
FFEFCCMG_00270	0
FFEFCCMG_00271	0
FFEFCCMG_00272	0
FFEFCCMG_00273	0
FFEFCCMG_00274	0
FFEFCCMG_00275	0
FFEFCCMG_00276	0
FFEFCCMG_00277	0
FFEFCCMG_00278	2
FFEFCCMG_00279	0
FFEFCCMG_00280	0
FFEFCCMG_00281	0
FFEFCCMG_00282	0
FFEFCCMG_00283	0
FFEFCCMG_00284	0
FFEFCCMG_00285	0
FFEFCCMG_00286	0
FFEFCCMG_00287	0
FFEFCCMG_00288	0
FFEFCCMG_00289	0
FFEFCCMG_00290	0
FFEFCCMG_00291	0
FFEFCCMG_00292	0
FFEFCCMG_00293	0
FFEFCCMG_00294	0
FFEFCCMG_00295	0
FFEFCCMG_00296	0
FFEFCCMG_00298	0
FFEFCCMG_00299	0
FFEFCCMG_00300	0
FFEFCCMG_00301	4
FFEFCCMG_00302	0
FFEFCCMG_00303	0
FFEFCCMG_00304	0
FFEFCCMG_00306	0
FFEFCCMG_00307	1
FFEFCCMG_00308	0
FFEFCCMG_00309	0
FFEFCCMG_00310	5
FFEFCCMG_00311	0
FFEFCCMG_00312	0
FFEFCCMG_00313	0
FFEFCCMG_00314	0
FFEFCCMG_00315	4
FFEFCCMG_00316	0
FFEFCCMG_00317	0
FFEFCCMG_00318	4
FFEFCCMG_00319	0
FFEFCCMG_00320	0
FFEFCCMG_00321	1
FFEFCCMG_00322	1
FFEFCCMG_00323	0
FFEFCCMG_00324	0
FFEFCCMG_00325	0
FFEFCCMG_00326	107
FFEFCCMG_00327	0
FFEFCCMG_00328	5
FFEFCCMG_00329	0
FFEFCCMG_00330	0
FFEFCCMG_00331	0
FFEFCCMG_00332	2
FFEFCCMG_00333	0
FFEFCCMG_00334	0
FFEFCCMG_00335	1
FFEFCCMG_00336	0
FFEFCCMG_00337	4
FFEFCCMG_00338	0
FFEFCCMG_00339	2
FFEFCCMG_00340	0
FFEFCCMG_00341	0
FFEFCCMG_00342	5
FFEFCCMG_00343	0
FFEFCCMG_00344	0
FFEFCCMG_00345	0
FFEFCCMG_00346	1
FFEFCCMG_00347	0
FFEFCCMG_00348	0
FFEFCCMG_00349	0
FFEFCCMG_00350	2
FFEFCCMG_00351	0
FFEFCCMG_00352	4
FFEFCCMG_00353	0
FFEFCCMG_00354	1
FFEFCCMG_00355	22
FFEFCCMG_00356	7
FFEFCCMG_00357	37
FFEFCCMG_00358	0
FFEFCCMG_00359	0
FFEFCCMG_00360	0
FFEFCCMG_00361	6
FFEFCCMG_00362	9
FFEFCCMG_00364	4
FFEFCCMG_00365	0
FFEFCCMG_00366	7
FFEFCCMG_00367	1
FFEFCCMG_00368	0
FFEFCCMG_00369	0
FFEFCCMG_00370	1
FFEFCCMG_00371	0
FFEFCCMG_00372	10
FFEFCCMG_00373	0
FFEFCCMG_00375	4
FFEFCCMG_00376	1
FFEFCCMG_00377	0
FFEFCCMG_00378	0
FFEFCCMG_00379	1
FFEFCCMG_00380	1
FFEFCCMG_00381	1
FFEFCCMG_00382	0
FFEFCCMG_00383	46
FFEFCCMG_00385	0
FFEFCCMG_00386	0
FFEFCCMG_00387	0
FFEFCCMG_00388	0
FFEFCCMG_00389	0
FFEFCCMG_00390	0
FFEFCCMG_00391	0
FFEFCCMG_00392	0
FFEFCCMG_00393	0
FFEFCCMG_00394	1
FFEFCCMG_00395	0
FFEFCCMG_00396	2
FFEFCCMG_00397	0
FFEFCCMG_00398	5
FFEFCCMG_00399	1
FFEFCCMG_00400	5
FFEFCCMG_00401	3
FFEFCCMG_00402	1
FFEFCCMG_00403	18
FFEFCCMG_00404	18
FFEFCCMG_00405	14
FFEFCCMG_00406	0
FFEFCCMG_00407	0
FFEFCCMG_00408	0
FFEFCCMG_00409	0
FFEFCCMG_00410	0
FFEFCCMG_00411	3
FFEFCCMG_00412	4
FFEFCCMG_00413	2
FFEFCCMG_00414	0
FFEFCCMG_00415	7
FFEFCCMG_00416	0
FFEFCCMG_00417	2
FFEFCCMG_00418	2
FFEFCCMG_00419	1
FFEFCCMG_00420	49
FFEFCCMG_00421	2
FFEFCCMG_00422	0
FFEFCCMG_00423	0
FFEFCCMG_00424	2
FFEFCCMG_00425	0
FFEFCCMG_00427	0
FFEFCCMG_00428	0
FFEFCCMG_00429	0
FFEFCCMG_00431	0
FFEFCCMG_00432	0
FFEFCCMG_00433	1
FFEFCCMG_00434	0
FFEFCCMG_00435	0
FFEFCCMG_00436	3
FFEFCCMG_00437	3
FFEFCCMG_00438	0
FFEFCCMG_00439	3
FFEFCCMG_00440	0
FFEFCCMG_00441	0
FFEFCCMG_00442	0
FFEFCCMG_00443	0
FFEFCCMG_00444	0
FFEFCCMG_00445	0
FFEFCCMG_00446	0
FFEFCCMG_00447	0
FFEFCCMG_00448	0
FFEFCCMG_00449	0
FFEFCCMG_00450	0
FFEFCCMG_00451	0
FFEFCCMG_00452	0
FFEFCCMG_00453	0
FFEFCCMG_00454	0
FFEFCCMG_00456	0
FFEFCCMG_00457	0
FFEFCCMG_00458	3
FFEFCCMG_00460	0
FFEFCCMG_00461	1
FFEFCCMG_00463	54
FFEFCCMG_00464	0
FFEFCCMG_00465	2
FFEFCCMG_00466	0
FFEFCCMG_00467	1
FFEFCCMG_00468	0
FFEFCCMG_00469	0
FFEFCCMG_00470	0
FFEFCCMG_00471	0
FFEFCCMG_00472	0
FFEFCCMG_00473	0
FFEFCCMG_00474	2
FFEFCCMG_00475	0
FFEFCCMG_00476	0
FFEFCCMG_00477	0
FFEFCCMG_00478	0
FFEFCCMG_00479	0
FFEFCCMG_00480	0
FFEFCCMG_00481	11
FFEFCCMG_00482	11
FFEFCCMG_00483	2
FFEFCCMG_00484	1
FFEFCCMG_00485	0
FFEFCCMG_00486	5
FFEFCCMG_00487	1
FFEFCCMG_00488	1
FFEFCCMG_00489	6
FFEFCCMG_00490	2
FFEFCCMG_00491	3
FFEFCCMG_00492	3
FFEFCCMG_00493	3
FFEFCCMG_00494	6
FFEFCCMG_00495	0
FFEFCCMG_00496	1
FFEFCCMG_00497	0
FFEFCCMG_00498	8
FFEFCCMG_00499	2
FFEFCCMG_00500	5
FFEFCCMG_00501	0
FFEFCCMG_00502	0
FFEFCCMG_00503	2
FFEFCCMG_00504	5
FFEFCCMG_00505	1
FFEFCCMG_00506	3
FFEFCCMG_00507	2
FFEFCCMG_00508	0
FFEFCCMG_00509	0
FFEFCCMG_00510	3
FFEFCCMG_00511	0
FFEFCCMG_00512	0
FFEFCCMG_00513	0
FFEFCCMG_00514	3
FFEFCCMG_00515	0
FFEFCCMG_00516	6
FFEFCCMG_00517	2
FFEFCCMG_00518	0
FFEFCCMG_00519	0
FFEFCCMG_00520	0
FFEFCCMG_00521	0
FFEFCCMG_00522	0
FFEFCCMG_00523	0
FFEFCCMG_00524	0
FFEFCCMG_00525	1
FFEFCCMG_00526	0
FFEFCCMG_00527	0
FFEFCCMG_00528	0
FFEFCCMG_00529	0
FFEFCCMG_00530	61
FFEFCCMG_00531	4
FFEFCCMG_00532	2
FFEFCCMG_00533	0
FFEFCCMG_00534	0
FFEFCCMG_00535	2
FFEFCCMG_00536	2
FFEFCCMG_00537	0
FFEFCCMG_00538	0
FFEFCCMG_00539	0
FFEFCCMG_00540	0
FFEFCCMG_00542	3
FFEFCCMG_00543	0
FFEFCCMG_00544	0
FFEFCCMG_00545	0
FFEFCCMG_00546	1
FFEFCCMG_00547	0
FFEFCCMG_00548	0
FFEFCCMG_00549	4
FFEFCCMG_00550	1
FFEFCCMG_00551	0
FFEFCCMG_00552	0
FFEFCCMG_00553	0
FFEFCCMG_00554	0
FFEFCCMG_00555	14
FFEFCCMG_00558	0
FFEFCCMG_00559	0
FFEFCCMG_00560	0
FFEFCCMG_00561	0
FFEFCCMG_00562	0
FFEFCCMG_00563	0
FFEFCCMG_00564	0
FFEFCCMG_00565	0
FFEFCCMG_00566	4
FFEFCCMG_00567	1
FFEFCCMG_00568	1
FFEFCCMG_00569	6
FFEFCCMG_00570	0
FFEFCCMG_00571	3
FFEFCCMG_00572	0
FFEFCCMG_00573	3
FFEFCCMG_00574	0
FFEFCCMG_00575	0
FFEFCCMG_00576	8
FFEFCCMG_00577	0
FFEFCCMG_00578	1
FFEFCCMG_00579	0
FFEFCCMG_00580	0
FFEFCCMG_00581	1
FFEFCCMG_00582	7
FFEFCCMG_00583	13
FFEFCCMG_00585	0
FFEFCCMG_00586	0
FFEFCCMG_00587	0
FFEFCCMG_00588	2
FFEFCCMG_00589	0
FFEFCCMG_00590	7
FFEFCCMG_00591	0
FFEFCCMG_00592	0
FFEFCCMG_00593	0
FFEFCCMG_00594	3
FFEFCCMG_00595	0
FFEFCCMG_00596	5
FFEFCCMG_00597	0
FFEFCCMG_00598	0
FFEFCCMG_00599	0
FFEFCCMG_00600	0
FFEFCCMG_00601	0
FFEFCCMG_00602	0
FFEFCCMG_00603	0
FFEFCCMG_00604	0
FFEFCCMG_00605	2
FFEFCCMG_00606	8
FFEFCCMG_00607	0
FFEFCCMG_00608	0
FFEFCCMG_00609	0
FFEFCCMG_00610	0
FFEFCCMG_00611	0
FFEFCCMG_00612	0
FFEFCCMG_00613	0
FFEFCCMG_00614	0
FFEFCCMG_00615	0
FFEFCCMG_00616	0
FFEFCCMG_00617	3
FFEFCCMG_00618	14
FFEFCCMG_00619	0
FFEFCCMG_00620	1
FFEFCCMG_00621	0
FFEFCCMG_00622	0
FFEFCCMG_00623	0
FFEFCCMG_00624	2
FFEFCCMG_00625	2
FFEFCCMG_00626	0
FFEFCCMG_00627	0
FFEFCCMG_00628	1
FFEFCCMG_00629	0
FFEFCCMG_00630	2
FFEFCCMG_00631	0
FFEFCCMG_00632	0
FFEFCCMG_00633	0
FFEFCCMG_00634	0
FFEFCCMG_00635	1
FFEFCCMG_00636	0
FFEFCCMG_00637	0
FFEFCCMG_00638	0
FFEFCCMG_00639	0
FFEFCCMG_00640	0
FFEFCCMG_00641	1
FFEFCCMG_00642	1
FFEFCCMG_00643	4
FFEFCCMG_00644	1
FFEFCCMG_00645	0
FFEFCCMG_00646	2
FFEFCCMG_00648	3
FFEFCCMG_00649	0
FFEFCCMG_00650	0
FFEFCCMG_00651	0
FFEFCCMG_00652	0
FFEFCCMG_00653	1
FFEFCCMG_00654	0
FFEFCCMG_00655	0
FFEFCCMG_00656	2
FFEFCCMG_00657	0
FFEFCCMG_00658	0
FFEFCCMG_00659	0
FFEFCCMG_00660	0
FFEFCCMG_00661	1
FFEFCCMG_00662	0
FFEFCCMG_00663	0
FFEFCCMG_00664	0
FFEFCCMG_00665	0
FFEFCCMG_00666	2
FFEFCCMG_00667	4
FFEFCCMG_00668	12
FFEFCCMG_00669	0
FFEFCCMG_00670	3
FFEFCCMG_00671	4
FFEFCCMG_00672	0
FFEFCCMG_00673	4
FFEFCCMG_00674	4
FFEFCCMG_00675	0
FFEFCCMG_00676	0
FFEFCCMG_00677	0
FFEFCCMG_00678	0
FFEFCCMG_00679	0
FFEFCCMG_00680	1
FFEFCCMG_00681	0
FFEFCCMG_00682	0
FFEFCCMG_00683	0
FFEFCCMG_00684	0
FFEFCCMG_00685	1
FFEFCCMG_00686	3
FFEFCCMG_00687	0
FFEFCCMG_00688	0
FFEFCCMG_00689	1
FFEFCCMG_00690	1
FFEFCCMG_00691	0
FFEFCCMG_00692	1
FFEFCCMG_00693	0
FFEFCCMG_00694	3
FFEFCCMG_00695	0
FFEFCCMG_00696	0
FFEFCCMG_00697	0
FFEFCCMG_00698	0
FFEFCCMG_00699	7
FFEFCCMG_00700	0
FFEFCCMG_00701	0
FFEFCCMG_00702	1
FFEFCCMG_00703	0
FFEFCCMG_00704	0
FFEFCCMG_00705	2
FFEFCCMG_00706	0
FFEFCCMG_00707	1
FFEFCCMG_00708	0
FFEFCCMG_00709	0
FFEFCCMG_00710	2
FFEFCCMG_00711	2
FFEFCCMG_00712	0
FFEFCCMG_00713	0
FFEFCCMG_00714	0
FFEFCCMG_00715	2
FFEFCCMG_00716	0
FFEFCCMG_00717	0
FFEFCCMG_00718	0
FFEFCCMG_00719	9
FFEFCCMG_00720	38
FFEFCCMG_00721	0
FFEFCCMG_00722	0
FFEFCCMG_00723	0
FFEFCCMG_00724	1
FFEFCCMG_00725	3
FFEFCCMG_00726	2
FFEFCCMG_00727	3
FFEFCCMG_00728	0
FFEFCCMG_00729	2
FFEFCCMG_00730	0
FFEFCCMG_00731	0
FFEFCCMG_00732	1
FFEFCCMG_00733	0
FFEFCCMG_00734	0
FFEFCCMG_00735	6
FFEFCCMG_00736	15
FFEFCCMG_00737	0
FFEFCCMG_00738	7
FFEFCCMG_00739	0
FFEFCCMG_00741	0
FFEFCCMG_00742	0
FFEFCCMG_00743	0
FFEFCCMG_00744	0
FFEFCCMG_00745	0
FFEFCCMG_00746	0
FFEFCCMG_00747	1
FFEFCCMG_00748	1
FFEFCCMG_00749	0
FFEFCCMG_00750	0
FFEFCCMG_00751	0
FFEFCCMG_00752	0
FFEFCCMG_00753	0
FFEFCCMG_00754	2
FFEFCCMG_00755	25
FFEFCCMG_00756	0
FFEFCCMG_00757	0
FFEFCCMG_00758	0
FFEFCCMG_00759	0
FFEFCCMG_00760	0
FFEFCCMG_00761	0
FFEFCCMG_00762	0
FFEFCCMG_00763	0
FFEFCCMG_00764	0
FFEFCCMG_00765	21
FFEFCCMG_00766	19
FFEFCCMG_00767	0
FFEFCCMG_00768	4
FFEFCCMG_00769	1
FFEFCCMG_00771	3
FFEFCCMG_00772	0
FFEFCCMG_00773	0
FFEFCCMG_00774	0
FFEFCCMG_00775	0
FFEFCCMG_00776	1
FFEFCCMG_00778	3
FFEFCCMG_00779	0
FFEFCCMG_00780	0
FFEFCCMG_00781	0
FFEFCCMG_00782	0
FFEFCCMG_00783	0
FFEFCCMG_00784	0
FFEFCCMG_00785	1
FFEFCCMG_00786	2
FFEFCCMG_00787	0
FFEFCCMG_00789	0
FFEFCCMG_00790	0
FFEFCCMG_00791	0
FFEFCCMG_00792	1
FFEFCCMG_00793	17
FFEFCCMG_00794	0
FFEFCCMG_00795	8
FFEFCCMG_00796	0
FFEFCCMG_00797	0
FFEFCCMG_00798	2
FFEFCCMG_00799	0
FFEFCCMG_00800	0
FFEFCCMG_00801	0
FFEFCCMG_00802	0
FFEFCCMG_00803	0
FFEFCCMG_00804	0
FFEFCCMG_00805	0
FFEFCCMG_00806	3
FFEFCCMG_00807	1
FFEFCCMG_00808	0
FFEFCCMG_00809	1
FFEFCCMG_00810	0
FFEFCCMG_00811	0
FFEFCCMG_00812	8
FFEFCCMG_00813	0
FFEFCCMG_00814	0
FFEFCCMG_00815	1
FFEFCCMG_00816	0
FFEFCCMG_00817	0
FFEFCCMG_00818	0
FFEFCCMG_00819	0
FFEFCCMG_00820	5
FFEFCCMG_00821	0
FFEFCCMG_00822	0
FFEFCCMG_00823	0
FFEFCCMG_00824	1
FFEFCCMG_00825	0
FFEFCCMG_00826	0
FFEFCCMG_00827	0
FFEFCCMG_00828	0
FFEFCCMG_00829	0
FFEFCCMG_00830	0
FFEFCCMG_00831	0
FFEFCCMG_00832	0
FFEFCCMG_00833	0
FFEFCCMG_00834	4
FFEFCCMG_00835	0
FFEFCCMG_00836	1
FFEFCCMG_00837	0
FFEFCCMG_00838	0
FFEFCCMG_00839	0
FFEFCCMG_00840	1
FFEFCCMG_00841	0
FFEFCCMG_00842	0
FFEFCCMG_00843	12
FFEFCCMG_00844	0
FFEFCCMG_00845	0
FFEFCCMG_00846	0
FFEFCCMG_00847	0
FFEFCCMG_00848	0
FFEFCCMG_00849	2
FFEFCCMG_00850	0
FFEFCCMG_00851	7
FFEFCCMG_00852	0
FFEFCCMG_00853	0
FFEFCCMG_00854	0
FFEFCCMG_00855	0
FFEFCCMG_00856	0
FFEFCCMG_00857	0
FFEFCCMG_00858	0
FFEFCCMG_00859	1
FFEFCCMG_00860	3
FFEFCCMG_00861	0
FFEFCCMG_00862	0
FFEFCCMG_00863	0
FFEFCCMG_00864	0
FFEFCCMG_00865	0
FFEFCCMG_00866	0
FFEFCCMG_00867	0
FFEFCCMG_00868	1
FFEFCCMG_00869	2
FFEFCCMG_00870	0
FFEFCCMG_00871	0
FFEFCCMG_00872	0
FFEFCCMG_00873	0
FFEFCCMG_00874	0
FFEFCCMG_00875	0
FFEFCCMG_00876	0
FFEFCCMG_00877	4
FFEFCCMG_00878	0
FFEFCCMG_00880	0
FFEFCCMG_00881	0
FFEFCCMG_00882	0
FFEFCCMG_00883	1
FFEFCCMG_00884	0
FFEFCCMG_00885	0
FFEFCCMG_00886	0
FFEFCCMG_00887	1
FFEFCCMG_00888	0
FFEFCCMG_00889	3
FFEFCCMG_00890	0
FFEFCCMG_00891	0
FFEFCCMG_00892	0
FFEFCCMG_00893	2
FFEFCCMG_00894	0
FFEFCCMG_00895	0
FFEFCCMG_00896	0
FFEFCCMG_00897	0
FFEFCCMG_00898	3
FFEFCCMG_00899	0
FFEFCCMG_00900	0
FFEFCCMG_00901	0
FFEFCCMG_00902	0
FFEFCCMG_00903	2
FFEFCCMG_00904	87
FFEFCCMG_00905	0
FFEFCCMG_00906	1
FFEFCCMG_00907	8
FFEFCCMG_00908	0
FFEFCCMG_00909	0
FFEFCCMG_00910	0
FFEFCCMG_00911	0
FFEFCCMG_00912	0
FFEFCCMG_00913	0
FFEFCCMG_00914	0
FFEFCCMG_00916	0
FFEFCCMG_00917	4
FFEFCCMG_00918	9
FFEFCCMG_00919	2
FFEFCCMG_00920	0
FFEFCCMG_00921	46
FFEFCCMG_00922	2
FFEFCCMG_00923	0
FFEFCCMG_00924	2
FFEFCCMG_00925	5
FFEFCCMG_00926	0
FFEFCCMG_00927	0
FFEFCCMG_00928	0
FFEFCCMG_00929	0
FFEFCCMG_00931	6
FFEFCCMG_00932	3
FFEFCCMG_00933	1
FFEFCCMG_00934	0
FFEFCCMG_00935	1
FFEFCCMG_00936	2
FFEFCCMG_00937	0
FFEFCCMG_00938	0
FFEFCCMG_00939	4
FFEFCCMG_00940	0
FFEFCCMG_00941	0
FFEFCCMG_00942	0
FFEFCCMG_00943	1
FFEFCCMG_00944	1
FFEFCCMG_00945	13
FFEFCCMG_00946	4
FFEFCCMG_00947	3
FFEFCCMG_00948	1
FFEFCCMG_00949	2
FFEFCCMG_00950	0
FFEFCCMG_00951	0
FFEFCCMG_00952	0
FFEFCCMG_00953	0
FFEFCCMG_00954	0
FFEFCCMG_00955	10
FFEFCCMG_00956	0
FFEFCCMG_00957	0
FFEFCCMG_00958	0
FFEFCCMG_00959	2
FFEFCCMG_00960	0
FFEFCCMG_00961	0
FFEFCCMG_00962	4
FFEFCCMG_00963	0
FFEFCCMG_00964	0
FFEFCCMG_00965	2
FFEFCCMG_00966	22
FFEFCCMG_00967	4
FFEFCCMG_00968	2
FFEFCCMG_00969	0
FFEFCCMG_00970	0
FFEFCCMG_00971	0
FFEFCCMG_00972	0
FFEFCCMG_00973	0
FFEFCCMG_00974	0
FFEFCCMG_00975	0
FFEFCCMG_00976	0
FFEFCCMG_00977	0
FFEFCCMG_00978	6
FFEFCCMG_00979	0
FFEFCCMG_00980	6
FFEFCCMG_00981	0
FFEFCCMG_00982	3
FFEFCCMG_00983	15
FFEFCCMG_00984	9
FFEFCCMG_00985	7
FFEFCCMG_00986	0
FFEFCCMG_00987	0
FFEFCCMG_00988	0
FFEFCCMG_00989	2
FFEFCCMG_00990	0
FFEFCCMG_00991	0
FFEFCCMG_00992	1
FFEFCCMG_00993	2
FFEFCCMG_00994	0
FFEFCCMG_00995	0
FFEFCCMG_00996	6
FFEFCCMG_00997	0
FFEFCCMG_00998	0
FFEFCCMG_00999	0
FFEFCCMG_01000	0
FFEFCCMG_01002	7
FFEFCCMG_01003	3
FFEFCCMG_01004	0
FFEFCCMG_01005	2
FFEFCCMG_01006	3
FFEFCCMG_01007	0
FFEFCCMG_01008	0
FFEFCCMG_01009	0
FFEFCCMG_01010	1
FFEFCCMG_01011	0
FFEFCCMG_01012	0
FFEFCCMG_01013	0
FFEFCCMG_01014	1
FFEFCCMG_01015	0
FFEFCCMG_01016	0
FFEFCCMG_01017	0
FFEFCCMG_01018	5
FFEFCCMG_01019	0
FFEFCCMG_01020	0
FFEFCCMG_01021	0
FFEFCCMG_01022	0
FFEFCCMG_01023	0
FFEFCCMG_01024	0
FFEFCCMG_01025	0
FFEFCCMG_01026	1
FFEFCCMG_01027	0
FFEFCCMG_01028	0
FFEFCCMG_01029	0
FFEFCCMG_01030	0
FFEFCCMG_01031	10
FFEFCCMG_01032	0
FFEFCCMG_01033	0
FFEFCCMG_01034	0
FFEFCCMG_01035	3
FFEFCCMG_01036	1
FFEFCCMG_01037	0
FFEFCCMG_01038	0
FFEFCCMG_01039	0
FFEFCCMG_01040	0
FFEFCCMG_01041	0
FFEFCCMG_01042	0
FFEFCCMG_01043	0
FFEFCCMG_01044	0
FFEFCCMG_01045	0
FFEFCCMG_01046	0
FFEFCCMG_01047	2
FFEFCCMG_01048	0
FFEFCCMG_01049	1
FFEFCCMG_01050	0
FFEFCCMG_01051	0
FFEFCCMG_01052	0
FFEFCCMG_01053	1
FFEFCCMG_01054	0
FFEFCCMG_01055	0
FFEFCCMG_01056	2
FFEFCCMG_01057	7
FFEFCCMG_01059	0
FFEFCCMG_01060	0
FFEFCCMG_01061	0
FFEFCCMG_01062	0
FFEFCCMG_01063	0
FFEFCCMG_01064	0
FFEFCCMG_01065	0
FFEFCCMG_01066	0
FFEFCCMG_01067	1
FFEFCCMG_01068	13
FFEFCCMG_01069	0
FFEFCCMG_01070	8
FFEFCCMG_01071	3
FFEFCCMG_01072	0
FFEFCCMG_01073	2
FFEFCCMG_01074	2
FFEFCCMG_01075	1
FFEFCCMG_01076	0
FFEFCCMG_01077	3
FFEFCCMG_01079	0
FFEFCCMG_01080	4
FFEFCCMG_01081	0
FFEFCCMG_01082	0
FFEFCCMG_01083	0
FFEFCCMG_01084	0
FFEFCCMG_01085	0
FFEFCCMG_01086	1
FFEFCCMG_01087	0
FFEFCCMG_01089	1
FFEFCCMG_01090	0
FFEFCCMG_01091	0
FFEFCCMG_01092	17
FFEFCCMG_01093	0
FFEFCCMG_01094	0
FFEFCCMG_01095	0
FFEFCCMG_01096	0
FFEFCCMG_01097	3
FFEFCCMG_01098	1
FFEFCCMG_01099	46
FFEFCCMG_01100	0
FFEFCCMG_01101	0
FFEFCCMG_01102	0
FFEFCCMG_01103	5
FFEFCCMG_01104	7
FFEFCCMG_01105	0
FFEFCCMG_01106	0
FFEFCCMG_01107	7
FFEFCCMG_01108	4
FFEFCCMG_01109	1
FFEFCCMG_01110	8
FFEFCCMG_01111	1
FFEFCCMG_01112	1
FFEFCCMG_01113	5
FFEFCCMG_01114	0
FFEFCCMG_01115	0
FFEFCCMG_01116	0
FFEFCCMG_01117	4
FFEFCCMG_01118	0
FFEFCCMG_01119	8
FFEFCCMG_01120	0
FFEFCCMG_01121	0
FFEFCCMG_01122	2
FFEFCCMG_01123	0
FFEFCCMG_01124	0
FFEFCCMG_01125	4
FFEFCCMG_01126	1
FFEFCCMG_01127	2
FFEFCCMG_01129	0
FFEFCCMG_01130	9
FFEFCCMG_01131	0
FFEFCCMG_01132	1
FFEFCCMG_01133	0
FFEFCCMG_01134	0
FFEFCCMG_01135	0
FFEFCCMG_01136	0
FFEFCCMG_01137	0
FFEFCCMG_01138	3
FFEFCCMG_01139	4
FFEFCCMG_01140	1
FFEFCCMG_01141	1
FFEFCCMG_01142	0
FFEFCCMG_01143	0
FFEFCCMG_01144	0
FFEFCCMG_01145	0
FFEFCCMG_01146	1
FFEFCCMG_01147	0
FFEFCCMG_01148	0
FFEFCCMG_01149	0
FFEFCCMG_01150	0
FFEFCCMG_01151	3
FFEFCCMG_01152	0
FFEFCCMG_01153	0
FFEFCCMG_01154	0
FFEFCCMG_01155	0
FFEFCCMG_01156	0
FFEFCCMG_01157	2
FFEFCCMG_01158	0
FFEFCCMG_01159	0
FFEFCCMG_01160	0
FFEFCCMG_01161	0
FFEFCCMG_01162	0
FFEFCCMG_01163	0
FFEFCCMG_01164	8
FFEFCCMG_01165	0
FFEFCCMG_01166	1
FFEFCCMG_01167	0
FFEFCCMG_01168	0
FFEFCCMG_01169	0
FFEFCCMG_01170	0
FFEFCCMG_01171	0
FFEFCCMG_01172	0
FFEFCCMG_01173	0
FFEFCCMG_01174	1
FFEFCCMG_01175	0
FFEFCCMG_01176	0
FFEFCCMG_01177	0
FFEFCCMG_01178	0
FFEFCCMG_01179	0
FFEFCCMG_01180	0
FFEFCCMG_01181	0
FFEFCCMG_01182	5
FFEFCCMG_01183	0
FFEFCCMG_01184	0
FFEFCCMG_01185	0
FFEFCCMG_01186	0
FFEFCCMG_01187	0
FFEFCCMG_01188	0
FFEFCCMG_01189	0
FFEFCCMG_01190	0
FFEFCCMG_01191	0
FFEFCCMG_01192	2
FFEFCCMG_01193	0
FFEFCCMG_01194	4
FFEFCCMG_01195	0
FFEFCCMG_01196	0
FFEFCCMG_01197	0
FFEFCCMG_01198	0
FFEFCCMG_01199	2
FFEFCCMG_01200	0
FFEFCCMG_01201	0
FFEFCCMG_01202	0
FFEFCCMG_01203	0
FFEFCCMG_01205	2
FFEFCCMG_01206	0
FFEFCCMG_01207	0
FFEFCCMG_01208	0
FFEFCCMG_01209	0
FFEFCCMG_01211	4
FFEFCCMG_01212	0
FFEFCCMG_01213	0
FFEFCCMG_01214	13
FFEFCCMG_01215	0
FFEFCCMG_01216	0
FFEFCCMG_01217	0
FFEFCCMG_01218	0
FFEFCCMG_01219	0
FFEFCCMG_01220	0
FFEFCCMG_01221	0
FFEFCCMG_01222	6
FFEFCCMG_01223	0
FFEFCCMG_01224	0
__no_feature	309
__ambiguous	172
__too_low_aQual	243
__not_aligned	729785
__alignment_not_unique	0
